This file contains any messages produced by compilers while
running configure, to aid debugging if configure makes a mistake.

It was created by Tsc Core configure 0.15.2, which was
generated by GNU Autoconf 2.69.  Invocation command line was

  $ ./configure 

## --------- ##
## Platform. ##
## --------- ##

hostname = 192-168-13-3
uname -m = x86_64
uname -r = 4.4.0-159-generic
uname -s = Linux
uname -v = #187-Ubuntu SMP Thu Aug 1 16:28:06 UTC 2019

/usr/bin/uname -p = unknown
/bin/uname -X     = unknown

/bin/arch              = unknown
/usr/bin/arch -k       = unknown
/usr/convex/getsysinfo = unknown
/usr/bin/hostinfo      = unknown
/bin/machine           = unknown
/usr/bin/oslevel       = unknown
/bin/universe          = unknown

PATH: /usr/local/sbin
PATH: /usr/local/bin
PATH: /usr/sbin
PATH: /usr/bin
PATH: /sbin
PATH: /bin
PATH: /usr/games
PATH: /usr/local/games
PATH: /snap/bin
PATH: /root/.cargo/bin


## ----------- ##
## Core tests. ##
## ----------- ##

configure:3029: checking build system type
configure:3043: result: x86_64-pc-linux-gnu
configure:3063: checking host system type
configure:3076: result: x86_64-pc-linux-gnu
configure:3119: checking for a BSD-compatible install
configure:3187: result: /usr/bin/install -c
configure:3198: checking whether build environment is sane
configure:3253: result: yes
configure:3404: checking for a thread-safe mkdir -p
configure:3443: result: /bin/mkdir -p
configure:3450: checking for gawk
configure:3466: found /usr/bin/gawk
configure:3477: result: gawk
configure:3488: checking whether make sets $(MAKE)
configure:3510: result: yes
configure:3539: checking whether make supports nested variables
configure:3556: result: yes
configure:3675: checking whether to enable maintainer-specific portions of Makefiles
configure:3684: result: yes
configure:3709: checking whether make supports nested variables
configure:3726: result: yes
configure:3801: checking for g++
configure:3817: found /usr/bin/g++
configure:3828: result: g++
configure:3855: checking for C++ compiler version
configure:3864: g++ --version >&5
g++ (Ubuntu 5.4.0-6ubuntu1~16.04.11) 5.4.0 20160609
Copyright (C) 2015 Free Software Foundation, Inc.
This is free software; see the source for copying conditions.  There is NO
warranty; not even for MERCHANTABILITY or FITNESS FOR A PARTICULAR PURPOSE.

configure:3875: $? = 0
configure:3864: g++ -v >&5
Using built-in specs.
COLLECT_GCC=g++
COLLECT_LTO_WRAPPER=/usr/lib/gcc/x86_64-linux-gnu/5/lto-wrapper
Target: x86_64-linux-gnu
Configured with: ../src/configure -v --with-pkgversion='Ubuntu 5.4.0-6ubuntu1~16.04.11' --with-bugurl=file:///usr/share/doc/gcc-5/README.Bugs --enable-languages=c,ada,c++,java,go,d,fortran,objc,obj-c++ --prefix=/usr --program-suffix=-5 --enable-shared --enable-linker-build-id --libexecdir=/usr/lib --without-included-gettext --enable-threads=posix --libdir=/usr/lib --enable-nls --with-sysroot=/ --enable-clocale=gnu --enable-libstdcxx-debug --enable-libstdcxx-time=yes --with-default-libstdcxx-abi=new --enable-gnu-unique-object --disable-vtable-verify --enable-libmpx --enable-plugin --with-system-zlib --disable-browser-plugin --enable-java-awt=gtk --enable-gtk-cairo --with-java-home=/usr/lib/jvm/java-1.5.0-gcj-5-amd64/jre --enable-java-home --with-jvm-root-dir=/usr/lib/jvm/java-1.5.0-gcj-5-amd64 --with-jvm-jar-dir=/usr/lib/jvm-exports/java-1.5.0-gcj-5-amd64 --with-arch-directory=amd64 --with-ecj-jar=/usr/share/java/eclipse-ecj.jar --enable-objc-gc --enable-multiarch --disable-werror --with-arch-32=i686 --with-abi=m64 --with-multilib-list=m32,m64,mx32 --enable-multilib --with-tune=generic --enable-checking=release --build=x86_64-linux-gnu --host=x86_64-linux-gnu --target=x86_64-linux-gnu
Thread model: posix
gcc version 5.4.0 20160609 (Ubuntu 5.4.0-6ubuntu1~16.04.11) 
configure:3875: $? = 0
configure:3864: g++ -V >&5
g++: error: unrecognized command line option '-V'
g++: fatal error: no input files
compilation terminated.
configure:3875: $? = 1
configure:3864: g++ -qversion >&5
g++: error: unrecognized command line option '-qversion'
g++: fatal error: no input files
compilation terminated.
configure:3875: $? = 1
configure:3895: checking whether the C++ compiler works
configure:3917: g++    conftest.cpp  >&5
configure:3921: $? = 0
configure:3969: result: yes
configure:3972: checking for C++ compiler default output file name
configure:3974: result: a.out
configure:3980: checking for suffix of executables
configure:3987: g++ -o conftest    conftest.cpp  >&5
configure:3991: $? = 0
configure:4013: result: 
configure:4035: checking whether we are cross compiling
configure:4043: g++ -o conftest    conftest.cpp  >&5
configure:4047: $? = 0
configure:4054: ./conftest
configure:4058: $? = 0
configure:4073: result: no
configure:4078: checking for suffix of object files
configure:4100: g++ -c   conftest.cpp >&5
configure:4104: $? = 0
configure:4125: result: o
configure:4129: checking whether we are using the GNU C++ compiler
configure:4148: g++ -c   conftest.cpp >&5
configure:4148: $? = 0
configure:4157: result: yes
configure:4166: checking whether g++ accepts -g
configure:4186: g++ -c -g  conftest.cpp >&5
configure:4186: $? = 0
configure:4227: result: yes
configure:4261: checking for style of include used by make
configure:4289: result: GNU
configure:4315: checking dependency style of g++
configure:4426: result: gcc3
configure:4466: checking whether g++ supports C++11 features with -std=c++11
configure:4762: g++ -std=c++11 -c -g -O2  conftest.cpp >&5
configure:4762: $? = 0
configure:4771: result: yes
configure:4815: checking whether std::atomic can be used without link library
configure:4833: g++ -std=c++11 -o conftest -g -O2   conftest.cpp  >&5
configure:4833: $? = 0
configure:4835: result: yes
configure:5000: checking for Objective C++ compiler version
configure:5009: g++ -std=c++11 --version >&5
g++ (Ubuntu 5.4.0-6ubuntu1~16.04.11) 5.4.0 20160609
Copyright (C) 2015 Free Software Foundation, Inc.
This is free software; see the source for copying conditions.  There is NO
warranty; not even for MERCHANTABILITY or FITNESS FOR A PARTICULAR PURPOSE.

configure:5020: $? = 0
configure:5009: g++ -std=c++11 -v >&5
Using built-in specs.
COLLECT_GCC=g++
COLLECT_LTO_WRAPPER=/usr/lib/gcc/x86_64-linux-gnu/5/lto-wrapper
Target: x86_64-linux-gnu
Configured with: ../src/configure -v --with-pkgversion='Ubuntu 5.4.0-6ubuntu1~16.04.11' --with-bugurl=file:///usr/share/doc/gcc-5/README.Bugs --enable-languages=c,ada,c++,java,go,d,fortran,objc,obj-c++ --prefix=/usr --program-suffix=-5 --enable-shared --enable-linker-build-id --libexecdir=/usr/lib --without-included-gettext --enable-threads=posix --libdir=/usr/lib --enable-nls --with-sysroot=/ --enable-clocale=gnu --enable-libstdcxx-debug --enable-libstdcxx-time=yes --with-default-libstdcxx-abi=new --enable-gnu-unique-object --disable-vtable-verify --enable-libmpx --enable-plugin --with-system-zlib --disable-browser-plugin --enable-java-awt=gtk --enable-gtk-cairo --with-java-home=/usr/lib/jvm/java-1.5.0-gcj-5-amd64/jre --enable-java-home --with-jvm-root-dir=/usr/lib/jvm/java-1.5.0-gcj-5-amd64 --with-jvm-jar-dir=/usr/lib/jvm-exports/java-1.5.0-gcj-5-amd64 --with-arch-directory=amd64 --with-ecj-jar=/usr/share/java/eclipse-ecj.jar --enable-objc-gc --enable-multiarch --disable-werror --with-arch-32=i686 --with-abi=m64 --with-multilib-list=m32,m64,mx32 --enable-multilib --with-tune=generic --enable-checking=release --build=x86_64-linux-gnu --host=x86_64-linux-gnu --target=x86_64-linux-gnu
Thread model: posix
gcc version 5.4.0 20160609 (Ubuntu 5.4.0-6ubuntu1~16.04.11) 
configure:5020: $? = 0
configure:5009: g++ -std=c++11 -V >&5
g++: error: unrecognized command line option '-V'
g++: fatal error: no input files
compilation terminated.
configure:5020: $? = 1
configure:5009: g++ -std=c++11 -qversion >&5
g++: error: unrecognized command line option '-qversion'
g++: fatal error: no input files
compilation terminated.
configure:5020: $? = 1
configure:5024: checking whether we are using the GNU Objective C++ compiler
configure:5043: g++ -std=c++11 -c   conftest.mm >&5
g++: error trying to exec 'cc1objplus': execvp: No such file or directory
configure:5043: $? = 1
configure: failed program was:
| /* confdefs.h */
| #define PACKAGE_NAME "Tsc Core"
| #define PACKAGE_TARNAME "tsc"
| #define PACKAGE_VERSION "0.15.2"
| #define PACKAGE_STRING "Tsc Core 0.15.2"
| #define PACKAGE_BUGREPORT "https://github.com/tscproject/tsc/issues"
| #define PACKAGE_URL "https://tsc.org/"
| #define HAVE_CXX11 1
| /* end confdefs.h.  */
| 
| int
| main ()
| {
| #ifndef __GNUC__
|        choke me
| #endif
| 
|   ;
|   return 0;
| }
configure:5052: result: no
configure:5061: checking whether g++ -std=c++11 accepts -g
configure:5081: g++ -std=c++11 -c -g  conftest.mm >&5
g++: error trying to exec 'cc1objplus': execvp: No such file or directory
configure:5081: $? = 1
configure: failed program was:
| /* confdefs.h */
| #define PACKAGE_NAME "Tsc Core"
| #define PACKAGE_TARNAME "tsc"
| #define PACKAGE_VERSION "0.15.2"
| #define PACKAGE_STRING "Tsc Core 0.15.2"
| #define PACKAGE_BUGREPORT "https://github.com/tscproject/tsc/issues"
| #define PACKAGE_URL "https://tsc.org/"
| #define HAVE_CXX11 1
| /* end confdefs.h.  */
| 
| int
| main ()
| {
| 
|   ;
|   return 0;
| }
configure:5096: g++ -std=c++11 -c   conftest.mm >&5
g++: error trying to exec 'cc1objplus': execvp: No such file or directory
configure:5096: $? = 1
configure: failed program was:
| /* confdefs.h */
| #define PACKAGE_NAME "Tsc Core"
| #define PACKAGE_TARNAME "tsc"
| #define PACKAGE_VERSION "0.15.2"
| #define PACKAGE_STRING "Tsc Core 0.15.2"
| #define PACKAGE_BUGREPORT "https://github.com/tscproject/tsc/issues"
| #define PACKAGE_URL "https://tsc.org/"
| #define HAVE_CXX11 1
| /* end confdefs.h.  */
| 
| int
| main ()
| {
| 
|   ;
|   return 0;
| }
configure:5112: g++ -std=c++11 -c -g  conftest.mm >&5
g++: error trying to exec 'cc1objplus': execvp: No such file or directory
configure:5112: $? = 1
configure: failed program was:
| /* confdefs.h */
| #define PACKAGE_NAME "Tsc Core"
| #define PACKAGE_TARNAME "tsc"
| #define PACKAGE_VERSION "0.15.2"
| #define PACKAGE_STRING "Tsc Core 0.15.2"
| #define PACKAGE_BUGREPORT "https://github.com/tscproject/tsc/issues"
| #define PACKAGE_URL "https://tsc.org/"
| #define HAVE_CXX11 1
| /* end confdefs.h.  */
| 
| int
| main ()
| {
| 
|   ;
|   return 0;
| }
configure:5122: result: no
configure:5147: checking dependency style of g++ -std=c++11
configure:5256: result: gcc3
configure:5319: checking how to print strings
configure:5346: result: printf
configure:5415: checking for gcc
configure:5431: found /usr/bin/gcc
configure:5442: result: gcc
configure:5671: checking for C compiler version
configure:5680: gcc --version >&5
gcc (Ubuntu 5.4.0-6ubuntu1~16.04.11) 5.4.0 20160609
Copyright (C) 2015 Free Software Foundation, Inc.
This is free software; see the source for copying conditions.  There is NO
warranty; not even for MERCHANTABILITY or FITNESS FOR A PARTICULAR PURPOSE.

configure:5691: $? = 0
configure:5680: gcc -v >&5
Using built-in specs.
COLLECT_GCC=gcc
COLLECT_LTO_WRAPPER=/usr/lib/gcc/x86_64-linux-gnu/5/lto-wrapper
Target: x86_64-linux-gnu
Configured with: ../src/configure -v --with-pkgversion='Ubuntu 5.4.0-6ubuntu1~16.04.11' --with-bugurl=file:///usr/share/doc/gcc-5/README.Bugs --enable-languages=c,ada,c++,java,go,d,fortran,objc,obj-c++ --prefix=/usr --program-suffix=-5 --enable-shared --enable-linker-build-id --libexecdir=/usr/lib --without-included-gettext --enable-threads=posix --libdir=/usr/lib --enable-nls --with-sysroot=/ --enable-clocale=gnu --enable-libstdcxx-debug --enable-libstdcxx-time=yes --with-default-libstdcxx-abi=new --enable-gnu-unique-object --disable-vtable-verify --enable-libmpx --enable-plugin --with-system-zlib --disable-browser-plugin --enable-java-awt=gtk --enable-gtk-cairo --with-java-home=/usr/lib/jvm/java-1.5.0-gcj-5-amd64/jre --enable-java-home --with-jvm-root-dir=/usr/lib/jvm/java-1.5.0-gcj-5-amd64 --with-jvm-jar-dir=/usr/lib/jvm-exports/java-1.5.0-gcj-5-amd64 --with-arch-directory=amd64 --with-ecj-jar=/usr/share/java/eclipse-ecj.jar --enable-objc-gc --enable-multiarch --disable-werror --with-arch-32=i686 --with-abi=m64 --with-multilib-list=m32,m64,mx32 --enable-multilib --with-tune=generic --enable-checking=release --build=x86_64-linux-gnu --host=x86_64-linux-gnu --target=x86_64-linux-gnu
Thread model: posix
gcc version 5.4.0 20160609 (Ubuntu 5.4.0-6ubuntu1~16.04.11) 
configure:5691: $? = 0
configure:5680: gcc -V >&5
gcc: error: unrecognized command line option '-V'
gcc: fatal error: no input files
compilation terminated.
configure:5691: $? = 1
configure:5680: gcc -qversion >&5
gcc: error: unrecognized command line option '-qversion'
gcc: fatal error: no input files
compilation terminated.
configure:5691: $? = 1
configure:5695: checking whether we are using the GNU C compiler
configure:5714: gcc -c   conftest.c >&5
configure:5714: $? = 0
configure:5723: result: yes
configure:5732: checking whether gcc accepts -g
configure:5752: gcc -c -g  conftest.c >&5
configure:5752: $? = 0
configure:5793: result: yes
configure:5810: checking for gcc option to accept ISO C89
configure:5873: gcc  -c -g -O2  conftest.c >&5
configure:5873: $? = 0
configure:5886: result: none needed
configure:5911: checking whether gcc understands -c and -o together
configure:5933: gcc -c conftest.c -o conftest2.o
configure:5936: $? = 0
configure:5933: gcc -c conftest.c -o conftest2.o
configure:5936: $? = 0
configure:5948: result: yes
configure:5967: checking dependency style of gcc
configure:6078: result: gcc3
configure:6093: checking for a sed that does not truncate output
configure:6157: result: /bin/sed
configure:6175: checking for grep that handles long lines and -e
configure:6233: result: /bin/grep
configure:6238: checking for egrep
configure:6300: result: /bin/grep -E
configure:6305: checking for fgrep
configure:6367: result: /bin/grep -F
configure:6402: checking for ld used by gcc
configure:6469: result: /usr/bin/ld
configure:6476: checking if the linker (/usr/bin/ld) is GNU ld
configure:6491: result: yes
configure:6503: checking for BSD- or MS-compatible name lister (nm)
configure:6557: result: /usr/bin/nm -B
configure:6687: checking the name lister (/usr/bin/nm -B) interface
configure:6694: gcc -c -g -O2  conftest.c >&5
configure:6697: /usr/bin/nm -B "conftest.o"
configure:6700: output
0000000000000000 B some_variable
configure:6707: result: BSD nm
configure:6710: checking whether ln -s works
configure:6714: result: yes
configure:6722: checking the maximum length of command line arguments
configure:6853: result: 1572864
configure:6901: checking how to convert x86_64-pc-linux-gnu file names to x86_64-pc-linux-gnu format
configure:6941: result: func_convert_file_noop
configure:6948: checking how to convert x86_64-pc-linux-gnu file names to toolchain format
configure:6968: result: func_convert_file_noop
configure:6975: checking for /usr/bin/ld option to reload object files
configure:6982: result: -r
configure:7056: checking for objdump
configure:7072: found /usr/bin/objdump
configure:7083: result: objdump
configure:7115: checking how to recognize dependent libraries
configure:7315: result: pass_all
configure:7400: checking for dlltool
configure:7430: result: no
configure:7460: checking how to associate runtime and link libraries
configure:7487: result: printf %s\n
configure:7548: checking for ar
configure:7564: found /usr/bin/ar
configure:7575: result: ar
configure:7612: checking for archiver @FILE support
configure:7629: gcc -c -g -O2  conftest.c >&5
configure:7629: $? = 0
configure:7632: ar cru libconftest.a @conftest.lst >&5
ar: `u' modifier ignored since `D' is the default (see `U')
configure:7635: $? = 0
configure:7640: ar cru libconftest.a @conftest.lst >&5
ar: `u' modifier ignored since `D' is the default (see `U')
ar: conftest.o: No such file or directory
configure:7643: $? = 1
configure:7655: result: @
configure:7713: checking for strip
configure:7729: found /usr/bin/strip
configure:7740: result: strip
configure:7812: checking for ranlib
configure:7828: found /usr/bin/ranlib
configure:7839: result: ranlib
configure:7941: checking command to parse /usr/bin/nm -B output from gcc object
configure:8094: gcc -c -g -O2  conftest.c >&5
configure:8097: $? = 0
configure:8101: /usr/bin/nm -B conftest.o \| sed -n -e 's/^.*[ ]\([ABCDGIRSTW][ABCDGIRSTW]*\)[ ][ ]*\([_A-Za-z][_A-Za-z0-9]*\)$/\1 \2 \2/p' | sed '/ __gnu_lto/d' \> conftest.nm
configure:8104: $? = 0
configure:8170: gcc -o conftest -g -O2   conftest.c conftstm.o >&5
configure:8173: $? = 0
configure:8211: result: ok
configure:8258: checking for sysroot
configure:8288: result: no
configure:8295: checking for a working dd
configure:8333: result: /bin/dd
configure:8337: checking how to truncate binary pipes
configure:8352: result: /bin/dd bs=4096 count=1
configure:8488: gcc -c -g -O2  conftest.c >&5
configure:8491: $? = 0
configure:8681: checking for mt
configure:8697: found /bin/mt
configure:8708: result: mt
configure:8731: checking if mt is a manifest tool
configure:8737: mt '-?'
configure:8745: result: no
configure:9422: checking how to run the C preprocessor
configure:9453: gcc -E  conftest.c
configure:9453: $? = 0
configure:9467: gcc -E  conftest.c
conftest.c:10:28: fatal error: ac_nonexistent.h: No such file or directory
compilation terminated.
configure:9467: $? = 1
configure: failed program was:
| /* confdefs.h */
| #define PACKAGE_NAME "Tsc Core"
| #define PACKAGE_TARNAME "tsc"
| #define PACKAGE_VERSION "0.15.2"
| #define PACKAGE_STRING "Tsc Core 0.15.2"
| #define PACKAGE_BUGREPORT "https://github.com/tscproject/tsc/issues"
| #define PACKAGE_URL "https://tsc.org/"
| #define HAVE_CXX11 1
| /* end confdefs.h.  */
| #include <ac_nonexistent.h>
configure:9492: result: gcc -E
configure:9512: gcc -E  conftest.c
configure:9512: $? = 0
configure:9526: gcc -E  conftest.c
conftest.c:10:28: fatal error: ac_nonexistent.h: No such file or directory
compilation terminated.
configure:9526: $? = 1
configure: failed program was:
| /* confdefs.h */
| #define PACKAGE_NAME "Tsc Core"
| #define PACKAGE_TARNAME "tsc"
| #define PACKAGE_VERSION "0.15.2"
| #define PACKAGE_STRING "Tsc Core 0.15.2"
| #define PACKAGE_BUGREPORT "https://github.com/tscproject/tsc/issues"
| #define PACKAGE_URL "https://tsc.org/"
| #define HAVE_CXX11 1
| /* end confdefs.h.  */
| #include <ac_nonexistent.h>
configure:9555: checking for ANSI C header files
configure:9575: gcc -c -g -O2  conftest.c >&5
configure:9575: $? = 0
configure:9648: gcc -o conftest -g -O2   conftest.c  >&5
configure:9648: $? = 0
configure:9648: ./conftest
configure:9648: $? = 0
configure:9659: result: yes
configure:9672: checking for sys/types.h
configure:9672: gcc -c -g -O2  conftest.c >&5
configure:9672: $? = 0
configure:9672: result: yes
configure:9672: checking for sys/stat.h
configure:9672: gcc -c -g -O2  conftest.c >&5
configure:9672: $? = 0
configure:9672: result: yes
configure:9672: checking for stdlib.h
configure:9672: gcc -c -g -O2  conftest.c >&5
configure:9672: $? = 0
configure:9672: result: yes
configure:9672: checking for string.h
configure:9672: gcc -c -g -O2  conftest.c >&5
configure:9672: $? = 0
configure:9672: result: yes
configure:9672: checking for memory.h
configure:9672: gcc -c -g -O2  conftest.c >&5
configure:9672: $? = 0
configure:9672: result: yes
configure:9672: checking for strings.h
configure:9672: gcc -c -g -O2  conftest.c >&5
configure:9672: $? = 0
configure:9672: result: yes
configure:9672: checking for inttypes.h
configure:9672: gcc -c -g -O2  conftest.c >&5
configure:9672: $? = 0
configure:9672: result: yes
configure:9672: checking for stdint.h
configure:9672: gcc -c -g -O2  conftest.c >&5
configure:9672: $? = 0
configure:9672: result: yes
configure:9672: checking for unistd.h
configure:9672: gcc -c -g -O2  conftest.c >&5
configure:9672: $? = 0
configure:9672: result: yes
configure:9686: checking for dlfcn.h
configure:9686: gcc -c -g -O2  conftest.c >&5
configure:9686: $? = 0
configure:9686: result: yes
configure:9951: checking for objdir
configure:9966: result: .libs
configure:10230: checking if gcc supports -fno-rtti -fno-exceptions
configure:10248: gcc -c -g -O2  -fno-rtti -fno-exceptions conftest.c >&5
cc1: warning: command line option '-fno-rtti' is valid for C++/ObjC++ but not for C
configure:10252: $? = 0
configure:10265: result: no
configure:10623: checking for gcc option to produce PIC
configure:10630: result: -fPIC -DPIC
configure:10638: checking if gcc PIC flag -fPIC -DPIC works
configure:10656: gcc -c -g -O2  -fPIC -DPIC -DPIC conftest.c >&5
configure:10660: $? = 0
configure:10673: result: yes
configure:10702: checking if gcc static flag -static works
configure:10730: result: yes
configure:10745: checking if gcc supports -c -o file.o
configure:10766: gcc -c -g -O2  -o out/conftest2.o conftest.c >&5
configure:10770: $? = 0
configure:10792: result: yes
configure:10800: checking if gcc supports -c -o file.o
configure:10847: result: yes
configure:10880: checking whether the gcc linker (/usr/bin/ld -m elf_x86_64) supports shared libraries
configure:12143: result: yes
configure:12180: checking whether -lc should be explicitly linked in
configure:12188: gcc -c -g -O2  conftest.c >&5
configure:12191: $? = 0
configure:12206: gcc -shared  -fPIC -DPIC conftest.o  -v -Wl,-soname -Wl,conftest -o conftest 2\>\&1 \| /bin/grep  -lc  \>/dev/null 2\>\&1
configure:12209: $? = 0
configure:12223: result: no
configure:12383: checking dynamic linker characteristics
configure:12964: gcc -o conftest -g -O2   -Wl,-rpath -Wl,/foo conftest.c  >&5
configure:12964: $? = 0
configure:13213: result: GNU/Linux ld.so
configure:13335: checking how to hardcode library paths into programs
configure:13360: result: immediate
configure:13908: checking whether stripping libraries is possible
configure:13913: result: yes
configure:13948: checking if libtool supports shared libraries
configure:13950: result: yes
configure:13953: checking whether to build shared libraries
configure:13978: result: yes
configure:13981: checking whether to build static libraries
configure:13985: result: yes
configure:14008: checking how to run the C++ preprocessor
configure:14035: g++ -std=c++11 -E  conftest.cpp
configure:14035: $? = 0
configure:14049: g++ -std=c++11 -E  conftest.cpp
conftest.cpp:22:28: fatal error: ac_nonexistent.h: No such file or directory
compilation terminated.
configure:14049: $? = 1
configure: failed program was:
| /* confdefs.h */
| #define PACKAGE_NAME "Tsc Core"
| #define PACKAGE_TARNAME "tsc"
| #define PACKAGE_VERSION "0.15.2"
| #define PACKAGE_STRING "Tsc Core 0.15.2"
| #define PACKAGE_BUGREPORT "https://github.com/tscproject/tsc/issues"
| #define PACKAGE_URL "https://tsc.org/"
| #define HAVE_CXX11 1
| #define STDC_HEADERS 1
| #define HAVE_SYS_TYPES_H 1
| #define HAVE_SYS_STAT_H 1
| #define HAVE_STDLIB_H 1
| #define HAVE_STRING_H 1
| #define HAVE_MEMORY_H 1
| #define HAVE_STRINGS_H 1
| #define HAVE_INTTYPES_H 1
| #define HAVE_STDINT_H 1
| #define HAVE_UNISTD_H 1
| #define HAVE_DLFCN_H 1
| #define LT_OBJDIR ".libs/"
| /* end confdefs.h.  */
| #include <ac_nonexistent.h>
configure:14074: result: g++ -std=c++11 -E
configure:14094: g++ -std=c++11 -E  conftest.cpp
configure:14094: $? = 0
configure:14108: g++ -std=c++11 -E  conftest.cpp
conftest.cpp:22:28: fatal error: ac_nonexistent.h: No such file or directory
compilation terminated.
configure:14108: $? = 1
configure: failed program was:
| /* confdefs.h */
| #define PACKAGE_NAME "Tsc Core"
| #define PACKAGE_TARNAME "tsc"
| #define PACKAGE_VERSION "0.15.2"
| #define PACKAGE_STRING "Tsc Core 0.15.2"
| #define PACKAGE_BUGREPORT "https://github.com/tscproject/tsc/issues"
| #define PACKAGE_URL "https://tsc.org/"
| #define HAVE_CXX11 1
| #define STDC_HEADERS 1
| #define HAVE_SYS_TYPES_H 1
| #define HAVE_SYS_STAT_H 1
| #define HAVE_STDLIB_H 1
| #define HAVE_STRING_H 1
| #define HAVE_MEMORY_H 1
| #define HAVE_STRINGS_H 1
| #define HAVE_INTTYPES_H 1
| #define HAVE_STDINT_H 1
| #define HAVE_UNISTD_H 1
| #define HAVE_DLFCN_H 1
| #define LT_OBJDIR ".libs/"
| /* end confdefs.h.  */
| #include <ac_nonexistent.h>
configure:14270: checking for ld used by g++ -std=c++11
configure:14337: result: /usr/bin/ld -m elf_x86_64
configure:14344: checking if the linker (/usr/bin/ld -m elf_x86_64) is GNU ld
configure:14359: result: yes
configure:14414: checking whether the g++ -std=c++11 linker (/usr/bin/ld -m elf_x86_64) supports shared libraries
configure:15487: result: yes
configure:15523: g++ -std=c++11 -c -g -O2  conftest.cpp >&5
configure:15526: $? = 0
configure:16007: checking for g++ -std=c++11 option to produce PIC
configure:16014: result: -fPIC -DPIC
configure:16022: checking if g++ -std=c++11 PIC flag -fPIC -DPIC works
configure:16040: g++ -std=c++11 -c -g -O2  -fPIC -DPIC -DPIC conftest.cpp >&5
configure:16044: $? = 0
configure:16057: result: yes
configure:16080: checking if g++ -std=c++11 static flag -static works
configure:16108: result: yes
configure:16120: checking if g++ -std=c++11 supports -c -o file.o
configure:16141: g++ -std=c++11 -c -g -O2  -o out/conftest2.o conftest.cpp >&5
configure:16145: $? = 0
configure:16167: result: yes
configure:16172: checking if g++ -std=c++11 supports -c -o file.o
configure:16219: result: yes
configure:16249: checking whether the g++ -std=c++11 linker (/usr/bin/ld -m elf_x86_64) supports shared libraries
configure:16292: result: yes
configure:16433: checking dynamic linker characteristics
configure:17190: result: GNU/Linux ld.so
configure:17255: checking how to hardcode library paths into programs
configure:17280: result: immediate
configure:17388: checking for ar
configure:17406: found /usr/bin/ar
configure:17418: result: /usr/bin/ar
configure:17486: checking for ranlib
configure:17504: found /usr/bin/ranlib
configure:17516: result: /usr/bin/ranlib
configure:17584: checking for strip
configure:17602: found /usr/bin/strip
configure:17614: result: /usr/bin/strip
configure:17682: checking for gcov
configure:17700: found /usr/bin/gcov
configure:17712: result: /usr/bin/gcov
configure:17736: checking for lcov
configure:17769: result: no
configure:17778: checking for python3.6
configure:17811: result: no
configure:17778: checking for python3.5
configure:17796: found /usr/bin/python3.5
configure:17808: result: /usr/bin/python3.5
configure:17821: checking for genhtml
configure:17854: result: no
configure:17861: checking for git
configure:17879: found /usr/bin/git
configure:17891: result: /usr/bin/git
configure:17901: checking for ccache
configure:17934: result: no
configure:17941: checking for xgettext
configure:17974: result: no
configure:17981: checking for hexdump
configure:17999: found /usr/bin/hexdump
configure:18011: result: /usr/bin/hexdump
configure:18065: checking for readelf
configure:18083: found /usr/bin/readelf
configure:18095: result: /usr/bin/readelf
configure:18163: checking for c++filt
configure:18181: found /usr/bin/c++filt
configure:18193: result: /usr/bin/c++filt
configure:18261: checking for objcopy
configure:18279: found /usr/bin/objcopy
configure:18291: result: /usr/bin/objcopy
configure:18509: checking whether C++ compiler accepts -Werror
configure:18528: g++ -std=c++11 -c -g -O2  -Werror  conftest.cpp >&5
configure:18528: $? = 0
configure:18536: result: yes
configure:18604: checking whether C++ compiler accepts -Wall
configure:18623: g++ -std=c++11 -c -g -O2 -Werror -Wall  -DTSC_BUILD conftest.cpp >&5
configure:18623: $? = 0
configure:18632: result: yes
configure:18641: checking whether C++ compiler accepts -Wextra
configure:18660: g++ -std=c++11 -c -g -O2 -Wall -Werror -Wextra  -DTSC_BUILD conftest.cpp >&5
configure:18660: $? = 0
configure:18669: result: yes
configure:18678: checking whether C++ compiler accepts -Wformat
configure:18697: g++ -std=c++11 -c -g -O2 -Wall -Wextra -Werror -Wformat  -DTSC_BUILD conftest.cpp >&5
configure:18697: $? = 0
configure:18706: result: yes
configure:18715: checking whether C++ compiler accepts -Wvla
configure:18734: g++ -std=c++11 -c -g -O2 -Wall -Wextra -Wformat -Werror -Wvla  -DTSC_BUILD conftest.cpp >&5
configure:18734: $? = 0
configure:18743: result: yes
configure:18752: checking whether C++ compiler accepts -Wformat-security
configure:18771: g++ -std=c++11 -c -g -O2 -Wall -Wextra -Wformat -Wvla -Werror -Wformat-security  -DTSC_BUILD conftest.cpp >&5
configure:18771: $? = 0
configure:18780: result: yes
configure:18793: checking whether C++ compiler accepts -Wunused-parameter
configure:18812: g++ -std=c++11 -c -g -O2 -Wall -Wextra -Wformat -Wvla -Wformat-security -Werror -Wunused-parameter  -DTSC_BUILD conftest.cpp >&5
configure:18812: $? = 0
configure:18821: result: yes
configure:18830: checking whether C++ compiler accepts -Wself-assign
configure:18849: g++ -std=c++11 -c -g -O2 -Wall -Wextra -Wformat -Wvla -Wformat-security -Wno-unused-parameter -Werror -Wself-assign  -DTSC_BUILD conftest.cpp >&5
g++: error: unrecognized command line option '-Wself-assign'
configure:18849: $? = 1
configure: failed program was:
| /* confdefs.h */
| #define PACKAGE_NAME "Tsc Core"
| #define PACKAGE_TARNAME "tsc"
| #define PACKAGE_VERSION "0.15.2"
| #define PACKAGE_STRING "Tsc Core 0.15.2"
| #define PACKAGE_BUGREPORT "https://github.com/tscproject/tsc/issues"
| #define PACKAGE_URL "https://tsc.org/"
| #define HAVE_CXX11 1
| #define STDC_HEADERS 1
| #define HAVE_SYS_TYPES_H 1
| #define HAVE_SYS_STAT_H 1
| #define HAVE_STDLIB_H 1
| #define HAVE_STRING_H 1
| #define HAVE_MEMORY_H 1
| #define HAVE_STRINGS_H 1
| #define HAVE_INTTYPES_H 1
| #define HAVE_STDINT_H 1
| #define HAVE_UNISTD_H 1
| #define HAVE_DLFCN_H 1
| #define LT_OBJDIR ".libs/"
| /* end confdefs.h.  */
| 
| int
| main ()
| {
| 
|   ;
|   return 0;
| }
configure:18858: result: no
configure:18867: checking whether C++ compiler accepts -Wunused-local-typedef
configure:18886: g++ -std=c++11 -c -g -O2 -Wall -Wextra -Wformat -Wvla -Wformat-security -Wno-unused-parameter -Werror -Wunused-local-typedef  -DTSC_BUILD conftest.cpp >&5
g++: error: unrecognized command line option '-Wunused-local-typedef'
configure:18886: $? = 1
configure: failed program was:
| /* confdefs.h */
| #define PACKAGE_NAME "Tsc Core"
| #define PACKAGE_TARNAME "tsc"
| #define PACKAGE_VERSION "0.15.2"
| #define PACKAGE_STRING "Tsc Core 0.15.2"
| #define PACKAGE_BUGREPORT "https://github.com/tscproject/tsc/issues"
| #define PACKAGE_URL "https://tsc.org/"
| #define HAVE_CXX11 1
| #define STDC_HEADERS 1
| #define HAVE_SYS_TYPES_H 1
| #define HAVE_SYS_STAT_H 1
| #define HAVE_STDLIB_H 1
| #define HAVE_STRING_H 1
| #define HAVE_MEMORY_H 1
| #define HAVE_STRINGS_H 1
| #define HAVE_INTTYPES_H 1
| #define HAVE_STDINT_H 1
| #define HAVE_UNISTD_H 1
| #define HAVE_DLFCN_H 1
| #define LT_OBJDIR ".libs/"
| /* end confdefs.h.  */
| 
| int
| main ()
| {
| 
|   ;
|   return 0;
| }
configure:18895: result: no
configure:18904: checking whether C++ compiler accepts -Wdeprecated-register
configure:18923: g++ -std=c++11 -c -g -O2 -Wall -Wextra -Wformat -Wvla -Wformat-security -Wno-unused-parameter -Werror -Wdeprecated-register  -DTSC_BUILD conftest.cpp >&5
g++: error: unrecognized command line option '-Wdeprecated-register'
configure:18923: $? = 1
configure: failed program was:
| /* confdefs.h */
| #define PACKAGE_NAME "Tsc Core"
| #define PACKAGE_TARNAME "tsc"
| #define PACKAGE_VERSION "0.15.2"
| #define PACKAGE_STRING "Tsc Core 0.15.2"
| #define PACKAGE_BUGREPORT "https://github.com/tscproject/tsc/issues"
| #define PACKAGE_URL "https://tsc.org/"
| #define HAVE_CXX11 1
| #define STDC_HEADERS 1
| #define HAVE_SYS_TYPES_H 1
| #define HAVE_SYS_STAT_H 1
| #define HAVE_STDLIB_H 1
| #define HAVE_STRING_H 1
| #define HAVE_MEMORY_H 1
| #define HAVE_STRINGS_H 1
| #define HAVE_INTTYPES_H 1
| #define HAVE_STDINT_H 1
| #define HAVE_UNISTD_H 1
| #define HAVE_DLFCN_H 1
| #define LT_OBJDIR ".libs/"
| /* end confdefs.h.  */
| 
| int
| main ()
| {
| 
|   ;
|   return 0;
| }
configure:18932: result: no
configure:18941: checking whether C++ compiler accepts -Wimplicit-fallthrough
configure:18960: g++ -std=c++11 -c -g -O2 -Wall -Wextra -Wformat -Wvla -Wformat-security -Wno-unused-parameter -Werror -Wimplicit-fallthrough  -DTSC_BUILD conftest.cpp >&5
g++: error: unrecognized command line option '-Wimplicit-fallthrough'
configure:18960: $? = 1
configure: failed program was:
| /* confdefs.h */
| #define PACKAGE_NAME "Tsc Core"
| #define PACKAGE_TARNAME "tsc"
| #define PACKAGE_VERSION "0.15.2"
| #define PACKAGE_STRING "Tsc Core 0.15.2"
| #define PACKAGE_BUGREPORT "https://github.com/tscproject/tsc/issues"
| #define PACKAGE_URL "https://tsc.org/"
| #define HAVE_CXX11 1
| #define STDC_HEADERS 1
| #define HAVE_SYS_TYPES_H 1
| #define HAVE_SYS_STAT_H 1
| #define HAVE_STDLIB_H 1
| #define HAVE_STRING_H 1
| #define HAVE_MEMORY_H 1
| #define HAVE_STRINGS_H 1
| #define HAVE_INTTYPES_H 1
| #define HAVE_STDINT_H 1
| #define HAVE_UNISTD_H 1
| #define HAVE_DLFCN_H 1
| #define LT_OBJDIR ".libs/"
| /* end confdefs.h.  */
| 
| int
| main ()
| {
| 
|   ;
|   return 0;
| }
configure:18969: result: no
configure:18978: checking whether C++ compiler accepts -Wno-unknown-pragmas
configure:18997: g++ -std=c++11 -c -g -O2 -Wall -Wextra -Wformat -Wvla -Wformat-security -Wno-unused-parameter -Werror -Wno-unknown-pragmas  -DTSC_BUILD conftest.cpp >&5
configure:18997: $? = 0
configure:19006: result: yes
configure:19020: checking whether C++ compiler accepts -msse4.2
configure:19039: g++ -std=c++11 -c -g -O2 -Wall -Wextra -Wformat -Wvla -Wformat-security -Wno-unused-parameter -Wno-unknown-pragmas -Werror -msse4.2  -DTSC_BUILD conftest.cpp >&5
configure:19039: $? = 0
configure:19048: result: yes
configure:19059: checking for assembler crc32 support
configure:19085: g++ -std=c++11 -c -g -O2 -Wall -Wextra -Wformat -Wvla -Wformat-security -Wno-unused-parameter -Wno-unknown-pragmas -msse4.2  -DTSC_BUILD conftest.cpp >&5
configure:19085: $? = 0
configure:19086: result: yes
configure:20776: checking for pkg-config
configure:20794: found /usr/bin/pkg-config
configure:20806: result: /usr/bin/pkg-config
configure:20831: checking pkg-config is at least version 0.9.0
configure:20834: result: yes
configure:20949: checking whether byte ordering is bigendian
configure:20964: g++ -std=c++11 -c -g -O2 -Wall -Wextra -Wformat -Wvla -Wformat-security -Wno-unused-parameter -Wno-unknown-pragmas  -DTSC_BUILD -DHAVE_BUILD_INFO -D__STDC_FORMAT_MACROS conftest.cpp >&5
conftest.cpp:23:9: error: expected unqualified-id before 'not' token
         not a universal capable compiler
         ^
configure:20964: $? = 1
configure: failed program was:
| /* confdefs.h */
| #define PACKAGE_NAME "Tsc Core"
| #define PACKAGE_TARNAME "tsc"
| #define PACKAGE_VERSION "0.15.2"
| #define PACKAGE_STRING "Tsc Core 0.15.2"
| #define PACKAGE_BUGREPORT "https://github.com/tscproject/tsc/issues"
| #define PACKAGE_URL "https://tsc.org/"
| #define HAVE_CXX11 1
| #define STDC_HEADERS 1
| #define HAVE_SYS_TYPES_H 1
| #define HAVE_SYS_STAT_H 1
| #define HAVE_STDLIB_H 1
| #define HAVE_STRING_H 1
| #define HAVE_MEMORY_H 1
| #define HAVE_STRINGS_H 1
| #define HAVE_INTTYPES_H 1
| #define HAVE_STDINT_H 1
| #define HAVE_UNISTD_H 1
| #define HAVE_DLFCN_H 1
| #define LT_OBJDIR ".libs/"
| /* end confdefs.h.  */
| #ifndef __APPLE_CC__
| 	       not a universal capable compiler
| 	     #endif
| 	     typedef int dummy;
| 
configure:21009: g++ -std=c++11 -c -g -O2 -Wall -Wextra -Wformat -Wvla -Wformat-security -Wno-unused-parameter -Wno-unknown-pragmas  -DTSC_BUILD -DHAVE_BUILD_INFO -D__STDC_FORMAT_MACROS conftest.cpp >&5
configure:21009: $? = 0
configure:21027: g++ -std=c++11 -c -g -O2 -Wall -Wextra -Wformat -Wvla -Wformat-security -Wno-unused-parameter -Wno-unknown-pragmas  -DTSC_BUILD -DHAVE_BUILD_INFO -D__STDC_FORMAT_MACROS conftest.cpp >&5
conftest.cpp: In function 'int main()':
conftest.cpp:29:8: error: 'big' was not declared in this scope
    not big endian
        ^
configure:21027: $? = 1
configure: failed program was:
| /* confdefs.h */
| #define PACKAGE_NAME "Tsc Core"
| #define PACKAGE_TARNAME "tsc"
| #define PACKAGE_VERSION "0.15.2"
| #define PACKAGE_STRING "Tsc Core 0.15.2"
| #define PACKAGE_BUGREPORT "https://github.com/tscproject/tsc/issues"
| #define PACKAGE_URL "https://tsc.org/"
| #define HAVE_CXX11 1
| #define STDC_HEADERS 1
| #define HAVE_SYS_TYPES_H 1
| #define HAVE_SYS_STAT_H 1
| #define HAVE_STDLIB_H 1
| #define HAVE_STRING_H 1
| #define HAVE_MEMORY_H 1
| #define HAVE_STRINGS_H 1
| #define HAVE_INTTYPES_H 1
| #define HAVE_STDINT_H 1
| #define HAVE_UNISTD_H 1
| #define HAVE_DLFCN_H 1
| #define LT_OBJDIR ".libs/"
| /* end confdefs.h.  */
| #include <sys/types.h>
| 		#include <sys/param.h>
| 
| int
| main ()
| {
| #if BYTE_ORDER != BIG_ENDIAN
| 		 not big endian
| 		#endif
| 
|   ;
|   return 0;
| }
configure:21155: result: no
configure:21357: checking whether gcc is Clang
configure:21382: result: no
configure:21505: checking whether pthreads work with -pthread
configure:21599: gcc -o conftest -g -O2 -pthread  -DTSC_BUILD -DHAVE_BUILD_INFO -D__STDC_FORMAT_MACROS  conftest.c   >&5
configure:21599: $? = 0
configure:21608: result: yes
configure:21627: checking for joinable pthread attribute
configure:21645: gcc -o conftest -g -O2 -pthread  -DTSC_BUILD -DHAVE_BUILD_INFO -D__STDC_FORMAT_MACROS  conftest.c   >&5
configure:21645: $? = 0
configure:21653: result: PTHREAD_CREATE_JOINABLE
configure:21667: checking whether more special flags are required for pthreads
configure:21680: result: no
configure:21688: checking for PTHREAD_PRIO_INHERIT
configure:21704: gcc -o conftest -g -O2 -pthread  -DTSC_BUILD -DHAVE_BUILD_INFO -D__STDC_FORMAT_MACROS  conftest.c   >&5
configure:21704: $? = 0
configure:21713: result: yes
configure:21826: checking for special C compiler options needed for large files
configure:21871: result: no
configure:21877: checking for _FILE_OFFSET_BITS value needed for large files
configure:21902: g++ -std=c++11 -c -g -O2 -Wall -Wextra -Wformat -Wvla -Wformat-security -Wno-unused-parameter -Wno-unknown-pragmas  -DTSC_BUILD -DHAVE_BUILD_INFO -D__STDC_FORMAT_MACROS conftest.cpp >&5
configure:21902: $? = 0
configure:21934: result: no
configure:22020: checking whether strerror_r is declared
configure:22020: g++ -std=c++11 -c -g -O2 -Wall -Wextra -Wformat -Wvla -Wformat-security -Wno-unused-parameter -Wno-unknown-pragmas  -DTSC_BUILD -DHAVE_BUILD_INFO -D__STDC_FORMAT_MACROS conftest.cpp >&5
configure:22020: $? = 0
configure:22020: result: yes
configure:22033: checking for strerror_r
configure:22033: g++ -std=c++11 -o conftest -g -O2 -Wall -Wextra -Wformat -Wvla -Wformat-security -Wno-unused-parameter -Wno-unknown-pragmas  -DTSC_BUILD -DHAVE_BUILD_INFO -D__STDC_FORMAT_MACROS  conftest.cpp  >&5
configure:22033: $? = 0
configure:22033: result: yes
configure:22042: checking whether strerror_r returns char *
configure:22066: g++ -std=c++11 -c -g -O2 -Wall -Wextra -Wformat -Wvla -Wformat-security -Wno-unused-parameter -Wno-unknown-pragmas  -DTSC_BUILD -DHAVE_BUILD_INFO -D__STDC_FORMAT_MACROS conftest.cpp >&5
configure:22066: $? = 0
configure:22104: result: yes
configure:22125: checking whether the linker accepts -Wl,--large-address-aware
configure:22144: g++ -std=c++11 -o conftest -g -O2 -Wall -Wextra -Wformat -Wvla -Wformat-security -Wno-unused-parameter -Wno-unknown-pragmas  -DTSC_BUILD -DHAVE_BUILD_INFO -D__STDC_FORMAT_MACROS   -Wl,--large-address-aware conftest.cpp  >&5
/usr/bin/ld: unrecognized option '--large-address-aware'
/usr/bin/ld: use the --help option for usage information
collect2: error: ld returned 1 exit status
configure:22144: $? = 1
configure: failed program was:
| /* confdefs.h */
| #define PACKAGE_NAME "Tsc Core"
| #define PACKAGE_TARNAME "tsc"
| #define PACKAGE_VERSION "0.15.2"
| #define PACKAGE_STRING "Tsc Core 0.15.2"
| #define PACKAGE_BUGREPORT "https://github.com/tscproject/tsc/issues"
| #define PACKAGE_URL "https://tsc.org/"
| #define HAVE_CXX11 1
| #define STDC_HEADERS 1
| #define HAVE_SYS_TYPES_H 1
| #define HAVE_SYS_STAT_H 1
| #define HAVE_STDLIB_H 1
| #define HAVE_STRING_H 1
| #define HAVE_MEMORY_H 1
| #define HAVE_STRINGS_H 1
| #define HAVE_INTTYPES_H 1
| #define HAVE_STDINT_H 1
| #define HAVE_UNISTD_H 1
| #define HAVE_DLFCN_H 1
| #define LT_OBJDIR ".libs/"
| #define HAVE_PTHREAD_PRIO_INHERIT 1
| #define HAVE_PTHREAD 1
| #define HAVE_DECL_STRERROR_R 1
| #define HAVE_STRERROR_R 1
| #define STRERROR_R_CHAR_P 1
| /* end confdefs.h.  */
| 
| int
| main ()
| {
| 
|   ;
|   return 0;
| }
configure:22153: result: no
configure:22165: checking for __attribute__((visibility))
configure:22189: g++ -std=c++11 -o conftest -g -O2 -Wall -Wextra -Wformat -Wvla -Wformat-security -Wno-unused-parameter -Wno-unknown-pragmas  -DTSC_BUILD -DHAVE_BUILD_INFO -D__STDC_FORMAT_MACROS  conftest.cpp  >&5
configure:22189: $? = 0
configure:22202: result: yes
configure:22218: checking for __attribute__((dllexport))
configure:22239: g++ -std=c++11 -o conftest -g -O2 -Wall -Wextra -Wformat -Wvla -Wformat-security -Wno-unused-parameter -Wno-unknown-pragmas  -DTSC_BUILD -DHAVE_BUILD_INFO -D__STDC_FORMAT_MACROS  conftest.cpp  >&5
conftest.cpp:30:62: warning: 'dllexport' attribute directive ignored [-Wattributes]
                     __attribute__((dllexport)) int foo( void ) { return 0; }
                                                              ^
configure:22239: $? = 0
configure:22252: result: no
configure:22268: checking for __attribute__((dllimport))
configure:22289: g++ -std=c++11 -o conftest -g -O2 -Wall -Wextra -Wformat -Wvla -Wformat-security -Wno-unused-parameter -Wno-unknown-pragmas  -DTSC_BUILD -DHAVE_BUILD_INFO -D__STDC_FORMAT_MACROS  conftest.cpp  >&5
conftest.cpp:30:62: warning: 'dllimport' attribute directive ignored [-Wattributes]
                     int foo( void ) __attribute__((dllimport));
                                                              ^
configure:22289: $? = 0
configure:22302: result: no
configure:22402: checking for library containing clock_gettime
configure:22433: g++ -std=c++11 -o conftest -g -O2 -Wall -Wextra -Wformat -Wvla -Wformat-security -Wno-unused-parameter -Wno-unknown-pragmas  -DTSC_BUILD -DHAVE_BUILD_INFO -D__STDC_FORMAT_MACROS  conftest.cpp  >&5
configure:22433: $? = 0
configure:22450: result: none required
configure:22462: checking whether C++ compiler accepts -fPIC
configure:22481: g++ -std=c++11 -c -g -O2 -Wall -Wextra -Wformat -Wvla -Wformat-security -Wno-unused-parameter -Wno-unknown-pragmas  -fPIC  -DTSC_BUILD -DHAVE_BUILD_INFO -D__STDC_FORMAT_MACROS conftest.cpp >&5
configure:22481: $? = 0
configure:22489: result: yes
configure:22500: checking whether C++ compiler accepts -Wstack-protector
configure:22519: g++ -std=c++11 -c -g -O2 -Wall -Wextra -Wformat -Wvla -Wformat-security -Wno-unused-parameter -Wno-unknown-pragmas  -Wstack-protector  -DTSC_BUILD -DHAVE_BUILD_INFO -D__STDC_FORMAT_MACROS conftest.cpp >&5
configure:22519: $? = 0
configure:22527: result: yes
configure:22535: checking whether C++ compiler accepts -fstack-protector-all
configure:22554: g++ -std=c++11 -c -g -O2 -Wall -Wextra -Wformat -Wvla -Wformat-security -Wno-unused-parameter -Wno-unknown-pragmas  -fstack-protector-all  -DTSC_BUILD -DHAVE_BUILD_INFO -D__STDC_FORMAT_MACROS conftest.cpp >&5
configure:22554: $? = 0
configure:22562: result: yes
configure:22572: checking whether C++ preprocessor accepts -D_FORTIFY_SOURCE=2
configure:22591: g++ -std=c++11 -E  -DTSC_BUILD -DHAVE_BUILD_INFO -D__STDC_FORMAT_MACROS  -D_FORTIFY_SOURCE=2 conftest.cpp
configure:22591: $? = 0
configure:22599: result: yes
configure:22603: checking whether C++ preprocessor accepts -U_FORTIFY_SOURCE
configure:22622: g++ -std=c++11 -E  -DTSC_BUILD -DHAVE_BUILD_INFO -D__STDC_FORMAT_MACROS  -U_FORTIFY_SOURCE conftest.cpp
configure:22622: $? = 0
configure:22630: result: yes
configure:22647: checking whether the linker accepts -Wl,--dynamicbase
configure:22666: g++ -std=c++11 -o conftest -g -O2 -Wall -Wextra -Wformat -Wvla -Wformat-security -Wno-unused-parameter -Wno-unknown-pragmas  -DTSC_BUILD -DHAVE_BUILD_INFO -D__STDC_FORMAT_MACROS   -Wl,--dynamicbase conftest.cpp  >&5
/usr/bin/ld: unrecognized option '--dynamicbase'
/usr/bin/ld: use the --help option for usage information
collect2: error: ld returned 1 exit status
configure:22666: $? = 1
configure: failed program was:
| /* confdefs.h */
| #define PACKAGE_NAME "Tsc Core"
| #define PACKAGE_TARNAME "tsc"
| #define PACKAGE_VERSION "0.15.2"
| #define PACKAGE_STRING "Tsc Core 0.15.2"
| #define PACKAGE_BUGREPORT "https://github.com/tscproject/tsc/issues"
| #define PACKAGE_URL "https://tsc.org/"
| #define HAVE_CXX11 1
| #define STDC_HEADERS 1
| #define HAVE_SYS_TYPES_H 1
| #define HAVE_SYS_STAT_H 1
| #define HAVE_STDLIB_H 1
| #define HAVE_STRING_H 1
| #define HAVE_MEMORY_H 1
| #define HAVE_STRINGS_H 1
| #define HAVE_INTTYPES_H 1
| #define HAVE_STDINT_H 1
| #define HAVE_UNISTD_H 1
| #define HAVE_DLFCN_H 1
| #define LT_OBJDIR ".libs/"
| #define HAVE_PTHREAD_PRIO_INHERIT 1
| #define HAVE_PTHREAD 1
| #define HAVE_DECL_STRERROR_R 1
| #define HAVE_STRERROR_R 1
| #define STRERROR_R_CHAR_P 1
| #define HAVE_FUNC_ATTRIBUTE_VISIBILITY 1
| /* end confdefs.h.  */
| 
| int
| main ()
| {
| 
|   ;
|   return 0;
| }
configure:22675: result: no
configure:22683: checking whether the linker accepts -Wl,--nxcompat
configure:22702: g++ -std=c++11 -o conftest -g -O2 -Wall -Wextra -Wformat -Wvla -Wformat-security -Wno-unused-parameter -Wno-unknown-pragmas  -DTSC_BUILD -DHAVE_BUILD_INFO -D__STDC_FORMAT_MACROS   -Wl,--nxcompat conftest.cpp  >&5
/usr/bin/ld: unrecognized option '--nxcompat'
/usr/bin/ld: use the --help option for usage information
collect2: error: ld returned 1 exit status
configure:22702: $? = 1
configure: failed program was:
| /* confdefs.h */
| #define PACKAGE_NAME "Tsc Core"
| #define PACKAGE_TARNAME "tsc"
| #define PACKAGE_VERSION "0.15.2"
| #define PACKAGE_STRING "Tsc Core 0.15.2"
| #define PACKAGE_BUGREPORT "https://github.com/tscproject/tsc/issues"
| #define PACKAGE_URL "https://tsc.org/"
| #define HAVE_CXX11 1
| #define STDC_HEADERS 1
| #define HAVE_SYS_TYPES_H 1
| #define HAVE_SYS_STAT_H 1
| #define HAVE_STDLIB_H 1
| #define HAVE_STRING_H 1
| #define HAVE_MEMORY_H 1
| #define HAVE_STRINGS_H 1
| #define HAVE_INTTYPES_H 1
| #define HAVE_STDINT_H 1
| #define HAVE_UNISTD_H 1
| #define HAVE_DLFCN_H 1
| #define LT_OBJDIR ".libs/"
| #define HAVE_PTHREAD_PRIO_INHERIT 1
| #define HAVE_PTHREAD 1
| #define HAVE_DECL_STRERROR_R 1
| #define HAVE_STRERROR_R 1
| #define STRERROR_R_CHAR_P 1
| #define HAVE_FUNC_ATTRIBUTE_VISIBILITY 1
| /* end confdefs.h.  */
| 
| int
| main ()
| {
| 
|   ;
|   return 0;
| }
configure:22711: result: no
configure:22719: checking whether the linker accepts -Wl,--high-entropy-va
configure:22738: g++ -std=c++11 -o conftest -g -O2 -Wall -Wextra -Wformat -Wvla -Wformat-security -Wno-unused-parameter -Wno-unknown-pragmas  -DTSC_BUILD -DHAVE_BUILD_INFO -D__STDC_FORMAT_MACROS   -Wl,--high-entropy-va conftest.cpp  >&5
/usr/bin/ld: unrecognized option '--high-entropy-va'
/usr/bin/ld: use the --help option for usage information
collect2: error: ld returned 1 exit status
configure:22738: $? = 1
configure: failed program was:
| /* confdefs.h */
| #define PACKAGE_NAME "Tsc Core"
| #define PACKAGE_TARNAME "tsc"
| #define PACKAGE_VERSION "0.15.2"
| #define PACKAGE_STRING "Tsc Core 0.15.2"
| #define PACKAGE_BUGREPORT "https://github.com/tscproject/tsc/issues"
| #define PACKAGE_URL "https://tsc.org/"
| #define HAVE_CXX11 1
| #define STDC_HEADERS 1
| #define HAVE_SYS_TYPES_H 1
| #define HAVE_SYS_STAT_H 1
| #define HAVE_STDLIB_H 1
| #define HAVE_STRING_H 1
| #define HAVE_MEMORY_H 1
| #define HAVE_STRINGS_H 1
| #define HAVE_INTTYPES_H 1
| #define HAVE_STDINT_H 1
| #define HAVE_UNISTD_H 1
| #define HAVE_DLFCN_H 1
| #define LT_OBJDIR ".libs/"
| #define HAVE_PTHREAD_PRIO_INHERIT 1
| #define HAVE_PTHREAD 1
| #define HAVE_DECL_STRERROR_R 1
| #define HAVE_STRERROR_R 1
| #define STRERROR_R_CHAR_P 1
| #define HAVE_FUNC_ATTRIBUTE_VISIBILITY 1
| /* end confdefs.h.  */
| 
| int
| main ()
| {
| 
|   ;
|   return 0;
| }
configure:22747: result: no
configure:22755: checking whether the linker accepts -Wl,-z,relro
configure:22774: g++ -std=c++11 -o conftest -g -O2 -Wall -Wextra -Wformat -Wvla -Wformat-security -Wno-unused-parameter -Wno-unknown-pragmas  -DTSC_BUILD -DHAVE_BUILD_INFO -D__STDC_FORMAT_MACROS   -Wl,-z,relro conftest.cpp  >&5
configure:22774: $? = 0
configure:22783: result: yes
configure:22791: checking whether the linker accepts -Wl,-z,now
configure:22810: g++ -std=c++11 -o conftest -g -O2 -Wall -Wextra -Wformat -Wvla -Wformat-security -Wno-unused-parameter -Wno-unknown-pragmas  -DTSC_BUILD -DHAVE_BUILD_INFO -D__STDC_FORMAT_MACROS   -Wl,-z,now conftest.cpp  >&5
configure:22810: $? = 0
configure:22819: result: yes
configure:22829: checking whether C++ compiler accepts -fPIE
configure:22848: g++ -std=c++11 -c -g -O2 -Wall -Wextra -Wformat -Wvla -Wformat-security -Wno-unused-parameter -Wno-unknown-pragmas  -fPIE  -DTSC_BUILD -DHAVE_BUILD_INFO -D__STDC_FORMAT_MACROS conftest.cpp >&5
configure:22848: $? = 0
configure:22856: result: yes
configure:22864: checking whether the linker accepts -pie
configure:22883: g++ -std=c++11 -o conftest -g -O2 -Wall -Wextra -Wformat -Wvla -Wformat-security -Wno-unused-parameter -Wno-unknown-pragmas  -DTSC_BUILD -DHAVE_BUILD_INFO -D__STDC_FORMAT_MACROS   -pie conftest.cpp  >&5
configure:22883: $? = 0
configure:22892: result: yes
configure:22991: checking endian.h usability
configure:22991: g++ -std=c++11 -c -g -O2 -Wall -Wextra -Wformat -Wvla -Wformat-security -Wno-unused-parameter -Wno-unknown-pragmas  -DTSC_BUILD -DHAVE_BUILD_INFO -D__STDC_FORMAT_MACROS conftest.cpp >&5
configure:22991: $? = 0
configure:22991: result: yes
configure:22991: checking endian.h presence
configure:22991: g++ -std=c++11 -E  -DTSC_BUILD -DHAVE_BUILD_INFO -D__STDC_FORMAT_MACROS conftest.cpp
configure:22991: $? = 0
configure:22991: result: yes
configure:22991: checking for endian.h
configure:22991: result: yes
configure:22991: checking sys/endian.h usability
configure:22991: g++ -std=c++11 -c -g -O2 -Wall -Wextra -Wformat -Wvla -Wformat-security -Wno-unused-parameter -Wno-unknown-pragmas  -DTSC_BUILD -DHAVE_BUILD_INFO -D__STDC_FORMAT_MACROS conftest.cpp >&5
conftest.cpp:62:24: fatal error: sys/endian.h: No such file or directory
compilation terminated.
configure:22991: $? = 1
configure: failed program was:
| /* confdefs.h */
| #define PACKAGE_NAME "Tsc Core"
| #define PACKAGE_TARNAME "tsc"
| #define PACKAGE_VERSION "0.15.2"
| #define PACKAGE_STRING "Tsc Core 0.15.2"
| #define PACKAGE_BUGREPORT "https://github.com/tscproject/tsc/issues"
| #define PACKAGE_URL "https://tsc.org/"
| #define HAVE_CXX11 1
| #define STDC_HEADERS 1
| #define HAVE_SYS_TYPES_H 1
| #define HAVE_SYS_STAT_H 1
| #define HAVE_STDLIB_H 1
| #define HAVE_STRING_H 1
| #define HAVE_MEMORY_H 1
| #define HAVE_STRINGS_H 1
| #define HAVE_INTTYPES_H 1
| #define HAVE_STDINT_H 1
| #define HAVE_UNISTD_H 1
| #define HAVE_DLFCN_H 1
| #define LT_OBJDIR ".libs/"
| #define HAVE_PTHREAD_PRIO_INHERIT 1
| #define HAVE_PTHREAD 1
| #define HAVE_DECL_STRERROR_R 1
| #define HAVE_STRERROR_R 1
| #define STRERROR_R_CHAR_P 1
| #define HAVE_FUNC_ATTRIBUTE_VISIBILITY 1
| #define HAVE_ENDIAN_H 1
| /* end confdefs.h.  */
| #include <stdio.h>
| #ifdef HAVE_SYS_TYPES_H
| # include <sys/types.h>
| #endif
| #ifdef HAVE_SYS_STAT_H
| # include <sys/stat.h>
| #endif
| #ifdef STDC_HEADERS
| # include <stdlib.h>
| # include <stddef.h>
| #else
| # ifdef HAVE_STDLIB_H
| #  include <stdlib.h>
| # endif
| #endif
| #ifdef HAVE_STRING_H
| # if !defined STDC_HEADERS && defined HAVE_MEMORY_H
| #  include <memory.h>
| # endif
| # include <string.h>
| #endif
| #ifdef HAVE_STRINGS_H
| # include <strings.h>
| #endif
| #ifdef HAVE_INTTYPES_H
| # include <inttypes.h>
| #endif
| #ifdef HAVE_STDINT_H
| # include <stdint.h>
| #endif
| #ifdef HAVE_UNISTD_H
| # include <unistd.h>
| #endif
| #include <sys/endian.h>
configure:22991: result: no
configure:22991: checking sys/endian.h presence
configure:22991: g++ -std=c++11 -E  -DTSC_BUILD -DHAVE_BUILD_INFO -D__STDC_FORMAT_MACROS conftest.cpp
conftest.cpp:29:24: fatal error: sys/endian.h: No such file or directory
compilation terminated.
configure:22991: $? = 1
configure: failed program was:
| /* confdefs.h */
| #define PACKAGE_NAME "Tsc Core"
| #define PACKAGE_TARNAME "tsc"
| #define PACKAGE_VERSION "0.15.2"
| #define PACKAGE_STRING "Tsc Core 0.15.2"
| #define PACKAGE_BUGREPORT "https://github.com/tscproject/tsc/issues"
| #define PACKAGE_URL "https://tsc.org/"
| #define HAVE_CXX11 1
| #define STDC_HEADERS 1
| #define HAVE_SYS_TYPES_H 1
| #define HAVE_SYS_STAT_H 1
| #define HAVE_STDLIB_H 1
| #define HAVE_STRING_H 1
| #define HAVE_MEMORY_H 1
| #define HAVE_STRINGS_H 1
| #define HAVE_INTTYPES_H 1
| #define HAVE_STDINT_H 1
| #define HAVE_UNISTD_H 1
| #define HAVE_DLFCN_H 1
| #define LT_OBJDIR ".libs/"
| #define HAVE_PTHREAD_PRIO_INHERIT 1
| #define HAVE_PTHREAD 1
| #define HAVE_DECL_STRERROR_R 1
| #define HAVE_STRERROR_R 1
| #define STRERROR_R_CHAR_P 1
| #define HAVE_FUNC_ATTRIBUTE_VISIBILITY 1
| #define HAVE_ENDIAN_H 1
| /* end confdefs.h.  */
| #include <sys/endian.h>
configure:22991: result: no
configure:22991: checking for sys/endian.h
configure:22991: result: no
configure:22991: checking byteswap.h usability
configure:22991: g++ -std=c++11 -c -g -O2 -Wall -Wextra -Wformat -Wvla -Wformat-security -Wno-unused-parameter -Wno-unknown-pragmas  -DTSC_BUILD -DHAVE_BUILD_INFO -D__STDC_FORMAT_MACROS conftest.cpp >&5
configure:22991: $? = 0
configure:22991: result: yes
configure:22991: checking byteswap.h presence
configure:22991: g++ -std=c++11 -E  -DTSC_BUILD -DHAVE_BUILD_INFO -D__STDC_FORMAT_MACROS conftest.cpp
configure:22991: $? = 0
configure:22991: result: yes
configure:22991: checking for byteswap.h
configure:22991: result: yes
configure:22991: checking stdio.h usability
configure:22991: g++ -std=c++11 -c -g -O2 -Wall -Wextra -Wformat -Wvla -Wformat-security -Wno-unused-parameter -Wno-unknown-pragmas  -DTSC_BUILD -DHAVE_BUILD_INFO -D__STDC_FORMAT_MACROS conftest.cpp >&5
configure:22991: $? = 0
configure:22991: result: yes
configure:22991: checking stdio.h presence
configure:22991: g++ -std=c++11 -E  -DTSC_BUILD -DHAVE_BUILD_INFO -D__STDC_FORMAT_MACROS conftest.cpp
configure:22991: $? = 0
configure:22991: result: yes
configure:22991: checking for stdio.h
configure:22991: result: yes
configure:22991: checking for stdlib.h
configure:22991: result: yes
configure:22991: checking for unistd.h
configure:22991: result: yes
configure:22991: checking for strings.h
configure:22991: result: yes
configure:22991: checking for sys/types.h
configure:22991: result: yes
configure:22991: checking for sys/stat.h
configure:22991: result: yes
configure:22991: checking sys/select.h usability
configure:22991: g++ -std=c++11 -c -g -O2 -Wall -Wextra -Wformat -Wvla -Wformat-security -Wno-unused-parameter -Wno-unknown-pragmas  -DTSC_BUILD -DHAVE_BUILD_INFO -D__STDC_FORMAT_MACROS conftest.cpp >&5
configure:22991: $? = 0
configure:22991: result: yes
configure:22991: checking sys/select.h presence
configure:22991: g++ -std=c++11 -E  -DTSC_BUILD -DHAVE_BUILD_INFO -D__STDC_FORMAT_MACROS conftest.cpp
configure:22991: $? = 0
configure:22991: result: yes
configure:22991: checking for sys/select.h
configure:22991: result: yes
configure:22991: checking sys/prctl.h usability
configure:22991: g++ -std=c++11 -c -g -O2 -Wall -Wextra -Wformat -Wvla -Wformat-security -Wno-unused-parameter -Wno-unknown-pragmas  -DTSC_BUILD -DHAVE_BUILD_INFO -D__STDC_FORMAT_MACROS conftest.cpp >&5
configure:22991: $? = 0
configure:22991: result: yes
configure:22991: checking sys/prctl.h presence
configure:22991: g++ -std=c++11 -E  -DTSC_BUILD -DHAVE_BUILD_INFO -D__STDC_FORMAT_MACROS conftest.cpp
configure:22991: $? = 0
configure:22991: result: yes
configure:22991: checking for sys/prctl.h
configure:22991: result: yes
configure:23002: checking whether strnlen is declared
configure:23002: g++ -std=c++11 -c -g -O2 -Wall -Wextra -Wformat -Wvla -Wformat-security -Wno-unused-parameter -Wno-unknown-pragmas  -DTSC_BUILD -DHAVE_BUILD_INFO -D__STDC_FORMAT_MACROS conftest.cpp >&5
configure:23002: $? = 0
configure:23002: result: yes
configure:23015: checking whether daemon is declared
configure:23015: g++ -std=c++11 -c -g -O2 -Wall -Wextra -Wformat -Wvla -Wformat-security -Wno-unused-parameter -Wno-unknown-pragmas  -DTSC_BUILD -DHAVE_BUILD_INFO -D__STDC_FORMAT_MACROS conftest.cpp >&5
configure:23015: $? = 0
configure:23015: result: yes
configure:23027: checking whether le16toh is declared
configure:23027: g++ -std=c++11 -c -g -O2 -Wall -Wextra -Wformat -Wvla -Wformat-security -Wno-unused-parameter -Wno-unknown-pragmas  -DTSC_BUILD -DHAVE_BUILD_INFO -D__STDC_FORMAT_MACROS conftest.cpp >&5
configure:23027: $? = 0
configure:23027: result: yes
configure:23042: checking whether le32toh is declared
configure:23042: g++ -std=c++11 -c -g -O2 -Wall -Wextra -Wformat -Wvla -Wformat-security -Wno-unused-parameter -Wno-unknown-pragmas  -DTSC_BUILD -DHAVE_BUILD_INFO -D__STDC_FORMAT_MACROS conftest.cpp >&5
configure:23042: $? = 0
configure:23042: result: yes
configure:23057: checking whether le64toh is declared
configure:23057: g++ -std=c++11 -c -g -O2 -Wall -Wextra -Wformat -Wvla -Wformat-security -Wno-unused-parameter -Wno-unknown-pragmas  -DTSC_BUILD -DHAVE_BUILD_INFO -D__STDC_FORMAT_MACROS conftest.cpp >&5
configure:23057: $? = 0
configure:23057: result: yes
configure:23072: checking whether htole16 is declared
configure:23072: g++ -std=c++11 -c -g -O2 -Wall -Wextra -Wformat -Wvla -Wformat-security -Wno-unused-parameter -Wno-unknown-pragmas  -DTSC_BUILD -DHAVE_BUILD_INFO -D__STDC_FORMAT_MACROS conftest.cpp >&5
configure:23072: $? = 0
configure:23072: result: yes
configure:23087: checking whether htole32 is declared
configure:23087: g++ -std=c++11 -c -g -O2 -Wall -Wextra -Wformat -Wvla -Wformat-security -Wno-unused-parameter -Wno-unknown-pragmas  -DTSC_BUILD -DHAVE_BUILD_INFO -D__STDC_FORMAT_MACROS conftest.cpp >&5
configure:23087: $? = 0
configure:23087: result: yes
configure:23102: checking whether htole64 is declared
configure:23102: g++ -std=c++11 -c -g -O2 -Wall -Wextra -Wformat -Wvla -Wformat-security -Wno-unused-parameter -Wno-unknown-pragmas  -DTSC_BUILD -DHAVE_BUILD_INFO -D__STDC_FORMAT_MACROS conftest.cpp >&5
configure:23102: $? = 0
configure:23102: result: yes
configure:23117: checking whether be16toh is declared
configure:23117: g++ -std=c++11 -c -g -O2 -Wall -Wextra -Wformat -Wvla -Wformat-security -Wno-unused-parameter -Wno-unknown-pragmas  -DTSC_BUILD -DHAVE_BUILD_INFO -D__STDC_FORMAT_MACROS conftest.cpp >&5
configure:23117: $? = 0
configure:23117: result: yes
configure:23132: checking whether be32toh is declared
configure:23132: g++ -std=c++11 -c -g -O2 -Wall -Wextra -Wformat -Wvla -Wformat-security -Wno-unused-parameter -Wno-unknown-pragmas  -DTSC_BUILD -DHAVE_BUILD_INFO -D__STDC_FORMAT_MACROS conftest.cpp >&5
configure:23132: $? = 0
configure:23132: result: yes
configure:23147: checking whether be64toh is declared
configure:23147: g++ -std=c++11 -c -g -O2 -Wall -Wextra -Wformat -Wvla -Wformat-security -Wno-unused-parameter -Wno-unknown-pragmas  -DTSC_BUILD -DHAVE_BUILD_INFO -D__STDC_FORMAT_MACROS conftest.cpp >&5
configure:23147: $? = 0
configure:23147: result: yes
configure:23162: checking whether htobe16 is declared
configure:23162: g++ -std=c++11 -c -g -O2 -Wall -Wextra -Wformat -Wvla -Wformat-security -Wno-unused-parameter -Wno-unknown-pragmas  -DTSC_BUILD -DHAVE_BUILD_INFO -D__STDC_FORMAT_MACROS conftest.cpp >&5
configure:23162: $? = 0
configure:23162: result: yes
configure:23177: checking whether htobe32 is declared
configure:23177: g++ -std=c++11 -c -g -O2 -Wall -Wextra -Wformat -Wvla -Wformat-security -Wno-unused-parameter -Wno-unknown-pragmas  -DTSC_BUILD -DHAVE_BUILD_INFO -D__STDC_FORMAT_MACROS conftest.cpp >&5
configure:23177: $? = 0
configure:23177: result: yes
configure:23192: checking whether htobe64 is declared
configure:23192: g++ -std=c++11 -c -g -O2 -Wall -Wextra -Wformat -Wvla -Wformat-security -Wno-unused-parameter -Wno-unknown-pragmas  -DTSC_BUILD -DHAVE_BUILD_INFO -D__STDC_FORMAT_MACROS conftest.cpp >&5
configure:23192: $? = 0
configure:23192: result: yes
configure:23209: checking whether bswap_16 is declared
configure:23209: g++ -std=c++11 -c -g -O2 -Wall -Wextra -Wformat -Wvla -Wformat-security -Wno-unused-parameter -Wno-unknown-pragmas  -DTSC_BUILD -DHAVE_BUILD_INFO -D__STDC_FORMAT_MACROS conftest.cpp >&5
configure:23209: $? = 0
configure:23209: result: yes
configure:23222: checking whether bswap_32 is declared
configure:23222: g++ -std=c++11 -c -g -O2 -Wall -Wextra -Wformat -Wvla -Wformat-security -Wno-unused-parameter -Wno-unknown-pragmas  -DTSC_BUILD -DHAVE_BUILD_INFO -D__STDC_FORMAT_MACROS conftest.cpp >&5
configure:23222: $? = 0
configure:23222: result: yes
configure:23235: checking whether bswap_64 is declared
configure:23235: g++ -std=c++11 -c -g -O2 -Wall -Wextra -Wformat -Wvla -Wformat-security -Wno-unused-parameter -Wno-unknown-pragmas  -DTSC_BUILD -DHAVE_BUILD_INFO -D__STDC_FORMAT_MACROS conftest.cpp >&5
configure:23235: $? = 0
configure:23235: result: yes
configure:23250: checking whether __builtin_clz is declared
configure:23250: g++ -std=c++11 -c -g -O2 -Wall -Wextra -Wformat -Wvla -Wformat-security -Wno-unused-parameter -Wno-unknown-pragmas  -DTSC_BUILD -DHAVE_BUILD_INFO -D__STDC_FORMAT_MACROS conftest.cpp >&5
configure:23250: $? = 0
configure:23250: result: yes
configure:23260: checking whether __builtin_clzl is declared
configure:23260: g++ -std=c++11 -c -g -O2 -Wall -Wextra -Wformat -Wvla -Wformat-security -Wno-unused-parameter -Wno-unknown-pragmas  -DTSC_BUILD -DHAVE_BUILD_INFO -D__STDC_FORMAT_MACROS conftest.cpp >&5
configure:23260: $? = 0
configure:23260: result: yes
configure:23270: checking whether __builtin_clzll is declared
configure:23270: g++ -std=c++11 -c -g -O2 -Wall -Wextra -Wformat -Wvla -Wformat-security -Wno-unused-parameter -Wno-unknown-pragmas  -DTSC_BUILD -DHAVE_BUILD_INFO -D__STDC_FORMAT_MACROS conftest.cpp >&5
configure:23270: $? = 0
configure:23270: result: yes
configure:23282: checking for MSG_NOSIGNAL
configure:23295: g++ -std=c++11 -c -g -O2 -Wall -Wextra -Wformat -Wvla -Wformat-security -Wno-unused-parameter -Wno-unknown-pragmas  -DTSC_BUILD -DHAVE_BUILD_INFO -D__STDC_FORMAT_MACROS conftest.cpp >&5
conftest.cpp: In function 'int main()':
conftest.cpp:62:6: warning: unused variable 'f' [-Wunused-variable]
  int f = MSG_NOSIGNAL;
      ^
configure:23295: $? = 0
configure:23296: result: yes
configure:23307: checking for MSG_DONTWAIT
configure:23320: g++ -std=c++11 -c -g -O2 -Wall -Wextra -Wformat -Wvla -Wformat-security -Wno-unused-parameter -Wno-unknown-pragmas  -DTSC_BUILD -DHAVE_BUILD_INFO -D__STDC_FORMAT_MACROS conftest.cpp >&5
conftest.cpp: In function 'int main()':
conftest.cpp:63:6: warning: unused variable 'f' [-Wunused-variable]
  int f = MSG_DONTWAIT;
      ^
configure:23320: $? = 0
configure:23321: result: yes
configure:23332: checking for getmemoryinfo
configure:23345: g++ -std=c++11 -c -g -O2 -Wall -Wextra -Wformat -Wvla -Wformat-security -Wno-unused-parameter -Wno-unknown-pragmas  -DTSC_BUILD -DHAVE_BUILD_INFO -D__STDC_FORMAT_MACROS conftest.cpp >&5
conftest.cpp: In function 'int main()':
conftest.cpp:64:6: warning: unused variable 'f' [-Wunused-variable]
  int f = malloc_info(0, NULL);
      ^
configure:23345: $? = 0
configure:23346: result: yes
configure:23357: checking for mallopt M_ARENA_MAX
configure:23370: g++ -std=c++11 -c -g -O2 -Wall -Wextra -Wformat -Wvla -Wformat-security -Wno-unused-parameter -Wno-unknown-pragmas  -DTSC_BUILD -DHAVE_BUILD_INFO -D__STDC_FORMAT_MACROS conftest.cpp >&5
configure:23370: $? = 0
configure:23371: result: yes
configure:23382: checking for visibility attribute
configure:23391: g++ -std=c++11 -o conftest -g -O2 -Wall -Wextra -Wformat -Wvla -Wformat-security -Wno-unused-parameter -Wno-unknown-pragmas  -DTSC_BUILD -DHAVE_BUILD_INFO -D__STDC_FORMAT_MACROS  conftest.cpp  >&5
configure:23391: $? = 0
configure:23396: result: yes
configure:23413: checking for Linux getrandom syscall
configure:23428: g++ -std=c++11 -c -g -O2 -Wall -Wextra -Wformat -Wvla -Wformat-security -Wno-unused-parameter -Wno-unknown-pragmas  -DTSC_BUILD -DHAVE_BUILD_INFO -D__STDC_FORMAT_MACROS conftest.cpp >&5
configure:23428: $? = 0
configure:23429: result: yes
configure:23440: checking for getentropy
configure:23453: g++ -std=c++11 -c -g -O2 -Wall -Wextra -Wformat -Wvla -Wformat-security -Wno-unused-parameter -Wno-unknown-pragmas  -DTSC_BUILD -DHAVE_BUILD_INFO -D__STDC_FORMAT_MACROS conftest.cpp >&5
conftest.cpp: In function 'int main()':
conftest.cpp:68:24: error: 'getentropy' was not declared in this scope
  getentropy(nullptr, 32)
                        ^
configure:23453: $? = 1
configure: failed program was:
| /* confdefs.h */
| #define PACKAGE_NAME "Tsc Core"
| #define PACKAGE_TARNAME "tsc"
| #define PACKAGE_VERSION "0.15.2"
| #define PACKAGE_STRING "Tsc Core 0.15.2"
| #define PACKAGE_BUGREPORT "https://github.com/tscproject/tsc/issues"
| #define PACKAGE_URL "https://tsc.org/"
| #define HAVE_CXX11 1
| #define STDC_HEADERS 1
| #define HAVE_SYS_TYPES_H 1
| #define HAVE_SYS_STAT_H 1
| #define HAVE_STDLIB_H 1
| #define HAVE_STRING_H 1
| #define HAVE_MEMORY_H 1
| #define HAVE_STRINGS_H 1
| #define HAVE_INTTYPES_H 1
| #define HAVE_STDINT_H 1
| #define HAVE_UNISTD_H 1
| #define HAVE_DLFCN_H 1
| #define LT_OBJDIR ".libs/"
| #define HAVE_PTHREAD_PRIO_INHERIT 1
| #define HAVE_PTHREAD 1
| #define HAVE_DECL_STRERROR_R 1
| #define HAVE_STRERROR_R 1
| #define STRERROR_R_CHAR_P 1
| #define HAVE_FUNC_ATTRIBUTE_VISIBILITY 1
| #define HAVE_ENDIAN_H 1
| #define HAVE_BYTESWAP_H 1
| #define HAVE_STDIO_H 1
| #define HAVE_STDLIB_H 1
| #define HAVE_UNISTD_H 1
| #define HAVE_STRINGS_H 1
| #define HAVE_SYS_TYPES_H 1
| #define HAVE_SYS_STAT_H 1
| #define HAVE_SYS_SELECT_H 1
| #define HAVE_SYS_PRCTL_H 1
| #define HAVE_DECL_STRNLEN 1
| #define HAVE_DECL_DAEMON 1
| #define HAVE_DECL_LE16TOH 1
| #define HAVE_DECL_LE32TOH 1
| #define HAVE_DECL_LE64TOH 1
| #define HAVE_DECL_HTOLE16 1
| #define HAVE_DECL_HTOLE32 1
| #define HAVE_DECL_HTOLE64 1
| #define HAVE_DECL_BE16TOH 1
| #define HAVE_DECL_BE32TOH 1
| #define HAVE_DECL_BE64TOH 1
| #define HAVE_DECL_HTOBE16 1
| #define HAVE_DECL_HTOBE32 1
| #define HAVE_DECL_HTOBE64 1
| #define HAVE_DECL_BSWAP_16 1
| #define HAVE_DECL_BSWAP_32 1
| #define HAVE_DECL_BSWAP_64 1
| #define HAVE_DECL___BUILTIN_CLZ 1
| #define HAVE_DECL___BUILTIN_CLZL 1
| #define HAVE_DECL___BUILTIN_CLZLL 1
| #define HAVE_MSG_NOSIGNAL 1
| #define HAVE_MSG_DONTWAIT 1
| #define HAVE_MALLOC_INFO 1
| #define HAVE_MALLOPT_ARENA_MAX 1
| #define HAVE_VISIBILITY_ATTRIBUTE 1
| #define HAVE_SYS_GETRANDOM 1
| /* end confdefs.h.  */
| #include <unistd.h>
| int
| main ()
| {
|  getentropy(nullptr, 32)
|   ;
|   return 0;
| }
configure:23459: result: no
configure:23465: checking for getentropy via random.h
configure:23479: g++ -std=c++11 -c -g -O2 -Wall -Wextra -Wformat -Wvla -Wformat-security -Wno-unused-parameter -Wno-unknown-pragmas  -DTSC_BUILD -DHAVE_BUILD_INFO -D__STDC_FORMAT_MACROS conftest.cpp >&5
conftest.cpp:65:25: fatal error: sys/random.h: No such file or directory
compilation terminated.
configure:23479: $? = 1
configure: failed program was:
| /* confdefs.h */
| #define PACKAGE_NAME "Tsc Core"
| #define PACKAGE_TARNAME "tsc"
| #define PACKAGE_VERSION "0.15.2"
| #define PACKAGE_STRING "Tsc Core 0.15.2"
| #define PACKAGE_BUGREPORT "https://github.com/tscproject/tsc/issues"
| #define PACKAGE_URL "https://tsc.org/"
| #define HAVE_CXX11 1
| #define STDC_HEADERS 1
| #define HAVE_SYS_TYPES_H 1
| #define HAVE_SYS_STAT_H 1
| #define HAVE_STDLIB_H 1
| #define HAVE_STRING_H 1
| #define HAVE_MEMORY_H 1
| #define HAVE_STRINGS_H 1
| #define HAVE_INTTYPES_H 1
| #define HAVE_STDINT_H 1
| #define HAVE_UNISTD_H 1
| #define HAVE_DLFCN_H 1
| #define LT_OBJDIR ".libs/"
| #define HAVE_PTHREAD_PRIO_INHERIT 1
| #define HAVE_PTHREAD 1
| #define HAVE_DECL_STRERROR_R 1
| #define HAVE_STRERROR_R 1
| #define STRERROR_R_CHAR_P 1
| #define HAVE_FUNC_ATTRIBUTE_VISIBILITY 1
| #define HAVE_ENDIAN_H 1
| #define HAVE_BYTESWAP_H 1
| #define HAVE_STDIO_H 1
| #define HAVE_STDLIB_H 1
| #define HAVE_UNISTD_H 1
| #define HAVE_STRINGS_H 1
| #define HAVE_SYS_TYPES_H 1
| #define HAVE_SYS_STAT_H 1
| #define HAVE_SYS_SELECT_H 1
| #define HAVE_SYS_PRCTL_H 1
| #define HAVE_DECL_STRNLEN 1
| #define HAVE_DECL_DAEMON 1
| #define HAVE_DECL_LE16TOH 1
| #define HAVE_DECL_LE32TOH 1
| #define HAVE_DECL_LE64TOH 1
| #define HAVE_DECL_HTOLE16 1
| #define HAVE_DECL_HTOLE32 1
| #define HAVE_DECL_HTOLE64 1
| #define HAVE_DECL_BE16TOH 1
| #define HAVE_DECL_BE32TOH 1
| #define HAVE_DECL_BE64TOH 1
| #define HAVE_DECL_HTOBE16 1
| #define HAVE_DECL_HTOBE32 1
| #define HAVE_DECL_HTOBE64 1
| #define HAVE_DECL_BSWAP_16 1
| #define HAVE_DECL_BSWAP_32 1
| #define HAVE_DECL_BSWAP_64 1
| #define HAVE_DECL___BUILTIN_CLZ 1
| #define HAVE_DECL___BUILTIN_CLZL 1
| #define HAVE_DECL___BUILTIN_CLZLL 1
| #define HAVE_MSG_NOSIGNAL 1
| #define HAVE_MSG_DONTWAIT 1
| #define HAVE_MALLOC_INFO 1
| #define HAVE_MALLOPT_ARENA_MAX 1
| #define HAVE_VISIBILITY_ATTRIBUTE 1
| #define HAVE_SYS_GETRANDOM 1
| /* end confdefs.h.  */
| #include <unistd.h>
|  #include <sys/random.h>
| int
| main ()
| {
|  getentropy(nullptr, 32)
|   ;
|   return 0;
| }
configure:23485: result: no
configure:23491: checking for sysctl KERN_ARND
configure:23506: g++ -std=c++11 -c -g -O2 -Wall -Wextra -Wformat -Wvla -Wformat-security -Wno-unused-parameter -Wno-unknown-pragmas  -DTSC_BUILD -DHAVE_BUILD_INFO -D__STDC_FORMAT_MACROS conftest.cpp >&5
conftest.cpp: In function 'int main()':
conftest.cpp:69:40: error: 'KERN_ARND' was not declared in this scope
  static const int name[2] = {CTL_KERN, KERN_ARND};
                                        ^
conftest.cpp:70:49: error: invalid conversion from 'const int*' to 'int*' [-fpermissive]
     sysctl(name, 2, nullptr, nullptr, nullptr, 0);
                                                 ^
In file included from conftest.cpp:65:0:
/usr/include/x86_64-linux-gnu/sys/sysctl.h:68:12: note:   initializing argument 1 of 'int sysctl(int*, int, void*, size_t*, void*, size_t)'
 extern int sysctl (int *__name, int __nlen, void *__oldval,
            ^
configure:23506: $? = 1
configure: failed program was:
| /* confdefs.h */
| #define PACKAGE_NAME "Tsc Core"
| #define PACKAGE_TARNAME "tsc"
| #define PACKAGE_VERSION "0.15.2"
| #define PACKAGE_STRING "Tsc Core 0.15.2"
| #define PACKAGE_BUGREPORT "https://github.com/tscproject/tsc/issues"
| #define PACKAGE_URL "https://tsc.org/"
| #define HAVE_CXX11 1
| #define STDC_HEADERS 1
| #define HAVE_SYS_TYPES_H 1
| #define HAVE_SYS_STAT_H 1
| #define HAVE_STDLIB_H 1
| #define HAVE_STRING_H 1
| #define HAVE_MEMORY_H 1
| #define HAVE_STRINGS_H 1
| #define HAVE_INTTYPES_H 1
| #define HAVE_STDINT_H 1
| #define HAVE_UNISTD_H 1
| #define HAVE_DLFCN_H 1
| #define LT_OBJDIR ".libs/"
| #define HAVE_PTHREAD_PRIO_INHERIT 1
| #define HAVE_PTHREAD 1
| #define HAVE_DECL_STRERROR_R 1
| #define HAVE_STRERROR_R 1
| #define STRERROR_R_CHAR_P 1
| #define HAVE_FUNC_ATTRIBUTE_VISIBILITY 1
| #define HAVE_ENDIAN_H 1
| #define HAVE_BYTESWAP_H 1
| #define HAVE_STDIO_H 1
| #define HAVE_STDLIB_H 1
| #define HAVE_UNISTD_H 1
| #define HAVE_STRINGS_H 1
| #define HAVE_SYS_TYPES_H 1
| #define HAVE_SYS_STAT_H 1
| #define HAVE_SYS_SELECT_H 1
| #define HAVE_SYS_PRCTL_H 1
| #define HAVE_DECL_STRNLEN 1
| #define HAVE_DECL_DAEMON 1
| #define HAVE_DECL_LE16TOH 1
| #define HAVE_DECL_LE32TOH 1
| #define HAVE_DECL_LE64TOH 1
| #define HAVE_DECL_HTOLE16 1
| #define HAVE_DECL_HTOLE32 1
| #define HAVE_DECL_HTOLE64 1
| #define HAVE_DECL_BE16TOH 1
| #define HAVE_DECL_BE32TOH 1
| #define HAVE_DECL_BE64TOH 1
| #define HAVE_DECL_HTOBE16 1
| #define HAVE_DECL_HTOBE32 1
| #define HAVE_DECL_HTOBE64 1
| #define HAVE_DECL_BSWAP_16 1
| #define HAVE_DECL_BSWAP_32 1
| #define HAVE_DECL_BSWAP_64 1
| #define HAVE_DECL___BUILTIN_CLZ 1
| #define HAVE_DECL___BUILTIN_CLZL 1
| #define HAVE_DECL___BUILTIN_CLZLL 1
| #define HAVE_MSG_NOSIGNAL 1
| #define HAVE_MSG_DONTWAIT 1
| #define HAVE_MALLOC_INFO 1
| #define HAVE_MALLOPT_ARENA_MAX 1
| #define HAVE_VISIBILITY_ATTRIBUTE 1
| #define HAVE_SYS_GETRANDOM 1
| /* end confdefs.h.  */
| #include <sys/types.h>
|   #include <sys/sysctl.h>
| int
| main ()
| {
|  static const int name[2] = {CTL_KERN, KERN_ARND};
|     sysctl(name, 2, nullptr, nullptr, nullptr, 0);
|   ;
|   return 0;
| }
configure:23512: result: no
configure:23593: checking for Berkeley DB C++ headers
configure:23623: g++ -std=c++11 -c -g -O2 -Wall -Wextra -Wformat -Wvla -Wformat-security -Wno-unused-parameter -Wno-unknown-pragmas  -DTSC_BUILD -DHAVE_BUILD_INFO -D__STDC_FORMAT_MACROS conftest.cpp >&5
conftest.cpp:65:35: fatal error: bdb4.8/db_cxx.h: No such file or directory
compilation terminated.
configure:23623: $? = 1
configure: failed program was:
| /* confdefs.h */
| #define PACKAGE_NAME "Tsc Core"
| #define PACKAGE_TARNAME "tsc"
| #define PACKAGE_VERSION "0.15.2"
| #define PACKAGE_STRING "Tsc Core 0.15.2"
| #define PACKAGE_BUGREPORT "https://github.com/tscproject/tsc/issues"
| #define PACKAGE_URL "https://tsc.org/"
| #define HAVE_CXX11 1
| #define STDC_HEADERS 1
| #define HAVE_SYS_TYPES_H 1
| #define HAVE_SYS_STAT_H 1
| #define HAVE_STDLIB_H 1
| #define HAVE_STRING_H 1
| #define HAVE_MEMORY_H 1
| #define HAVE_STRINGS_H 1
| #define HAVE_INTTYPES_H 1
| #define HAVE_STDINT_H 1
| #define HAVE_UNISTD_H 1
| #define HAVE_DLFCN_H 1
| #define LT_OBJDIR ".libs/"
| #define HAVE_PTHREAD_PRIO_INHERIT 1
| #define HAVE_PTHREAD 1
| #define HAVE_DECL_STRERROR_R 1
| #define HAVE_STRERROR_R 1
| #define STRERROR_R_CHAR_P 1
| #define HAVE_FUNC_ATTRIBUTE_VISIBILITY 1
| #define HAVE_ENDIAN_H 1
| #define HAVE_BYTESWAP_H 1
| #define HAVE_STDIO_H 1
| #define HAVE_STDLIB_H 1
| #define HAVE_UNISTD_H 1
| #define HAVE_STRINGS_H 1
| #define HAVE_SYS_TYPES_H 1
| #define HAVE_SYS_STAT_H 1
| #define HAVE_SYS_SELECT_H 1
| #define HAVE_SYS_PRCTL_H 1
| #define HAVE_DECL_STRNLEN 1
| #define HAVE_DECL_DAEMON 1
| #define HAVE_DECL_LE16TOH 1
| #define HAVE_DECL_LE32TOH 1
| #define HAVE_DECL_LE64TOH 1
| #define HAVE_DECL_HTOLE16 1
| #define HAVE_DECL_HTOLE32 1
| #define HAVE_DECL_HTOLE64 1
| #define HAVE_DECL_BE16TOH 1
| #define HAVE_DECL_BE32TOH 1
| #define HAVE_DECL_BE64TOH 1
| #define HAVE_DECL_HTOBE16 1
| #define HAVE_DECL_HTOBE32 1
| #define HAVE_DECL_HTOBE64 1
| #define HAVE_DECL_BSWAP_16 1
| #define HAVE_DECL_BSWAP_32 1
| #define HAVE_DECL_BSWAP_64 1
| #define HAVE_DECL___BUILTIN_CLZ 1
| #define HAVE_DECL___BUILTIN_CLZL 1
| #define HAVE_DECL___BUILTIN_CLZLL 1
| #define HAVE_MSG_NOSIGNAL 1
| #define HAVE_MSG_DONTWAIT 1
| #define HAVE_MALLOC_INFO 1
| #define HAVE_MALLOPT_ARENA_MAX 1
| #define HAVE_VISIBILITY_ATTRIBUTE 1
| #define HAVE_SYS_GETRANDOM 1
| /* end confdefs.h.  */
| 
|         #include <bdb4.8/db_cxx.h>
| 
| int
| main ()
| {
| 
|         #if !((DB_VERSION_MAJOR == 4 && DB_VERSION_MINOR >= 8) || DB_VERSION_MAJOR > 4)
|           #error "failed to find bdb 4.8+"
|         #endif
| 
|   ;
|   return 0;
| }
configure:23623: g++ -std=c++11 -c -g -O2 -Wall -Wextra -Wformat -Wvla -Wformat-security -Wno-unused-parameter -Wno-unknown-pragmas  -DTSC_BUILD -DHAVE_BUILD_INFO -D__STDC_FORMAT_MACROS conftest.cpp >&5
conftest.cpp:65:37: fatal error: libdb4.8/db_cxx.h: No such file or directory
compilation terminated.
configure:23623: $? = 1
configure: failed program was:
| /* confdefs.h */
| #define PACKAGE_NAME "Tsc Core"
| #define PACKAGE_TARNAME "tsc"
| #define PACKAGE_VERSION "0.15.2"
| #define PACKAGE_STRING "Tsc Core 0.15.2"
| #define PACKAGE_BUGREPORT "https://github.com/tscproject/tsc/issues"
| #define PACKAGE_URL "https://tsc.org/"
| #define HAVE_CXX11 1
| #define STDC_HEADERS 1
| #define HAVE_SYS_TYPES_H 1
| #define HAVE_SYS_STAT_H 1
| #define HAVE_STDLIB_H 1
| #define HAVE_STRING_H 1
| #define HAVE_MEMORY_H 1
| #define HAVE_STRINGS_H 1
| #define HAVE_INTTYPES_H 1
| #define HAVE_STDINT_H 1
| #define HAVE_UNISTD_H 1
| #define HAVE_DLFCN_H 1
| #define LT_OBJDIR ".libs/"
| #define HAVE_PTHREAD_PRIO_INHERIT 1
| #define HAVE_PTHREAD 1
| #define HAVE_DECL_STRERROR_R 1
| #define HAVE_STRERROR_R 1
| #define STRERROR_R_CHAR_P 1
| #define HAVE_FUNC_ATTRIBUTE_VISIBILITY 1
| #define HAVE_ENDIAN_H 1
| #define HAVE_BYTESWAP_H 1
| #define HAVE_STDIO_H 1
| #define HAVE_STDLIB_H 1
| #define HAVE_UNISTD_H 1
| #define HAVE_STRINGS_H 1
| #define HAVE_SYS_TYPES_H 1
| #define HAVE_SYS_STAT_H 1
| #define HAVE_SYS_SELECT_H 1
| #define HAVE_SYS_PRCTL_H 1
| #define HAVE_DECL_STRNLEN 1
| #define HAVE_DECL_DAEMON 1
| #define HAVE_DECL_LE16TOH 1
| #define HAVE_DECL_LE32TOH 1
| #define HAVE_DECL_LE64TOH 1
| #define HAVE_DECL_HTOLE16 1
| #define HAVE_DECL_HTOLE32 1
| #define HAVE_DECL_HTOLE64 1
| #define HAVE_DECL_BE16TOH 1
| #define HAVE_DECL_BE32TOH 1
| #define HAVE_DECL_BE64TOH 1
| #define HAVE_DECL_HTOBE16 1
| #define HAVE_DECL_HTOBE32 1
| #define HAVE_DECL_HTOBE64 1
| #define HAVE_DECL_BSWAP_16 1
| #define HAVE_DECL_BSWAP_32 1
| #define HAVE_DECL_BSWAP_64 1
| #define HAVE_DECL___BUILTIN_CLZ 1
| #define HAVE_DECL___BUILTIN_CLZL 1
| #define HAVE_DECL___BUILTIN_CLZLL 1
| #define HAVE_MSG_NOSIGNAL 1
| #define HAVE_MSG_DONTWAIT 1
| #define HAVE_MALLOC_INFO 1
| #define HAVE_MALLOPT_ARENA_MAX 1
| #define HAVE_VISIBILITY_ATTRIBUTE 1
| #define HAVE_SYS_GETRANDOM 1
| /* end confdefs.h.  */
| 
|         #include <libdb4.8/db_cxx.h>
| 
| int
| main ()
| {
| 
|         #if !((DB_VERSION_MAJOR == 4 && DB_VERSION_MINOR >= 8) || DB_VERSION_MAJOR > 4)
|           #error "failed to find bdb 4.8+"
|         #endif
| 
|   ;
|   return 0;
| }
configure:23623: g++ -std=c++11 -c -g -O2 -Wall -Wextra -Wformat -Wvla -Wformat-security -Wno-unused-parameter -Wno-unknown-pragmas  -DTSC_BUILD -DHAVE_BUILD_INFO -D__STDC_FORMAT_MACROS conftest.cpp >&5
conftest.cpp:65:34: fatal error: db4.8/db_cxx.h: No such file or directory
compilation terminated.
configure:23623: $? = 1
configure: failed program was:
| /* confdefs.h */
| #define PACKAGE_NAME "Tsc Core"
| #define PACKAGE_TARNAME "tsc"
| #define PACKAGE_VERSION "0.15.2"
| #define PACKAGE_STRING "Tsc Core 0.15.2"
| #define PACKAGE_BUGREPORT "https://github.com/tscproject/tsc/issues"
| #define PACKAGE_URL "https://tsc.org/"
| #define HAVE_CXX11 1
| #define STDC_HEADERS 1
| #define HAVE_SYS_TYPES_H 1
| #define HAVE_SYS_STAT_H 1
| #define HAVE_STDLIB_H 1
| #define HAVE_STRING_H 1
| #define HAVE_MEMORY_H 1
| #define HAVE_STRINGS_H 1
| #define HAVE_INTTYPES_H 1
| #define HAVE_STDINT_H 1
| #define HAVE_UNISTD_H 1
| #define HAVE_DLFCN_H 1
| #define LT_OBJDIR ".libs/"
| #define HAVE_PTHREAD_PRIO_INHERIT 1
| #define HAVE_PTHREAD 1
| #define HAVE_DECL_STRERROR_R 1
| #define HAVE_STRERROR_R 1
| #define STRERROR_R_CHAR_P 1
| #define HAVE_FUNC_ATTRIBUTE_VISIBILITY 1
| #define HAVE_ENDIAN_H 1
| #define HAVE_BYTESWAP_H 1
| #define HAVE_STDIO_H 1
| #define HAVE_STDLIB_H 1
| #define HAVE_UNISTD_H 1
| #define HAVE_STRINGS_H 1
| #define HAVE_SYS_TYPES_H 1
| #define HAVE_SYS_STAT_H 1
| #define HAVE_SYS_SELECT_H 1
| #define HAVE_SYS_PRCTL_H 1
| #define HAVE_DECL_STRNLEN 1
| #define HAVE_DECL_DAEMON 1
| #define HAVE_DECL_LE16TOH 1
| #define HAVE_DECL_LE32TOH 1
| #define HAVE_DECL_LE64TOH 1
| #define HAVE_DECL_HTOLE16 1
| #define HAVE_DECL_HTOLE32 1
| #define HAVE_DECL_HTOLE64 1
| #define HAVE_DECL_BE16TOH 1
| #define HAVE_DECL_BE32TOH 1
| #define HAVE_DECL_BE64TOH 1
| #define HAVE_DECL_HTOBE16 1
| #define HAVE_DECL_HTOBE32 1
| #define HAVE_DECL_HTOBE64 1
| #define HAVE_DECL_BSWAP_16 1
| #define HAVE_DECL_BSWAP_32 1
| #define HAVE_DECL_BSWAP_64 1
| #define HAVE_DECL___BUILTIN_CLZ 1
| #define HAVE_DECL___BUILTIN_CLZL 1
| #define HAVE_DECL___BUILTIN_CLZLL 1
| #define HAVE_MSG_NOSIGNAL 1
| #define HAVE_MSG_DONTWAIT 1
| #define HAVE_MALLOC_INFO 1
| #define HAVE_MALLOPT_ARENA_MAX 1
| #define HAVE_VISIBILITY_ATTRIBUTE 1
| #define HAVE_SYS_GETRANDOM 1
| /* end confdefs.h.  */
| 
|         #include <db4.8/db_cxx.h>
| 
| int
| main ()
| {
| 
|         #if !((DB_VERSION_MAJOR == 4 && DB_VERSION_MINOR >= 8) || DB_VERSION_MAJOR > 4)
|           #error "failed to find bdb 4.8+"
|         #endif
| 
|   ;
|   return 0;
| }
configure:23623: g++ -std=c++11 -c -g -O2 -Wall -Wextra -Wformat -Wvla -Wformat-security -Wno-unused-parameter -Wno-unknown-pragmas  -DTSC_BUILD -DHAVE_BUILD_INFO -D__STDC_FORMAT_MACROS conftest.cpp >&5
conftest.cpp:65:34: fatal error: bdb48/db_cxx.h: No such file or directory
compilation terminated.
configure:23623: $? = 1
configure: failed program was:
| /* confdefs.h */
| #define PACKAGE_NAME "Tsc Core"
| #define PACKAGE_TARNAME "tsc"
| #define PACKAGE_VERSION "0.15.2"
| #define PACKAGE_STRING "Tsc Core 0.15.2"
| #define PACKAGE_BUGREPORT "https://github.com/tscproject/tsc/issues"
| #define PACKAGE_URL "https://tsc.org/"
| #define HAVE_CXX11 1
| #define STDC_HEADERS 1
| #define HAVE_SYS_TYPES_H 1
| #define HAVE_SYS_STAT_H 1
| #define HAVE_STDLIB_H 1
| #define HAVE_STRING_H 1
| #define HAVE_MEMORY_H 1
| #define HAVE_STRINGS_H 1
| #define HAVE_INTTYPES_H 1
| #define HAVE_STDINT_H 1
| #define HAVE_UNISTD_H 1
| #define HAVE_DLFCN_H 1
| #define LT_OBJDIR ".libs/"
| #define HAVE_PTHREAD_PRIO_INHERIT 1
| #define HAVE_PTHREAD 1
| #define HAVE_DECL_STRERROR_R 1
| #define HAVE_STRERROR_R 1
| #define STRERROR_R_CHAR_P 1
| #define HAVE_FUNC_ATTRIBUTE_VISIBILITY 1
| #define HAVE_ENDIAN_H 1
| #define HAVE_BYTESWAP_H 1
| #define HAVE_STDIO_H 1
| #define HAVE_STDLIB_H 1
| #define HAVE_UNISTD_H 1
| #define HAVE_STRINGS_H 1
| #define HAVE_SYS_TYPES_H 1
| #define HAVE_SYS_STAT_H 1
| #define HAVE_SYS_SELECT_H 1
| #define HAVE_SYS_PRCTL_H 1
| #define HAVE_DECL_STRNLEN 1
| #define HAVE_DECL_DAEMON 1
| #define HAVE_DECL_LE16TOH 1
| #define HAVE_DECL_LE32TOH 1
| #define HAVE_DECL_LE64TOH 1
| #define HAVE_DECL_HTOLE16 1
| #define HAVE_DECL_HTOLE32 1
| #define HAVE_DECL_HTOLE64 1
| #define HAVE_DECL_BE16TOH 1
| #define HAVE_DECL_BE32TOH 1
| #define HAVE_DECL_BE64TOH 1
| #define HAVE_DECL_HTOBE16 1
| #define HAVE_DECL_HTOBE32 1
| #define HAVE_DECL_HTOBE64 1
| #define HAVE_DECL_BSWAP_16 1
| #define HAVE_DECL_BSWAP_32 1
| #define HAVE_DECL_BSWAP_64 1
| #define HAVE_DECL___BUILTIN_CLZ 1
| #define HAVE_DECL___BUILTIN_CLZL 1
| #define HAVE_DECL___BUILTIN_CLZLL 1
| #define HAVE_MSG_NOSIGNAL 1
| #define HAVE_MSG_DONTWAIT 1
| #define HAVE_MALLOC_INFO 1
| #define HAVE_MALLOPT_ARENA_MAX 1
| #define HAVE_VISIBILITY_ATTRIBUTE 1
| #define HAVE_SYS_GETRANDOM 1
| /* end confdefs.h.  */
| 
|         #include <bdb48/db_cxx.h>
| 
| int
| main ()
| {
| 
|         #if !((DB_VERSION_MAJOR == 4 && DB_VERSION_MINOR >= 8) || DB_VERSION_MAJOR > 4)
|           #error "failed to find bdb 4.8+"
|         #endif
| 
|   ;
|   return 0;
| }
configure:23623: g++ -std=c++11 -c -g -O2 -Wall -Wextra -Wformat -Wvla -Wformat-security -Wno-unused-parameter -Wno-unknown-pragmas  -DTSC_BUILD -DHAVE_BUILD_INFO -D__STDC_FORMAT_MACROS conftest.cpp >&5
conftest.cpp:65:36: fatal error: libdb48/db_cxx.h: No such file or directory
compilation terminated.
configure:23623: $? = 1
configure: failed program was:
| /* confdefs.h */
| #define PACKAGE_NAME "Tsc Core"
| #define PACKAGE_TARNAME "tsc"
| #define PACKAGE_VERSION "0.15.2"
| #define PACKAGE_STRING "Tsc Core 0.15.2"
| #define PACKAGE_BUGREPORT "https://github.com/tscproject/tsc/issues"
| #define PACKAGE_URL "https://tsc.org/"
| #define HAVE_CXX11 1
| #define STDC_HEADERS 1
| #define HAVE_SYS_TYPES_H 1
| #define HAVE_SYS_STAT_H 1
| #define HAVE_STDLIB_H 1
| #define HAVE_STRING_H 1
| #define HAVE_MEMORY_H 1
| #define HAVE_STRINGS_H 1
| #define HAVE_INTTYPES_H 1
| #define HAVE_STDINT_H 1
| #define HAVE_UNISTD_H 1
| #define HAVE_DLFCN_H 1
| #define LT_OBJDIR ".libs/"
| #define HAVE_PTHREAD_PRIO_INHERIT 1
| #define HAVE_PTHREAD 1
| #define HAVE_DECL_STRERROR_R 1
| #define HAVE_STRERROR_R 1
| #define STRERROR_R_CHAR_P 1
| #define HAVE_FUNC_ATTRIBUTE_VISIBILITY 1
| #define HAVE_ENDIAN_H 1
| #define HAVE_BYTESWAP_H 1
| #define HAVE_STDIO_H 1
| #define HAVE_STDLIB_H 1
| #define HAVE_UNISTD_H 1
| #define HAVE_STRINGS_H 1
| #define HAVE_SYS_TYPES_H 1
| #define HAVE_SYS_STAT_H 1
| #define HAVE_SYS_SELECT_H 1
| #define HAVE_SYS_PRCTL_H 1
| #define HAVE_DECL_STRNLEN 1
| #define HAVE_DECL_DAEMON 1
| #define HAVE_DECL_LE16TOH 1
| #define HAVE_DECL_LE32TOH 1
| #define HAVE_DECL_LE64TOH 1
| #define HAVE_DECL_HTOLE16 1
| #define HAVE_DECL_HTOLE32 1
| #define HAVE_DECL_HTOLE64 1
| #define HAVE_DECL_BE16TOH 1
| #define HAVE_DECL_BE32TOH 1
| #define HAVE_DECL_BE64TOH 1
| #define HAVE_DECL_HTOBE16 1
| #define HAVE_DECL_HTOBE32 1
| #define HAVE_DECL_HTOBE64 1
| #define HAVE_DECL_BSWAP_16 1
| #define HAVE_DECL_BSWAP_32 1
| #define HAVE_DECL_BSWAP_64 1
| #define HAVE_DECL___BUILTIN_CLZ 1
| #define HAVE_DECL___BUILTIN_CLZL 1
| #define HAVE_DECL___BUILTIN_CLZLL 1
| #define HAVE_MSG_NOSIGNAL 1
| #define HAVE_MSG_DONTWAIT 1
| #define HAVE_MALLOC_INFO 1
| #define HAVE_MALLOPT_ARENA_MAX 1
| #define HAVE_VISIBILITY_ATTRIBUTE 1
| #define HAVE_SYS_GETRANDOM 1
| /* end confdefs.h.  */
| 
|         #include <libdb48/db_cxx.h>
| 
| int
| main ()
| {
| 
|         #if !((DB_VERSION_MAJOR == 4 && DB_VERSION_MINOR >= 8) || DB_VERSION_MAJOR > 4)
|           #error "failed to find bdb 4.8+"
|         #endif
| 
|   ;
|   return 0;
| }
configure:23623: g++ -std=c++11 -c -g -O2 -Wall -Wextra -Wformat -Wvla -Wformat-security -Wno-unused-parameter -Wno-unknown-pragmas  -DTSC_BUILD -DHAVE_BUILD_INFO -D__STDC_FORMAT_MACROS conftest.cpp >&5
conftest.cpp:65:33: fatal error: db48/db_cxx.h: No such file or directory
compilation terminated.
configure:23623: $? = 1
configure: failed program was:
| /* confdefs.h */
| #define PACKAGE_NAME "Tsc Core"
| #define PACKAGE_TARNAME "tsc"
| #define PACKAGE_VERSION "0.15.2"
| #define PACKAGE_STRING "Tsc Core 0.15.2"
| #define PACKAGE_BUGREPORT "https://github.com/tscproject/tsc/issues"
| #define PACKAGE_URL "https://tsc.org/"
| #define HAVE_CXX11 1
| #define STDC_HEADERS 1
| #define HAVE_SYS_TYPES_H 1
| #define HAVE_SYS_STAT_H 1
| #define HAVE_STDLIB_H 1
| #define HAVE_STRING_H 1
| #define HAVE_MEMORY_H 1
| #define HAVE_STRINGS_H 1
| #define HAVE_INTTYPES_H 1
| #define HAVE_STDINT_H 1
| #define HAVE_UNISTD_H 1
| #define HAVE_DLFCN_H 1
| #define LT_OBJDIR ".libs/"
| #define HAVE_PTHREAD_PRIO_INHERIT 1
| #define HAVE_PTHREAD 1
| #define HAVE_DECL_STRERROR_R 1
| #define HAVE_STRERROR_R 1
| #define STRERROR_R_CHAR_P 1
| #define HAVE_FUNC_ATTRIBUTE_VISIBILITY 1
| #define HAVE_ENDIAN_H 1
| #define HAVE_BYTESWAP_H 1
| #define HAVE_STDIO_H 1
| #define HAVE_STDLIB_H 1
| #define HAVE_UNISTD_H 1
| #define HAVE_STRINGS_H 1
| #define HAVE_SYS_TYPES_H 1
| #define HAVE_SYS_STAT_H 1
| #define HAVE_SYS_SELECT_H 1
| #define HAVE_SYS_PRCTL_H 1
| #define HAVE_DECL_STRNLEN 1
| #define HAVE_DECL_DAEMON 1
| #define HAVE_DECL_LE16TOH 1
| #define HAVE_DECL_LE32TOH 1
| #define HAVE_DECL_LE64TOH 1
| #define HAVE_DECL_HTOLE16 1
| #define HAVE_DECL_HTOLE32 1
| #define HAVE_DECL_HTOLE64 1
| #define HAVE_DECL_BE16TOH 1
| #define HAVE_DECL_BE32TOH 1
| #define HAVE_DECL_BE64TOH 1
| #define HAVE_DECL_HTOBE16 1
| #define HAVE_DECL_HTOBE32 1
| #define HAVE_DECL_HTOBE64 1
| #define HAVE_DECL_BSWAP_16 1
| #define HAVE_DECL_BSWAP_32 1
| #define HAVE_DECL_BSWAP_64 1
| #define HAVE_DECL___BUILTIN_CLZ 1
| #define HAVE_DECL___BUILTIN_CLZL 1
| #define HAVE_DECL___BUILTIN_CLZLL 1
| #define HAVE_MSG_NOSIGNAL 1
| #define HAVE_MSG_DONTWAIT 1
| #define HAVE_MALLOC_INFO 1
| #define HAVE_MALLOPT_ARENA_MAX 1
| #define HAVE_VISIBILITY_ATTRIBUTE 1
| #define HAVE_SYS_GETRANDOM 1
| /* end confdefs.h.  */
| 
|         #include <db48/db_cxx.h>
| 
| int
| main ()
| {
| 
|         #if !((DB_VERSION_MAJOR == 4 && DB_VERSION_MINOR >= 8) || DB_VERSION_MAJOR > 4)
|           #error "failed to find bdb 4.8+"
|         #endif
| 
|   ;
|   return 0;
| }
configure:23623: g++ -std=c++11 -c -g -O2 -Wall -Wextra -Wformat -Wvla -Wformat-security -Wno-unused-parameter -Wno-unknown-pragmas  -DTSC_BUILD -DHAVE_BUILD_INFO -D__STDC_FORMAT_MACROS conftest.cpp >&5
conftest.cpp:65:33: fatal error: bdb4/db_cxx.h: No such file or directory
compilation terminated.
configure:23623: $? = 1
configure: failed program was:
| /* confdefs.h */
| #define PACKAGE_NAME "Tsc Core"
| #define PACKAGE_TARNAME "tsc"
| #define PACKAGE_VERSION "0.15.2"
| #define PACKAGE_STRING "Tsc Core 0.15.2"
| #define PACKAGE_BUGREPORT "https://github.com/tscproject/tsc/issues"
| #define PACKAGE_URL "https://tsc.org/"
| #define HAVE_CXX11 1
| #define STDC_HEADERS 1
| #define HAVE_SYS_TYPES_H 1
| #define HAVE_SYS_STAT_H 1
| #define HAVE_STDLIB_H 1
| #define HAVE_STRING_H 1
| #define HAVE_MEMORY_H 1
| #define HAVE_STRINGS_H 1
| #define HAVE_INTTYPES_H 1
| #define HAVE_STDINT_H 1
| #define HAVE_UNISTD_H 1
| #define HAVE_DLFCN_H 1
| #define LT_OBJDIR ".libs/"
| #define HAVE_PTHREAD_PRIO_INHERIT 1
| #define HAVE_PTHREAD 1
| #define HAVE_DECL_STRERROR_R 1
| #define HAVE_STRERROR_R 1
| #define STRERROR_R_CHAR_P 1
| #define HAVE_FUNC_ATTRIBUTE_VISIBILITY 1
| #define HAVE_ENDIAN_H 1
| #define HAVE_BYTESWAP_H 1
| #define HAVE_STDIO_H 1
| #define HAVE_STDLIB_H 1
| #define HAVE_UNISTD_H 1
| #define HAVE_STRINGS_H 1
| #define HAVE_SYS_TYPES_H 1
| #define HAVE_SYS_STAT_H 1
| #define HAVE_SYS_SELECT_H 1
| #define HAVE_SYS_PRCTL_H 1
| #define HAVE_DECL_STRNLEN 1
| #define HAVE_DECL_DAEMON 1
| #define HAVE_DECL_LE16TOH 1
| #define HAVE_DECL_LE32TOH 1
| #define HAVE_DECL_LE64TOH 1
| #define HAVE_DECL_HTOLE16 1
| #define HAVE_DECL_HTOLE32 1
| #define HAVE_DECL_HTOLE64 1
| #define HAVE_DECL_BE16TOH 1
| #define HAVE_DECL_BE32TOH 1
| #define HAVE_DECL_BE64TOH 1
| #define HAVE_DECL_HTOBE16 1
| #define HAVE_DECL_HTOBE32 1
| #define HAVE_DECL_HTOBE64 1
| #define HAVE_DECL_BSWAP_16 1
| #define HAVE_DECL_BSWAP_32 1
| #define HAVE_DECL_BSWAP_64 1
| #define HAVE_DECL___BUILTIN_CLZ 1
| #define HAVE_DECL___BUILTIN_CLZL 1
| #define HAVE_DECL___BUILTIN_CLZLL 1
| #define HAVE_MSG_NOSIGNAL 1
| #define HAVE_MSG_DONTWAIT 1
| #define HAVE_MALLOC_INFO 1
| #define HAVE_MALLOPT_ARENA_MAX 1
| #define HAVE_VISIBILITY_ATTRIBUTE 1
| #define HAVE_SYS_GETRANDOM 1
| /* end confdefs.h.  */
| 
|         #include <bdb4/db_cxx.h>
| 
| int
| main ()
| {
| 
|         #if !((DB_VERSION_MAJOR == 4 && DB_VERSION_MINOR >= 8) || DB_VERSION_MAJOR > 4)
|           #error "failed to find bdb 4.8+"
|         #endif
| 
|   ;
|   return 0;
| }
configure:23623: g++ -std=c++11 -c -g -O2 -Wall -Wextra -Wformat -Wvla -Wformat-security -Wno-unused-parameter -Wno-unknown-pragmas  -DTSC_BUILD -DHAVE_BUILD_INFO -D__STDC_FORMAT_MACROS conftest.cpp >&5
conftest.cpp:65:35: fatal error: libdb4/db_cxx.h: No such file or directory
compilation terminated.
configure:23623: $? = 1
configure: failed program was:
| /* confdefs.h */
| #define PACKAGE_NAME "Tsc Core"
| #define PACKAGE_TARNAME "tsc"
| #define PACKAGE_VERSION "0.15.2"
| #define PACKAGE_STRING "Tsc Core 0.15.2"
| #define PACKAGE_BUGREPORT "https://github.com/tscproject/tsc/issues"
| #define PACKAGE_URL "https://tsc.org/"
| #define HAVE_CXX11 1
| #define STDC_HEADERS 1
| #define HAVE_SYS_TYPES_H 1
| #define HAVE_SYS_STAT_H 1
| #define HAVE_STDLIB_H 1
| #define HAVE_STRING_H 1
| #define HAVE_MEMORY_H 1
| #define HAVE_STRINGS_H 1
| #define HAVE_INTTYPES_H 1
| #define HAVE_STDINT_H 1
| #define HAVE_UNISTD_H 1
| #define HAVE_DLFCN_H 1
| #define LT_OBJDIR ".libs/"
| #define HAVE_PTHREAD_PRIO_INHERIT 1
| #define HAVE_PTHREAD 1
| #define HAVE_DECL_STRERROR_R 1
| #define HAVE_STRERROR_R 1
| #define STRERROR_R_CHAR_P 1
| #define HAVE_FUNC_ATTRIBUTE_VISIBILITY 1
| #define HAVE_ENDIAN_H 1
| #define HAVE_BYTESWAP_H 1
| #define HAVE_STDIO_H 1
| #define HAVE_STDLIB_H 1
| #define HAVE_UNISTD_H 1
| #define HAVE_STRINGS_H 1
| #define HAVE_SYS_TYPES_H 1
| #define HAVE_SYS_STAT_H 1
| #define HAVE_SYS_SELECT_H 1
| #define HAVE_SYS_PRCTL_H 1
| #define HAVE_DECL_STRNLEN 1
| #define HAVE_DECL_DAEMON 1
| #define HAVE_DECL_LE16TOH 1
| #define HAVE_DECL_LE32TOH 1
| #define HAVE_DECL_LE64TOH 1
| #define HAVE_DECL_HTOLE16 1
| #define HAVE_DECL_HTOLE32 1
| #define HAVE_DECL_HTOLE64 1
| #define HAVE_DECL_BE16TOH 1
| #define HAVE_DECL_BE32TOH 1
| #define HAVE_DECL_BE64TOH 1
| #define HAVE_DECL_HTOBE16 1
| #define HAVE_DECL_HTOBE32 1
| #define HAVE_DECL_HTOBE64 1
| #define HAVE_DECL_BSWAP_16 1
| #define HAVE_DECL_BSWAP_32 1
| #define HAVE_DECL_BSWAP_64 1
| #define HAVE_DECL___BUILTIN_CLZ 1
| #define HAVE_DECL___BUILTIN_CLZL 1
| #define HAVE_DECL___BUILTIN_CLZLL 1
| #define HAVE_MSG_NOSIGNAL 1
| #define HAVE_MSG_DONTWAIT 1
| #define HAVE_MALLOC_INFO 1
| #define HAVE_MALLOPT_ARENA_MAX 1
| #define HAVE_VISIBILITY_ATTRIBUTE 1
| #define HAVE_SYS_GETRANDOM 1
| /* end confdefs.h.  */
| 
|         #include <libdb4/db_cxx.h>
| 
| int
| main ()
| {
| 
|         #if !((DB_VERSION_MAJOR == 4 && DB_VERSION_MINOR >= 8) || DB_VERSION_MAJOR > 4)
|           #error "failed to find bdb 4.8+"
|         #endif
| 
|   ;
|   return 0;
| }
configure:23623: g++ -std=c++11 -c -g -O2 -Wall -Wextra -Wformat -Wvla -Wformat-security -Wno-unused-parameter -Wno-unknown-pragmas  -DTSC_BUILD -DHAVE_BUILD_INFO -D__STDC_FORMAT_MACROS conftest.cpp >&5
conftest.cpp:65:32: fatal error: db4/db_cxx.h: No such file or directory
compilation terminated.
configure:23623: $? = 1
configure: failed program was:
| /* confdefs.h */
| #define PACKAGE_NAME "Tsc Core"
| #define PACKAGE_TARNAME "tsc"
| #define PACKAGE_VERSION "0.15.2"
| #define PACKAGE_STRING "Tsc Core 0.15.2"
| #define PACKAGE_BUGREPORT "https://github.com/tscproject/tsc/issues"
| #define PACKAGE_URL "https://tsc.org/"
| #define HAVE_CXX11 1
| #define STDC_HEADERS 1
| #define HAVE_SYS_TYPES_H 1
| #define HAVE_SYS_STAT_H 1
| #define HAVE_STDLIB_H 1
| #define HAVE_STRING_H 1
| #define HAVE_MEMORY_H 1
| #define HAVE_STRINGS_H 1
| #define HAVE_INTTYPES_H 1
| #define HAVE_STDINT_H 1
| #define HAVE_UNISTD_H 1
| #define HAVE_DLFCN_H 1
| #define LT_OBJDIR ".libs/"
| #define HAVE_PTHREAD_PRIO_INHERIT 1
| #define HAVE_PTHREAD 1
| #define HAVE_DECL_STRERROR_R 1
| #define HAVE_STRERROR_R 1
| #define STRERROR_R_CHAR_P 1
| #define HAVE_FUNC_ATTRIBUTE_VISIBILITY 1
| #define HAVE_ENDIAN_H 1
| #define HAVE_BYTESWAP_H 1
| #define HAVE_STDIO_H 1
| #define HAVE_STDLIB_H 1
| #define HAVE_UNISTD_H 1
| #define HAVE_STRINGS_H 1
| #define HAVE_SYS_TYPES_H 1
| #define HAVE_SYS_STAT_H 1
| #define HAVE_SYS_SELECT_H 1
| #define HAVE_SYS_PRCTL_H 1
| #define HAVE_DECL_STRNLEN 1
| #define HAVE_DECL_DAEMON 1
| #define HAVE_DECL_LE16TOH 1
| #define HAVE_DECL_LE32TOH 1
| #define HAVE_DECL_LE64TOH 1
| #define HAVE_DECL_HTOLE16 1
| #define HAVE_DECL_HTOLE32 1
| #define HAVE_DECL_HTOLE64 1
| #define HAVE_DECL_BE16TOH 1
| #define HAVE_DECL_BE32TOH 1
| #define HAVE_DECL_BE64TOH 1
| #define HAVE_DECL_HTOBE16 1
| #define HAVE_DECL_HTOBE32 1
| #define HAVE_DECL_HTOBE64 1
| #define HAVE_DECL_BSWAP_16 1
| #define HAVE_DECL_BSWAP_32 1
| #define HAVE_DECL_BSWAP_64 1
| #define HAVE_DECL___BUILTIN_CLZ 1
| #define HAVE_DECL___BUILTIN_CLZL 1
| #define HAVE_DECL___BUILTIN_CLZLL 1
| #define HAVE_MSG_NOSIGNAL 1
| #define HAVE_MSG_DONTWAIT 1
| #define HAVE_MALLOC_INFO 1
| #define HAVE_MALLOPT_ARENA_MAX 1
| #define HAVE_VISIBILITY_ATTRIBUTE 1
| #define HAVE_SYS_GETRANDOM 1
| /* end confdefs.h.  */
| 
|         #include <db4/db_cxx.h>
| 
| int
| main ()
| {
| 
|         #if !((DB_VERSION_MAJOR == 4 && DB_VERSION_MINOR >= 8) || DB_VERSION_MAJOR > 4)
|           #error "failed to find bdb 4.8+"
|         #endif
| 
|   ;
|   return 0;
| }
configure:23623: g++ -std=c++11 -c -g -O2 -Wall -Wextra -Wformat -Wvla -Wformat-security -Wno-unused-parameter -Wno-unknown-pragmas  -DTSC_BUILD -DHAVE_BUILD_INFO -D__STDC_FORMAT_MACROS conftest.cpp >&5
conftest.cpp:65:33: fatal error: bdb5/db_cxx.h: No such file or directory
compilation terminated.
configure:23623: $? = 1
configure: failed program was:
| /* confdefs.h */
| #define PACKAGE_NAME "Tsc Core"
| #define PACKAGE_TARNAME "tsc"
| #define PACKAGE_VERSION "0.15.2"
| #define PACKAGE_STRING "Tsc Core 0.15.2"
| #define PACKAGE_BUGREPORT "https://github.com/tscproject/tsc/issues"
| #define PACKAGE_URL "https://tsc.org/"
| #define HAVE_CXX11 1
| #define STDC_HEADERS 1
| #define HAVE_SYS_TYPES_H 1
| #define HAVE_SYS_STAT_H 1
| #define HAVE_STDLIB_H 1
| #define HAVE_STRING_H 1
| #define HAVE_MEMORY_H 1
| #define HAVE_STRINGS_H 1
| #define HAVE_INTTYPES_H 1
| #define HAVE_STDINT_H 1
| #define HAVE_UNISTD_H 1
| #define HAVE_DLFCN_H 1
| #define LT_OBJDIR ".libs/"
| #define HAVE_PTHREAD_PRIO_INHERIT 1
| #define HAVE_PTHREAD 1
| #define HAVE_DECL_STRERROR_R 1
| #define HAVE_STRERROR_R 1
| #define STRERROR_R_CHAR_P 1
| #define HAVE_FUNC_ATTRIBUTE_VISIBILITY 1
| #define HAVE_ENDIAN_H 1
| #define HAVE_BYTESWAP_H 1
| #define HAVE_STDIO_H 1
| #define HAVE_STDLIB_H 1
| #define HAVE_UNISTD_H 1
| #define HAVE_STRINGS_H 1
| #define HAVE_SYS_TYPES_H 1
| #define HAVE_SYS_STAT_H 1
| #define HAVE_SYS_SELECT_H 1
| #define HAVE_SYS_PRCTL_H 1
| #define HAVE_DECL_STRNLEN 1
| #define HAVE_DECL_DAEMON 1
| #define HAVE_DECL_LE16TOH 1
| #define HAVE_DECL_LE32TOH 1
| #define HAVE_DECL_LE64TOH 1
| #define HAVE_DECL_HTOLE16 1
| #define HAVE_DECL_HTOLE32 1
| #define HAVE_DECL_HTOLE64 1
| #define HAVE_DECL_BE16TOH 1
| #define HAVE_DECL_BE32TOH 1
| #define HAVE_DECL_BE64TOH 1
| #define HAVE_DECL_HTOBE16 1
| #define HAVE_DECL_HTOBE32 1
| #define HAVE_DECL_HTOBE64 1
| #define HAVE_DECL_BSWAP_16 1
| #define HAVE_DECL_BSWAP_32 1
| #define HAVE_DECL_BSWAP_64 1
| #define HAVE_DECL___BUILTIN_CLZ 1
| #define HAVE_DECL___BUILTIN_CLZL 1
| #define HAVE_DECL___BUILTIN_CLZLL 1
| #define HAVE_MSG_NOSIGNAL 1
| #define HAVE_MSG_DONTWAIT 1
| #define HAVE_MALLOC_INFO 1
| #define HAVE_MALLOPT_ARENA_MAX 1
| #define HAVE_VISIBILITY_ATTRIBUTE 1
| #define HAVE_SYS_GETRANDOM 1
| /* end confdefs.h.  */
| 
|         #include <bdb5/db_cxx.h>
| 
| int
| main ()
| {
| 
|         #if !((DB_VERSION_MAJOR == 4 && DB_VERSION_MINOR >= 8) || DB_VERSION_MAJOR > 4)
|           #error "failed to find bdb 4.8+"
|         #endif
| 
|   ;
|   return 0;
| }
configure:23623: g++ -std=c++11 -c -g -O2 -Wall -Wextra -Wformat -Wvla -Wformat-security -Wno-unused-parameter -Wno-unknown-pragmas  -DTSC_BUILD -DHAVE_BUILD_INFO -D__STDC_FORMAT_MACROS conftest.cpp >&5
conftest.cpp:65:35: fatal error: libdb5/db_cxx.h: No such file or directory
compilation terminated.
configure:23623: $? = 1
configure: failed program was:
| /* confdefs.h */
| #define PACKAGE_NAME "Tsc Core"
| #define PACKAGE_TARNAME "tsc"
| #define PACKAGE_VERSION "0.15.2"
| #define PACKAGE_STRING "Tsc Core 0.15.2"
| #define PACKAGE_BUGREPORT "https://github.com/tscproject/tsc/issues"
| #define PACKAGE_URL "https://tsc.org/"
| #define HAVE_CXX11 1
| #define STDC_HEADERS 1
| #define HAVE_SYS_TYPES_H 1
| #define HAVE_SYS_STAT_H 1
| #define HAVE_STDLIB_H 1
| #define HAVE_STRING_H 1
| #define HAVE_MEMORY_H 1
| #define HAVE_STRINGS_H 1
| #define HAVE_INTTYPES_H 1
| #define HAVE_STDINT_H 1
| #define HAVE_UNISTD_H 1
| #define HAVE_DLFCN_H 1
| #define LT_OBJDIR ".libs/"
| #define HAVE_PTHREAD_PRIO_INHERIT 1
| #define HAVE_PTHREAD 1
| #define HAVE_DECL_STRERROR_R 1
| #define HAVE_STRERROR_R 1
| #define STRERROR_R_CHAR_P 1
| #define HAVE_FUNC_ATTRIBUTE_VISIBILITY 1
| #define HAVE_ENDIAN_H 1
| #define HAVE_BYTESWAP_H 1
| #define HAVE_STDIO_H 1
| #define HAVE_STDLIB_H 1
| #define HAVE_UNISTD_H 1
| #define HAVE_STRINGS_H 1
| #define HAVE_SYS_TYPES_H 1
| #define HAVE_SYS_STAT_H 1
| #define HAVE_SYS_SELECT_H 1
| #define HAVE_SYS_PRCTL_H 1
| #define HAVE_DECL_STRNLEN 1
| #define HAVE_DECL_DAEMON 1
| #define HAVE_DECL_LE16TOH 1
| #define HAVE_DECL_LE32TOH 1
| #define HAVE_DECL_LE64TOH 1
| #define HAVE_DECL_HTOLE16 1
| #define HAVE_DECL_HTOLE32 1
| #define HAVE_DECL_HTOLE64 1
| #define HAVE_DECL_BE16TOH 1
| #define HAVE_DECL_BE32TOH 1
| #define HAVE_DECL_BE64TOH 1
| #define HAVE_DECL_HTOBE16 1
| #define HAVE_DECL_HTOBE32 1
| #define HAVE_DECL_HTOBE64 1
| #define HAVE_DECL_BSWAP_16 1
| #define HAVE_DECL_BSWAP_32 1
| #define HAVE_DECL_BSWAP_64 1
| #define HAVE_DECL___BUILTIN_CLZ 1
| #define HAVE_DECL___BUILTIN_CLZL 1
| #define HAVE_DECL___BUILTIN_CLZLL 1
| #define HAVE_MSG_NOSIGNAL 1
| #define HAVE_MSG_DONTWAIT 1
| #define HAVE_MALLOC_INFO 1
| #define HAVE_MALLOPT_ARENA_MAX 1
| #define HAVE_VISIBILITY_ATTRIBUTE 1
| #define HAVE_SYS_GETRANDOM 1
| /* end confdefs.h.  */
| 
|         #include <libdb5/db_cxx.h>
| 
| int
| main ()
| {
| 
|         #if !((DB_VERSION_MAJOR == 4 && DB_VERSION_MINOR >= 8) || DB_VERSION_MAJOR > 4)
|           #error "failed to find bdb 4.8+"
|         #endif
| 
|   ;
|   return 0;
| }
configure:23623: g++ -std=c++11 -c -g -O2 -Wall -Wextra -Wformat -Wvla -Wformat-security -Wno-unused-parameter -Wno-unknown-pragmas  -DTSC_BUILD -DHAVE_BUILD_INFO -D__STDC_FORMAT_MACROS conftest.cpp >&5
conftest.cpp:65:32: fatal error: db5/db_cxx.h: No such file or directory
compilation terminated.
configure:23623: $? = 1
configure: failed program was:
| /* confdefs.h */
| #define PACKAGE_NAME "Tsc Core"
| #define PACKAGE_TARNAME "tsc"
| #define PACKAGE_VERSION "0.15.2"
| #define PACKAGE_STRING "Tsc Core 0.15.2"
| #define PACKAGE_BUGREPORT "https://github.com/tscproject/tsc/issues"
| #define PACKAGE_URL "https://tsc.org/"
| #define HAVE_CXX11 1
| #define STDC_HEADERS 1
| #define HAVE_SYS_TYPES_H 1
| #define HAVE_SYS_STAT_H 1
| #define HAVE_STDLIB_H 1
| #define HAVE_STRING_H 1
| #define HAVE_MEMORY_H 1
| #define HAVE_STRINGS_H 1
| #define HAVE_INTTYPES_H 1
| #define HAVE_STDINT_H 1
| #define HAVE_UNISTD_H 1
| #define HAVE_DLFCN_H 1
| #define LT_OBJDIR ".libs/"
| #define HAVE_PTHREAD_PRIO_INHERIT 1
| #define HAVE_PTHREAD 1
| #define HAVE_DECL_STRERROR_R 1
| #define HAVE_STRERROR_R 1
| #define STRERROR_R_CHAR_P 1
| #define HAVE_FUNC_ATTRIBUTE_VISIBILITY 1
| #define HAVE_ENDIAN_H 1
| #define HAVE_BYTESWAP_H 1
| #define HAVE_STDIO_H 1
| #define HAVE_STDLIB_H 1
| #define HAVE_UNISTD_H 1
| #define HAVE_STRINGS_H 1
| #define HAVE_SYS_TYPES_H 1
| #define HAVE_SYS_STAT_H 1
| #define HAVE_SYS_SELECT_H 1
| #define HAVE_SYS_PRCTL_H 1
| #define HAVE_DECL_STRNLEN 1
| #define HAVE_DECL_DAEMON 1
| #define HAVE_DECL_LE16TOH 1
| #define HAVE_DECL_LE32TOH 1
| #define HAVE_DECL_LE64TOH 1
| #define HAVE_DECL_HTOLE16 1
| #define HAVE_DECL_HTOLE32 1
| #define HAVE_DECL_HTOLE64 1
| #define HAVE_DECL_BE16TOH 1
| #define HAVE_DECL_BE32TOH 1
| #define HAVE_DECL_BE64TOH 1
| #define HAVE_DECL_HTOBE16 1
| #define HAVE_DECL_HTOBE32 1
| #define HAVE_DECL_HTOBE64 1
| #define HAVE_DECL_BSWAP_16 1
| #define HAVE_DECL_BSWAP_32 1
| #define HAVE_DECL_BSWAP_64 1
| #define HAVE_DECL___BUILTIN_CLZ 1
| #define HAVE_DECL___BUILTIN_CLZL 1
| #define HAVE_DECL___BUILTIN_CLZLL 1
| #define HAVE_MSG_NOSIGNAL 1
| #define HAVE_MSG_DONTWAIT 1
| #define HAVE_MALLOC_INFO 1
| #define HAVE_MALLOPT_ARENA_MAX 1
| #define HAVE_VISIBILITY_ATTRIBUTE 1
| #define HAVE_SYS_GETRANDOM 1
| /* end confdefs.h.  */
| 
|         #include <db5/db_cxx.h>
| 
| int
| main ()
| {
| 
|         #if !((DB_VERSION_MAJOR == 4 && DB_VERSION_MINOR >= 8) || DB_VERSION_MAJOR > 4)
|           #error "failed to find bdb 4.8+"
|         #endif
| 
|   ;
|   return 0;
| }
configure:23623: g++ -std=c++11 -c -g -O2 -Wall -Wextra -Wformat -Wvla -Wformat-security -Wno-unused-parameter -Wno-unknown-pragmas  -DTSC_BUILD -DHAVE_BUILD_INFO -D__STDC_FORMAT_MACROS conftest.cpp >&5
conftest.cpp:65:35: fatal error: bdb5.3/db_cxx.h: No such file or directory
compilation terminated.
configure:23623: $? = 1
configure: failed program was:
| /* confdefs.h */
| #define PACKAGE_NAME "Tsc Core"
| #define PACKAGE_TARNAME "tsc"
| #define PACKAGE_VERSION "0.15.2"
| #define PACKAGE_STRING "Tsc Core 0.15.2"
| #define PACKAGE_BUGREPORT "https://github.com/tscproject/tsc/issues"
| #define PACKAGE_URL "https://tsc.org/"
| #define HAVE_CXX11 1
| #define STDC_HEADERS 1
| #define HAVE_SYS_TYPES_H 1
| #define HAVE_SYS_STAT_H 1
| #define HAVE_STDLIB_H 1
| #define HAVE_STRING_H 1
| #define HAVE_MEMORY_H 1
| #define HAVE_STRINGS_H 1
| #define HAVE_INTTYPES_H 1
| #define HAVE_STDINT_H 1
| #define HAVE_UNISTD_H 1
| #define HAVE_DLFCN_H 1
| #define LT_OBJDIR ".libs/"
| #define HAVE_PTHREAD_PRIO_INHERIT 1
| #define HAVE_PTHREAD 1
| #define HAVE_DECL_STRERROR_R 1
| #define HAVE_STRERROR_R 1
| #define STRERROR_R_CHAR_P 1
| #define HAVE_FUNC_ATTRIBUTE_VISIBILITY 1
| #define HAVE_ENDIAN_H 1
| #define HAVE_BYTESWAP_H 1
| #define HAVE_STDIO_H 1
| #define HAVE_STDLIB_H 1
| #define HAVE_UNISTD_H 1
| #define HAVE_STRINGS_H 1
| #define HAVE_SYS_TYPES_H 1
| #define HAVE_SYS_STAT_H 1
| #define HAVE_SYS_SELECT_H 1
| #define HAVE_SYS_PRCTL_H 1
| #define HAVE_DECL_STRNLEN 1
| #define HAVE_DECL_DAEMON 1
| #define HAVE_DECL_LE16TOH 1
| #define HAVE_DECL_LE32TOH 1
| #define HAVE_DECL_LE64TOH 1
| #define HAVE_DECL_HTOLE16 1
| #define HAVE_DECL_HTOLE32 1
| #define HAVE_DECL_HTOLE64 1
| #define HAVE_DECL_BE16TOH 1
| #define HAVE_DECL_BE32TOH 1
| #define HAVE_DECL_BE64TOH 1
| #define HAVE_DECL_HTOBE16 1
| #define HAVE_DECL_HTOBE32 1
| #define HAVE_DECL_HTOBE64 1
| #define HAVE_DECL_BSWAP_16 1
| #define HAVE_DECL_BSWAP_32 1
| #define HAVE_DECL_BSWAP_64 1
| #define HAVE_DECL___BUILTIN_CLZ 1
| #define HAVE_DECL___BUILTIN_CLZL 1
| #define HAVE_DECL___BUILTIN_CLZLL 1
| #define HAVE_MSG_NOSIGNAL 1
| #define HAVE_MSG_DONTWAIT 1
| #define HAVE_MALLOC_INFO 1
| #define HAVE_MALLOPT_ARENA_MAX 1
| #define HAVE_VISIBILITY_ATTRIBUTE 1
| #define HAVE_SYS_GETRANDOM 1
| /* end confdefs.h.  */
| 
|         #include <bdb5.3/db_cxx.h>
| 
| int
| main ()
| {
| 
|         #if !((DB_VERSION_MAJOR == 4 && DB_VERSION_MINOR >= 8) || DB_VERSION_MAJOR > 4)
|           #error "failed to find bdb 4.8+"
|         #endif
| 
|   ;
|   return 0;
| }
configure:23623: g++ -std=c++11 -c -g -O2 -Wall -Wextra -Wformat -Wvla -Wformat-security -Wno-unused-parameter -Wno-unknown-pragmas  -DTSC_BUILD -DHAVE_BUILD_INFO -D__STDC_FORMAT_MACROS conftest.cpp >&5
conftest.cpp:65:37: fatal error: libdb5.3/db_cxx.h: No such file or directory
compilation terminated.
configure:23623: $? = 1
configure: failed program was:
| /* confdefs.h */
| #define PACKAGE_NAME "Tsc Core"
| #define PACKAGE_TARNAME "tsc"
| #define PACKAGE_VERSION "0.15.2"
| #define PACKAGE_STRING "Tsc Core 0.15.2"
| #define PACKAGE_BUGREPORT "https://github.com/tscproject/tsc/issues"
| #define PACKAGE_URL "https://tsc.org/"
| #define HAVE_CXX11 1
| #define STDC_HEADERS 1
| #define HAVE_SYS_TYPES_H 1
| #define HAVE_SYS_STAT_H 1
| #define HAVE_STDLIB_H 1
| #define HAVE_STRING_H 1
| #define HAVE_MEMORY_H 1
| #define HAVE_STRINGS_H 1
| #define HAVE_INTTYPES_H 1
| #define HAVE_STDINT_H 1
| #define HAVE_UNISTD_H 1
| #define HAVE_DLFCN_H 1
| #define LT_OBJDIR ".libs/"
| #define HAVE_PTHREAD_PRIO_INHERIT 1
| #define HAVE_PTHREAD 1
| #define HAVE_DECL_STRERROR_R 1
| #define HAVE_STRERROR_R 1
| #define STRERROR_R_CHAR_P 1
| #define HAVE_FUNC_ATTRIBUTE_VISIBILITY 1
| #define HAVE_ENDIAN_H 1
| #define HAVE_BYTESWAP_H 1
| #define HAVE_STDIO_H 1
| #define HAVE_STDLIB_H 1
| #define HAVE_UNISTD_H 1
| #define HAVE_STRINGS_H 1
| #define HAVE_SYS_TYPES_H 1
| #define HAVE_SYS_STAT_H 1
| #define HAVE_SYS_SELECT_H 1
| #define HAVE_SYS_PRCTL_H 1
| #define HAVE_DECL_STRNLEN 1
| #define HAVE_DECL_DAEMON 1
| #define HAVE_DECL_LE16TOH 1
| #define HAVE_DECL_LE32TOH 1
| #define HAVE_DECL_LE64TOH 1
| #define HAVE_DECL_HTOLE16 1
| #define HAVE_DECL_HTOLE32 1
| #define HAVE_DECL_HTOLE64 1
| #define HAVE_DECL_BE16TOH 1
| #define HAVE_DECL_BE32TOH 1
| #define HAVE_DECL_BE64TOH 1
| #define HAVE_DECL_HTOBE16 1
| #define HAVE_DECL_HTOBE32 1
| #define HAVE_DECL_HTOBE64 1
| #define HAVE_DECL_BSWAP_16 1
| #define HAVE_DECL_BSWAP_32 1
| #define HAVE_DECL_BSWAP_64 1
| #define HAVE_DECL___BUILTIN_CLZ 1
| #define HAVE_DECL___BUILTIN_CLZL 1
| #define HAVE_DECL___BUILTIN_CLZLL 1
| #define HAVE_MSG_NOSIGNAL 1
| #define HAVE_MSG_DONTWAIT 1
| #define HAVE_MALLOC_INFO 1
| #define HAVE_MALLOPT_ARENA_MAX 1
| #define HAVE_VISIBILITY_ATTRIBUTE 1
| #define HAVE_SYS_GETRANDOM 1
| /* end confdefs.h.  */
| 
|         #include <libdb5.3/db_cxx.h>
| 
| int
| main ()
| {
| 
|         #if !((DB_VERSION_MAJOR == 4 && DB_VERSION_MINOR >= 8) || DB_VERSION_MAJOR > 4)
|           #error "failed to find bdb 4.8+"
|         #endif
| 
|   ;
|   return 0;
| }
configure:23623: g++ -std=c++11 -c -g -O2 -Wall -Wextra -Wformat -Wvla -Wformat-security -Wno-unused-parameter -Wno-unknown-pragmas  -DTSC_BUILD -DHAVE_BUILD_INFO -D__STDC_FORMAT_MACROS conftest.cpp >&5
conftest.cpp:65:34: fatal error: db5.3/db_cxx.h: No such file or directory
compilation terminated.
configure:23623: $? = 1
configure: failed program was:
| /* confdefs.h */
| #define PACKAGE_NAME "Tsc Core"
| #define PACKAGE_TARNAME "tsc"
| #define PACKAGE_VERSION "0.15.2"
| #define PACKAGE_STRING "Tsc Core 0.15.2"
| #define PACKAGE_BUGREPORT "https://github.com/tscproject/tsc/issues"
| #define PACKAGE_URL "https://tsc.org/"
| #define HAVE_CXX11 1
| #define STDC_HEADERS 1
| #define HAVE_SYS_TYPES_H 1
| #define HAVE_SYS_STAT_H 1
| #define HAVE_STDLIB_H 1
| #define HAVE_STRING_H 1
| #define HAVE_MEMORY_H 1
| #define HAVE_STRINGS_H 1
| #define HAVE_INTTYPES_H 1
| #define HAVE_STDINT_H 1
| #define HAVE_UNISTD_H 1
| #define HAVE_DLFCN_H 1
| #define LT_OBJDIR ".libs/"
| #define HAVE_PTHREAD_PRIO_INHERIT 1
| #define HAVE_PTHREAD 1
| #define HAVE_DECL_STRERROR_R 1
| #define HAVE_STRERROR_R 1
| #define STRERROR_R_CHAR_P 1
| #define HAVE_FUNC_ATTRIBUTE_VISIBILITY 1
| #define HAVE_ENDIAN_H 1
| #define HAVE_BYTESWAP_H 1
| #define HAVE_STDIO_H 1
| #define HAVE_STDLIB_H 1
| #define HAVE_UNISTD_H 1
| #define HAVE_STRINGS_H 1
| #define HAVE_SYS_TYPES_H 1
| #define HAVE_SYS_STAT_H 1
| #define HAVE_SYS_SELECT_H 1
| #define HAVE_SYS_PRCTL_H 1
| #define HAVE_DECL_STRNLEN 1
| #define HAVE_DECL_DAEMON 1
| #define HAVE_DECL_LE16TOH 1
| #define HAVE_DECL_LE32TOH 1
| #define HAVE_DECL_LE64TOH 1
| #define HAVE_DECL_HTOLE16 1
| #define HAVE_DECL_HTOLE32 1
| #define HAVE_DECL_HTOLE64 1
| #define HAVE_DECL_BE16TOH 1
| #define HAVE_DECL_BE32TOH 1
| #define HAVE_DECL_BE64TOH 1
| #define HAVE_DECL_HTOBE16 1
| #define HAVE_DECL_HTOBE32 1
| #define HAVE_DECL_HTOBE64 1
| #define HAVE_DECL_BSWAP_16 1
| #define HAVE_DECL_BSWAP_32 1
| #define HAVE_DECL_BSWAP_64 1
| #define HAVE_DECL___BUILTIN_CLZ 1
| #define HAVE_DECL___BUILTIN_CLZL 1
| #define HAVE_DECL___BUILTIN_CLZLL 1
| #define HAVE_MSG_NOSIGNAL 1
| #define HAVE_MSG_DONTWAIT 1
| #define HAVE_MALLOC_INFO 1
| #define HAVE_MALLOPT_ARENA_MAX 1
| #define HAVE_VISIBILITY_ATTRIBUTE 1
| #define HAVE_SYS_GETRANDOM 1
| /* end confdefs.h.  */
| 
|         #include <db5.3/db_cxx.h>
| 
| int
| main ()
| {
| 
|         #if !((DB_VERSION_MAJOR == 4 && DB_VERSION_MINOR >= 8) || DB_VERSION_MAJOR > 4)
|           #error "failed to find bdb 4.8+"
|         #endif
| 
|   ;
|   return 0;
| }
configure:23623: g++ -std=c++11 -c -g -O2 -Wall -Wextra -Wformat -Wvla -Wformat-security -Wno-unused-parameter -Wno-unknown-pragmas  -DTSC_BUILD -DHAVE_BUILD_INFO -D__STDC_FORMAT_MACROS conftest.cpp >&5
conftest.cpp:65:32: fatal error: bdb/db_cxx.h: No such file or directory
compilation terminated.
configure:23623: $? = 1
configure: failed program was:
| /* confdefs.h */
| #define PACKAGE_NAME "Tsc Core"
| #define PACKAGE_TARNAME "tsc"
| #define PACKAGE_VERSION "0.15.2"
| #define PACKAGE_STRING "Tsc Core 0.15.2"
| #define PACKAGE_BUGREPORT "https://github.com/tscproject/tsc/issues"
| #define PACKAGE_URL "https://tsc.org/"
| #define HAVE_CXX11 1
| #define STDC_HEADERS 1
| #define HAVE_SYS_TYPES_H 1
| #define HAVE_SYS_STAT_H 1
| #define HAVE_STDLIB_H 1
| #define HAVE_STRING_H 1
| #define HAVE_MEMORY_H 1
| #define HAVE_STRINGS_H 1
| #define HAVE_INTTYPES_H 1
| #define HAVE_STDINT_H 1
| #define HAVE_UNISTD_H 1
| #define HAVE_DLFCN_H 1
| #define LT_OBJDIR ".libs/"
| #define HAVE_PTHREAD_PRIO_INHERIT 1
| #define HAVE_PTHREAD 1
| #define HAVE_DECL_STRERROR_R 1
| #define HAVE_STRERROR_R 1
| #define STRERROR_R_CHAR_P 1
| #define HAVE_FUNC_ATTRIBUTE_VISIBILITY 1
| #define HAVE_ENDIAN_H 1
| #define HAVE_BYTESWAP_H 1
| #define HAVE_STDIO_H 1
| #define HAVE_STDLIB_H 1
| #define HAVE_UNISTD_H 1
| #define HAVE_STRINGS_H 1
| #define HAVE_SYS_TYPES_H 1
| #define HAVE_SYS_STAT_H 1
| #define HAVE_SYS_SELECT_H 1
| #define HAVE_SYS_PRCTL_H 1
| #define HAVE_DECL_STRNLEN 1
| #define HAVE_DECL_DAEMON 1
| #define HAVE_DECL_LE16TOH 1
| #define HAVE_DECL_LE32TOH 1
| #define HAVE_DECL_LE64TOH 1
| #define HAVE_DECL_HTOLE16 1
| #define HAVE_DECL_HTOLE32 1
| #define HAVE_DECL_HTOLE64 1
| #define HAVE_DECL_BE16TOH 1
| #define HAVE_DECL_BE32TOH 1
| #define HAVE_DECL_BE64TOH 1
| #define HAVE_DECL_HTOBE16 1
| #define HAVE_DECL_HTOBE32 1
| #define HAVE_DECL_HTOBE64 1
| #define HAVE_DECL_BSWAP_16 1
| #define HAVE_DECL_BSWAP_32 1
| #define HAVE_DECL_BSWAP_64 1
| #define HAVE_DECL___BUILTIN_CLZ 1
| #define HAVE_DECL___BUILTIN_CLZL 1
| #define HAVE_DECL___BUILTIN_CLZLL 1
| #define HAVE_MSG_NOSIGNAL 1
| #define HAVE_MSG_DONTWAIT 1
| #define HAVE_MALLOC_INFO 1
| #define HAVE_MALLOPT_ARENA_MAX 1
| #define HAVE_VISIBILITY_ATTRIBUTE 1
| #define HAVE_SYS_GETRANDOM 1
| /* end confdefs.h.  */
| 
|         #include <bdb/db_cxx.h>
| 
| int
| main ()
| {
| 
|         #if !((DB_VERSION_MAJOR == 4 && DB_VERSION_MINOR >= 8) || DB_VERSION_MAJOR > 4)
|           #error "failed to find bdb 4.8+"
|         #endif
| 
|   ;
|   return 0;
| }
configure:23623: g++ -std=c++11 -c -g -O2 -Wall -Wextra -Wformat -Wvla -Wformat-security -Wno-unused-parameter -Wno-unknown-pragmas  -DTSC_BUILD -DHAVE_BUILD_INFO -D__STDC_FORMAT_MACROS conftest.cpp >&5
conftest.cpp:65:34: fatal error: libdb/db_cxx.h: No such file or directory
compilation terminated.
configure:23623: $? = 1
configure: failed program was:
| /* confdefs.h */
| #define PACKAGE_NAME "Tsc Core"
| #define PACKAGE_TARNAME "tsc"
| #define PACKAGE_VERSION "0.15.2"
| #define PACKAGE_STRING "Tsc Core 0.15.2"
| #define PACKAGE_BUGREPORT "https://github.com/tscproject/tsc/issues"
| #define PACKAGE_URL "https://tsc.org/"
| #define HAVE_CXX11 1
| #define STDC_HEADERS 1
| #define HAVE_SYS_TYPES_H 1
| #define HAVE_SYS_STAT_H 1
| #define HAVE_STDLIB_H 1
| #define HAVE_STRING_H 1
| #define HAVE_MEMORY_H 1
| #define HAVE_STRINGS_H 1
| #define HAVE_INTTYPES_H 1
| #define HAVE_STDINT_H 1
| #define HAVE_UNISTD_H 1
| #define HAVE_DLFCN_H 1
| #define LT_OBJDIR ".libs/"
| #define HAVE_PTHREAD_PRIO_INHERIT 1
| #define HAVE_PTHREAD 1
| #define HAVE_DECL_STRERROR_R 1
| #define HAVE_STRERROR_R 1
| #define STRERROR_R_CHAR_P 1
| #define HAVE_FUNC_ATTRIBUTE_VISIBILITY 1
| #define HAVE_ENDIAN_H 1
| #define HAVE_BYTESWAP_H 1
| #define HAVE_STDIO_H 1
| #define HAVE_STDLIB_H 1
| #define HAVE_UNISTD_H 1
| #define HAVE_STRINGS_H 1
| #define HAVE_SYS_TYPES_H 1
| #define HAVE_SYS_STAT_H 1
| #define HAVE_SYS_SELECT_H 1
| #define HAVE_SYS_PRCTL_H 1
| #define HAVE_DECL_STRNLEN 1
| #define HAVE_DECL_DAEMON 1
| #define HAVE_DECL_LE16TOH 1
| #define HAVE_DECL_LE32TOH 1
| #define HAVE_DECL_LE64TOH 1
| #define HAVE_DECL_HTOLE16 1
| #define HAVE_DECL_HTOLE32 1
| #define HAVE_DECL_HTOLE64 1
| #define HAVE_DECL_BE16TOH 1
| #define HAVE_DECL_BE32TOH 1
| #define HAVE_DECL_BE64TOH 1
| #define HAVE_DECL_HTOBE16 1
| #define HAVE_DECL_HTOBE32 1
| #define HAVE_DECL_HTOBE64 1
| #define HAVE_DECL_BSWAP_16 1
| #define HAVE_DECL_BSWAP_32 1
| #define HAVE_DECL_BSWAP_64 1
| #define HAVE_DECL___BUILTIN_CLZ 1
| #define HAVE_DECL___BUILTIN_CLZL 1
| #define HAVE_DECL___BUILTIN_CLZLL 1
| #define HAVE_MSG_NOSIGNAL 1
| #define HAVE_MSG_DONTWAIT 1
| #define HAVE_MALLOC_INFO 1
| #define HAVE_MALLOPT_ARENA_MAX 1
| #define HAVE_VISIBILITY_ATTRIBUTE 1
| #define HAVE_SYS_GETRANDOM 1
| /* end confdefs.h.  */
| 
|         #include <libdb/db_cxx.h>
| 
| int
| main ()
| {
| 
|         #if !((DB_VERSION_MAJOR == 4 && DB_VERSION_MINOR >= 8) || DB_VERSION_MAJOR > 4)
|           #error "failed to find bdb 4.8+"
|         #endif
| 
|   ;
|   return 0;
| }
configure:23623: g++ -std=c++11 -c -g -O2 -Wall -Wextra -Wformat -Wvla -Wformat-security -Wno-unused-parameter -Wno-unknown-pragmas  -DTSC_BUILD -DHAVE_BUILD_INFO -D__STDC_FORMAT_MACROS conftest.cpp >&5
conftest.cpp:65:31: fatal error: db/db_cxx.h: No such file or directory
compilation terminated.
configure:23623: $? = 1
configure: failed program was:
| /* confdefs.h */
| #define PACKAGE_NAME "Tsc Core"
| #define PACKAGE_TARNAME "tsc"
| #define PACKAGE_VERSION "0.15.2"
| #define PACKAGE_STRING "Tsc Core 0.15.2"
| #define PACKAGE_BUGREPORT "https://github.com/tscproject/tsc/issues"
| #define PACKAGE_URL "https://tsc.org/"
| #define HAVE_CXX11 1
| #define STDC_HEADERS 1
| #define HAVE_SYS_TYPES_H 1
| #define HAVE_SYS_STAT_H 1
| #define HAVE_STDLIB_H 1
| #define HAVE_STRING_H 1
| #define HAVE_MEMORY_H 1
| #define HAVE_STRINGS_H 1
| #define HAVE_INTTYPES_H 1
| #define HAVE_STDINT_H 1
| #define HAVE_UNISTD_H 1
| #define HAVE_DLFCN_H 1
| #define LT_OBJDIR ".libs/"
| #define HAVE_PTHREAD_PRIO_INHERIT 1
| #define HAVE_PTHREAD 1
| #define HAVE_DECL_STRERROR_R 1
| #define HAVE_STRERROR_R 1
| #define STRERROR_R_CHAR_P 1
| #define HAVE_FUNC_ATTRIBUTE_VISIBILITY 1
| #define HAVE_ENDIAN_H 1
| #define HAVE_BYTESWAP_H 1
| #define HAVE_STDIO_H 1
| #define HAVE_STDLIB_H 1
| #define HAVE_UNISTD_H 1
| #define HAVE_STRINGS_H 1
| #define HAVE_SYS_TYPES_H 1
| #define HAVE_SYS_STAT_H 1
| #define HAVE_SYS_SELECT_H 1
| #define HAVE_SYS_PRCTL_H 1
| #define HAVE_DECL_STRNLEN 1
| #define HAVE_DECL_DAEMON 1
| #define HAVE_DECL_LE16TOH 1
| #define HAVE_DECL_LE32TOH 1
| #define HAVE_DECL_LE64TOH 1
| #define HAVE_DECL_HTOLE16 1
| #define HAVE_DECL_HTOLE32 1
| #define HAVE_DECL_HTOLE64 1
| #define HAVE_DECL_BE16TOH 1
| #define HAVE_DECL_BE32TOH 1
| #define HAVE_DECL_BE64TOH 1
| #define HAVE_DECL_HTOBE16 1
| #define HAVE_DECL_HTOBE32 1
| #define HAVE_DECL_HTOBE64 1
| #define HAVE_DECL_BSWAP_16 1
| #define HAVE_DECL_BSWAP_32 1
| #define HAVE_DECL_BSWAP_64 1
| #define HAVE_DECL___BUILTIN_CLZ 1
| #define HAVE_DECL___BUILTIN_CLZL 1
| #define HAVE_DECL___BUILTIN_CLZLL 1
| #define HAVE_MSG_NOSIGNAL 1
| #define HAVE_MSG_DONTWAIT 1
| #define HAVE_MALLOC_INFO 1
| #define HAVE_MALLOPT_ARENA_MAX 1
| #define HAVE_VISIBILITY_ATTRIBUTE 1
| #define HAVE_SYS_GETRANDOM 1
| /* end confdefs.h.  */
| 
|         #include <db/db_cxx.h>
| 
| int
| main ()
| {
| 
|         #if !((DB_VERSION_MAJOR == 4 && DB_VERSION_MINOR >= 8) || DB_VERSION_MAJOR > 4)
|           #error "failed to find bdb 4.8+"
|         #endif
| 
|   ;
|   return 0;
| }
configure:23623: g++ -std=c++11 -c -g -O2 -Wall -Wextra -Wformat -Wvla -Wformat-security -Wno-unused-parameter -Wno-unknown-pragmas  -DTSC_BUILD -DHAVE_BUILD_INFO -D__STDC_FORMAT_MACROS conftest.cpp >&5
configure:23623: $? = 0
configure:23652: g++ -std=c++11 -c -g -O2 -Wall -Wextra -Wformat -Wvla -Wformat-security -Wno-unused-parameter -Wno-unknown-pragmas  -DTSC_BUILD -DHAVE_BUILD_INFO -D__STDC_FORMAT_MACROS conftest.cpp >&5
configure:23652: $? = 0
configure:23695: result: default
configure:23718: checking for main in -ldb_cxx-4.8
configure:23737: g++ -std=c++11 -o conftest -g -O2 -Wall -Wextra -Wformat -Wvla -Wformat-security -Wno-unused-parameter -Wno-unknown-pragmas  -DTSC_BUILD -DHAVE_BUILD_INFO -D__STDC_FORMAT_MACROS  conftest.cpp -ldb_cxx-4.8   >&5
configure:23737: $? = 0
configure:23747: result: yes
configure:23769: checking miniupnpc/miniwget.h usability
configure:23769: g++ -std=c++11 -c -g -O2 -Wall -Wextra -Wformat -Wvla -Wformat-security -Wno-unused-parameter -Wno-unknown-pragmas  -DTSC_BUILD -DHAVE_BUILD_INFO -D__STDC_FORMAT_MACROS conftest.cpp >&5
conftest.cpp:97:32: fatal error: miniupnpc/miniwget.h: No such file or directory
compilation terminated.
configure:23769: $? = 1
configure: failed program was:
| /* confdefs.h */
| #define PACKAGE_NAME "Tsc Core"
| #define PACKAGE_TARNAME "tsc"
| #define PACKAGE_VERSION "0.15.2"
| #define PACKAGE_STRING "Tsc Core 0.15.2"
| #define PACKAGE_BUGREPORT "https://github.com/tscproject/tsc/issues"
| #define PACKAGE_URL "https://tsc.org/"
| #define HAVE_CXX11 1
| #define STDC_HEADERS 1
| #define HAVE_SYS_TYPES_H 1
| #define HAVE_SYS_STAT_H 1
| #define HAVE_STDLIB_H 1
| #define HAVE_STRING_H 1
| #define HAVE_MEMORY_H 1
| #define HAVE_STRINGS_H 1
| #define HAVE_INTTYPES_H 1
| #define HAVE_STDINT_H 1
| #define HAVE_UNISTD_H 1
| #define HAVE_DLFCN_H 1
| #define LT_OBJDIR ".libs/"
| #define HAVE_PTHREAD_PRIO_INHERIT 1
| #define HAVE_PTHREAD 1
| #define HAVE_DECL_STRERROR_R 1
| #define HAVE_STRERROR_R 1
| #define STRERROR_R_CHAR_P 1
| #define HAVE_FUNC_ATTRIBUTE_VISIBILITY 1
| #define HAVE_ENDIAN_H 1
| #define HAVE_BYTESWAP_H 1
| #define HAVE_STDIO_H 1
| #define HAVE_STDLIB_H 1
| #define HAVE_UNISTD_H 1
| #define HAVE_STRINGS_H 1
| #define HAVE_SYS_TYPES_H 1
| #define HAVE_SYS_STAT_H 1
| #define HAVE_SYS_SELECT_H 1
| #define HAVE_SYS_PRCTL_H 1
| #define HAVE_DECL_STRNLEN 1
| #define HAVE_DECL_DAEMON 1
| #define HAVE_DECL_LE16TOH 1
| #define HAVE_DECL_LE32TOH 1
| #define HAVE_DECL_LE64TOH 1
| #define HAVE_DECL_HTOLE16 1
| #define HAVE_DECL_HTOLE32 1
| #define HAVE_DECL_HTOLE64 1
| #define HAVE_DECL_BE16TOH 1
| #define HAVE_DECL_BE32TOH 1
| #define HAVE_DECL_BE64TOH 1
| #define HAVE_DECL_HTOBE16 1
| #define HAVE_DECL_HTOBE32 1
| #define HAVE_DECL_HTOBE64 1
| #define HAVE_DECL_BSWAP_16 1
| #define HAVE_DECL_BSWAP_32 1
| #define HAVE_DECL_BSWAP_64 1
| #define HAVE_DECL___BUILTIN_CLZ 1
| #define HAVE_DECL___BUILTIN_CLZL 1
| #define HAVE_DECL___BUILTIN_CLZLL 1
| #define HAVE_MSG_NOSIGNAL 1
| #define HAVE_MSG_DONTWAIT 1
| #define HAVE_MALLOC_INFO 1
| #define HAVE_MALLOPT_ARENA_MAX 1
| #define HAVE_VISIBILITY_ATTRIBUTE 1
| #define HAVE_SYS_GETRANDOM 1
| /* end confdefs.h.  */
| #include <stdio.h>
| #ifdef HAVE_SYS_TYPES_H
| # include <sys/types.h>
| #endif
| #ifdef HAVE_SYS_STAT_H
| # include <sys/stat.h>
| #endif
| #ifdef STDC_HEADERS
| # include <stdlib.h>
| # include <stddef.h>
| #else
| # ifdef HAVE_STDLIB_H
| #  include <stdlib.h>
| # endif
| #endif
| #ifdef HAVE_STRING_H
| # if !defined STDC_HEADERS && defined HAVE_MEMORY_H
| #  include <memory.h>
| # endif
| # include <string.h>
| #endif
| #ifdef HAVE_STRINGS_H
| # include <strings.h>
| #endif
| #ifdef HAVE_INTTYPES_H
| # include <inttypes.h>
| #endif
| #ifdef HAVE_STDINT_H
| # include <stdint.h>
| #endif
| #ifdef HAVE_UNISTD_H
| # include <unistd.h>
| #endif
| #include <miniupnpc/miniwget.h>
configure:23769: result: no
configure:23769: checking miniupnpc/miniwget.h presence
configure:23769: g++ -std=c++11 -E  -DTSC_BUILD -DHAVE_BUILD_INFO -D__STDC_FORMAT_MACROS conftest.cpp
conftest.cpp:64:32: fatal error: miniupnpc/miniwget.h: No such file or directory
compilation terminated.
configure:23769: $? = 1
configure: failed program was:
| /* confdefs.h */
| #define PACKAGE_NAME "Tsc Core"
| #define PACKAGE_TARNAME "tsc"
| #define PACKAGE_VERSION "0.15.2"
| #define PACKAGE_STRING "Tsc Core 0.15.2"
| #define PACKAGE_BUGREPORT "https://github.com/tscproject/tsc/issues"
| #define PACKAGE_URL "https://tsc.org/"
| #define HAVE_CXX11 1
| #define STDC_HEADERS 1
| #define HAVE_SYS_TYPES_H 1
| #define HAVE_SYS_STAT_H 1
| #define HAVE_STDLIB_H 1
| #define HAVE_STRING_H 1
| #define HAVE_MEMORY_H 1
| #define HAVE_STRINGS_H 1
| #define HAVE_INTTYPES_H 1
| #define HAVE_STDINT_H 1
| #define HAVE_UNISTD_H 1
| #define HAVE_DLFCN_H 1
| #define LT_OBJDIR ".libs/"
| #define HAVE_PTHREAD_PRIO_INHERIT 1
| #define HAVE_PTHREAD 1
| #define HAVE_DECL_STRERROR_R 1
| #define HAVE_STRERROR_R 1
| #define STRERROR_R_CHAR_P 1
| #define HAVE_FUNC_ATTRIBUTE_VISIBILITY 1
| #define HAVE_ENDIAN_H 1
| #define HAVE_BYTESWAP_H 1
| #define HAVE_STDIO_H 1
| #define HAVE_STDLIB_H 1
| #define HAVE_UNISTD_H 1
| #define HAVE_STRINGS_H 1
| #define HAVE_SYS_TYPES_H 1
| #define HAVE_SYS_STAT_H 1
| #define HAVE_SYS_SELECT_H 1
| #define HAVE_SYS_PRCTL_H 1
| #define HAVE_DECL_STRNLEN 1
| #define HAVE_DECL_DAEMON 1
| #define HAVE_DECL_LE16TOH 1
| #define HAVE_DECL_LE32TOH 1
| #define HAVE_DECL_LE64TOH 1
| #define HAVE_DECL_HTOLE16 1
| #define HAVE_DECL_HTOLE32 1
| #define HAVE_DECL_HTOLE64 1
| #define HAVE_DECL_BE16TOH 1
| #define HAVE_DECL_BE32TOH 1
| #define HAVE_DECL_BE64TOH 1
| #define HAVE_DECL_HTOBE16 1
| #define HAVE_DECL_HTOBE32 1
| #define HAVE_DECL_HTOBE64 1
| #define HAVE_DECL_BSWAP_16 1
| #define HAVE_DECL_BSWAP_32 1
| #define HAVE_DECL_BSWAP_64 1
| #define HAVE_DECL___BUILTIN_CLZ 1
| #define HAVE_DECL___BUILTIN_CLZL 1
| #define HAVE_DECL___BUILTIN_CLZLL 1
| #define HAVE_MSG_NOSIGNAL 1
| #define HAVE_MSG_DONTWAIT 1
| #define HAVE_MALLOC_INFO 1
| #define HAVE_MALLOPT_ARENA_MAX 1
| #define HAVE_VISIBILITY_ATTRIBUTE 1
| #define HAVE_SYS_GETRANDOM 1
| /* end confdefs.h.  */
| #include <miniupnpc/miniwget.h>
configure:23769: result: no
configure:23769: checking for miniupnpc/miniwget.h
configure:23769: result: no
configure:23769: checking miniupnpc/miniupnpc.h usability
configure:23769: g++ -std=c++11 -c -g -O2 -Wall -Wextra -Wformat -Wvla -Wformat-security -Wno-unused-parameter -Wno-unknown-pragmas  -DTSC_BUILD -DHAVE_BUILD_INFO -D__STDC_FORMAT_MACROS conftest.cpp >&5
conftest.cpp:97:33: fatal error: miniupnpc/miniupnpc.h: No such file or directory
compilation terminated.
configure:23769: $? = 1
configure: failed program was:
| /* confdefs.h */
| #define PACKAGE_NAME "Tsc Core"
| #define PACKAGE_TARNAME "tsc"
| #define PACKAGE_VERSION "0.15.2"
| #define PACKAGE_STRING "Tsc Core 0.15.2"
| #define PACKAGE_BUGREPORT "https://github.com/tscproject/tsc/issues"
| #define PACKAGE_URL "https://tsc.org/"
| #define HAVE_CXX11 1
| #define STDC_HEADERS 1
| #define HAVE_SYS_TYPES_H 1
| #define HAVE_SYS_STAT_H 1
| #define HAVE_STDLIB_H 1
| #define HAVE_STRING_H 1
| #define HAVE_MEMORY_H 1
| #define HAVE_STRINGS_H 1
| #define HAVE_INTTYPES_H 1
| #define HAVE_STDINT_H 1
| #define HAVE_UNISTD_H 1
| #define HAVE_DLFCN_H 1
| #define LT_OBJDIR ".libs/"
| #define HAVE_PTHREAD_PRIO_INHERIT 1
| #define HAVE_PTHREAD 1
| #define HAVE_DECL_STRERROR_R 1
| #define HAVE_STRERROR_R 1
| #define STRERROR_R_CHAR_P 1
| #define HAVE_FUNC_ATTRIBUTE_VISIBILITY 1
| #define HAVE_ENDIAN_H 1
| #define HAVE_BYTESWAP_H 1
| #define HAVE_STDIO_H 1
| #define HAVE_STDLIB_H 1
| #define HAVE_UNISTD_H 1
| #define HAVE_STRINGS_H 1
| #define HAVE_SYS_TYPES_H 1
| #define HAVE_SYS_STAT_H 1
| #define HAVE_SYS_SELECT_H 1
| #define HAVE_SYS_PRCTL_H 1
| #define HAVE_DECL_STRNLEN 1
| #define HAVE_DECL_DAEMON 1
| #define HAVE_DECL_LE16TOH 1
| #define HAVE_DECL_LE32TOH 1
| #define HAVE_DECL_LE64TOH 1
| #define HAVE_DECL_HTOLE16 1
| #define HAVE_DECL_HTOLE32 1
| #define HAVE_DECL_HTOLE64 1
| #define HAVE_DECL_BE16TOH 1
| #define HAVE_DECL_BE32TOH 1
| #define HAVE_DECL_BE64TOH 1
| #define HAVE_DECL_HTOBE16 1
| #define HAVE_DECL_HTOBE32 1
| #define HAVE_DECL_HTOBE64 1
| #define HAVE_DECL_BSWAP_16 1
| #define HAVE_DECL_BSWAP_32 1
| #define HAVE_DECL_BSWAP_64 1
| #define HAVE_DECL___BUILTIN_CLZ 1
| #define HAVE_DECL___BUILTIN_CLZL 1
| #define HAVE_DECL___BUILTIN_CLZLL 1
| #define HAVE_MSG_NOSIGNAL 1
| #define HAVE_MSG_DONTWAIT 1
| #define HAVE_MALLOC_INFO 1
| #define HAVE_MALLOPT_ARENA_MAX 1
| #define HAVE_VISIBILITY_ATTRIBUTE 1
| #define HAVE_SYS_GETRANDOM 1
| /* end confdefs.h.  */
| #include <stdio.h>
| #ifdef HAVE_SYS_TYPES_H
| # include <sys/types.h>
| #endif
| #ifdef HAVE_SYS_STAT_H
| # include <sys/stat.h>
| #endif
| #ifdef STDC_HEADERS
| # include <stdlib.h>
| # include <stddef.h>
| #else
| # ifdef HAVE_STDLIB_H
| #  include <stdlib.h>
| # endif
| #endif
| #ifdef HAVE_STRING_H
| # if !defined STDC_HEADERS && defined HAVE_MEMORY_H
| #  include <memory.h>
| # endif
| # include <string.h>
| #endif
| #ifdef HAVE_STRINGS_H
| # include <strings.h>
| #endif
| #ifdef HAVE_INTTYPES_H
| # include <inttypes.h>
| #endif
| #ifdef HAVE_STDINT_H
| # include <stdint.h>
| #endif
| #ifdef HAVE_UNISTD_H
| # include <unistd.h>
| #endif
| #include <miniupnpc/miniupnpc.h>
configure:23769: result: no
configure:23769: checking miniupnpc/miniupnpc.h presence
configure:23769: g++ -std=c++11 -E  -DTSC_BUILD -DHAVE_BUILD_INFO -D__STDC_FORMAT_MACROS conftest.cpp
conftest.cpp:64:33: fatal error: miniupnpc/miniupnpc.h: No such file or directory
compilation terminated.
configure:23769: $? = 1
configure: failed program was:
| /* confdefs.h */
| #define PACKAGE_NAME "Tsc Core"
| #define PACKAGE_TARNAME "tsc"
| #define PACKAGE_VERSION "0.15.2"
| #define PACKAGE_STRING "Tsc Core 0.15.2"
| #define PACKAGE_BUGREPORT "https://github.com/tscproject/tsc/issues"
| #define PACKAGE_URL "https://tsc.org/"
| #define HAVE_CXX11 1
| #define STDC_HEADERS 1
| #define HAVE_SYS_TYPES_H 1
| #define HAVE_SYS_STAT_H 1
| #define HAVE_STDLIB_H 1
| #define HAVE_STRING_H 1
| #define HAVE_MEMORY_H 1
| #define HAVE_STRINGS_H 1
| #define HAVE_INTTYPES_H 1
| #define HAVE_STDINT_H 1
| #define HAVE_UNISTD_H 1
| #define HAVE_DLFCN_H 1
| #define LT_OBJDIR ".libs/"
| #define HAVE_PTHREAD_PRIO_INHERIT 1
| #define HAVE_PTHREAD 1
| #define HAVE_DECL_STRERROR_R 1
| #define HAVE_STRERROR_R 1
| #define STRERROR_R_CHAR_P 1
| #define HAVE_FUNC_ATTRIBUTE_VISIBILITY 1
| #define HAVE_ENDIAN_H 1
| #define HAVE_BYTESWAP_H 1
| #define HAVE_STDIO_H 1
| #define HAVE_STDLIB_H 1
| #define HAVE_UNISTD_H 1
| #define HAVE_STRINGS_H 1
| #define HAVE_SYS_TYPES_H 1
| #define HAVE_SYS_STAT_H 1
| #define HAVE_SYS_SELECT_H 1
| #define HAVE_SYS_PRCTL_H 1
| #define HAVE_DECL_STRNLEN 1
| #define HAVE_DECL_DAEMON 1
| #define HAVE_DECL_LE16TOH 1
| #define HAVE_DECL_LE32TOH 1
| #define HAVE_DECL_LE64TOH 1
| #define HAVE_DECL_HTOLE16 1
| #define HAVE_DECL_HTOLE32 1
| #define HAVE_DECL_HTOLE64 1
| #define HAVE_DECL_BE16TOH 1
| #define HAVE_DECL_BE32TOH 1
| #define HAVE_DECL_BE64TOH 1
| #define HAVE_DECL_HTOBE16 1
| #define HAVE_DECL_HTOBE32 1
| #define HAVE_DECL_HTOBE64 1
| #define HAVE_DECL_BSWAP_16 1
| #define HAVE_DECL_BSWAP_32 1
| #define HAVE_DECL_BSWAP_64 1
| #define HAVE_DECL___BUILTIN_CLZ 1
| #define HAVE_DECL___BUILTIN_CLZL 1
| #define HAVE_DECL___BUILTIN_CLZLL 1
| #define HAVE_MSG_NOSIGNAL 1
| #define HAVE_MSG_DONTWAIT 1
| #define HAVE_MALLOC_INFO 1
| #define HAVE_MALLOPT_ARENA_MAX 1
| #define HAVE_VISIBILITY_ATTRIBUTE 1
| #define HAVE_SYS_GETRANDOM 1
| /* end confdefs.h.  */
| #include <miniupnpc/miniupnpc.h>
configure:23769: result: no
configure:23769: checking for miniupnpc/miniupnpc.h
configure:23769: result: no
configure:23769: checking miniupnpc/upnpcommands.h usability
configure:23769: g++ -std=c++11 -c -g -O2 -Wall -Wextra -Wformat -Wvla -Wformat-security -Wno-unused-parameter -Wno-unknown-pragmas  -DTSC_BUILD -DHAVE_BUILD_INFO -D__STDC_FORMAT_MACROS conftest.cpp >&5
conftest.cpp:97:36: fatal error: miniupnpc/upnpcommands.h: No such file or directory
compilation terminated.
configure:23769: $? = 1
configure: failed program was:
| /* confdefs.h */
| #define PACKAGE_NAME "Tsc Core"
| #define PACKAGE_TARNAME "tsc"
| #define PACKAGE_VERSION "0.15.2"
| #define PACKAGE_STRING "Tsc Core 0.15.2"
| #define PACKAGE_BUGREPORT "https://github.com/tscproject/tsc/issues"
| #define PACKAGE_URL "https://tsc.org/"
| #define HAVE_CXX11 1
| #define STDC_HEADERS 1
| #define HAVE_SYS_TYPES_H 1
| #define HAVE_SYS_STAT_H 1
| #define HAVE_STDLIB_H 1
| #define HAVE_STRING_H 1
| #define HAVE_MEMORY_H 1
| #define HAVE_STRINGS_H 1
| #define HAVE_INTTYPES_H 1
| #define HAVE_STDINT_H 1
| #define HAVE_UNISTD_H 1
| #define HAVE_DLFCN_H 1
| #define LT_OBJDIR ".libs/"
| #define HAVE_PTHREAD_PRIO_INHERIT 1
| #define HAVE_PTHREAD 1
| #define HAVE_DECL_STRERROR_R 1
| #define HAVE_STRERROR_R 1
| #define STRERROR_R_CHAR_P 1
| #define HAVE_FUNC_ATTRIBUTE_VISIBILITY 1
| #define HAVE_ENDIAN_H 1
| #define HAVE_BYTESWAP_H 1
| #define HAVE_STDIO_H 1
| #define HAVE_STDLIB_H 1
| #define HAVE_UNISTD_H 1
| #define HAVE_STRINGS_H 1
| #define HAVE_SYS_TYPES_H 1
| #define HAVE_SYS_STAT_H 1
| #define HAVE_SYS_SELECT_H 1
| #define HAVE_SYS_PRCTL_H 1
| #define HAVE_DECL_STRNLEN 1
| #define HAVE_DECL_DAEMON 1
| #define HAVE_DECL_LE16TOH 1
| #define HAVE_DECL_LE32TOH 1
| #define HAVE_DECL_LE64TOH 1
| #define HAVE_DECL_HTOLE16 1
| #define HAVE_DECL_HTOLE32 1
| #define HAVE_DECL_HTOLE64 1
| #define HAVE_DECL_BE16TOH 1
| #define HAVE_DECL_BE32TOH 1
| #define HAVE_DECL_BE64TOH 1
| #define HAVE_DECL_HTOBE16 1
| #define HAVE_DECL_HTOBE32 1
| #define HAVE_DECL_HTOBE64 1
| #define HAVE_DECL_BSWAP_16 1
| #define HAVE_DECL_BSWAP_32 1
| #define HAVE_DECL_BSWAP_64 1
| #define HAVE_DECL___BUILTIN_CLZ 1
| #define HAVE_DECL___BUILTIN_CLZL 1
| #define HAVE_DECL___BUILTIN_CLZLL 1
| #define HAVE_MSG_NOSIGNAL 1
| #define HAVE_MSG_DONTWAIT 1
| #define HAVE_MALLOC_INFO 1
| #define HAVE_MALLOPT_ARENA_MAX 1
| #define HAVE_VISIBILITY_ATTRIBUTE 1
| #define HAVE_SYS_GETRANDOM 1
| /* end confdefs.h.  */
| #include <stdio.h>
| #ifdef HAVE_SYS_TYPES_H
| # include <sys/types.h>
| #endif
| #ifdef HAVE_SYS_STAT_H
| # include <sys/stat.h>
| #endif
| #ifdef STDC_HEADERS
| # include <stdlib.h>
| # include <stddef.h>
| #else
| # ifdef HAVE_STDLIB_H
| #  include <stdlib.h>
| # endif
| #endif
| #ifdef HAVE_STRING_H
| # if !defined STDC_HEADERS && defined HAVE_MEMORY_H
| #  include <memory.h>
| # endif
| # include <string.h>
| #endif
| #ifdef HAVE_STRINGS_H
| # include <strings.h>
| #endif
| #ifdef HAVE_INTTYPES_H
| # include <inttypes.h>
| #endif
| #ifdef HAVE_STDINT_H
| # include <stdint.h>
| #endif
| #ifdef HAVE_UNISTD_H
| # include <unistd.h>
| #endif
| #include <miniupnpc/upnpcommands.h>
configure:23769: result: no
configure:23769: checking miniupnpc/upnpcommands.h presence
configure:23769: g++ -std=c++11 -E  -DTSC_BUILD -DHAVE_BUILD_INFO -D__STDC_FORMAT_MACROS conftest.cpp
conftest.cpp:64:36: fatal error: miniupnpc/upnpcommands.h: No such file or directory
compilation terminated.
configure:23769: $? = 1
configure: failed program was:
| /* confdefs.h */
| #define PACKAGE_NAME "Tsc Core"
| #define PACKAGE_TARNAME "tsc"
| #define PACKAGE_VERSION "0.15.2"
| #define PACKAGE_STRING "Tsc Core 0.15.2"
| #define PACKAGE_BUGREPORT "https://github.com/tscproject/tsc/issues"
| #define PACKAGE_URL "https://tsc.org/"
| #define HAVE_CXX11 1
| #define STDC_HEADERS 1
| #define HAVE_SYS_TYPES_H 1
| #define HAVE_SYS_STAT_H 1
| #define HAVE_STDLIB_H 1
| #define HAVE_STRING_H 1
| #define HAVE_MEMORY_H 1
| #define HAVE_STRINGS_H 1
| #define HAVE_INTTYPES_H 1
| #define HAVE_STDINT_H 1
| #define HAVE_UNISTD_H 1
| #define HAVE_DLFCN_H 1
| #define LT_OBJDIR ".libs/"
| #define HAVE_PTHREAD_PRIO_INHERIT 1
| #define HAVE_PTHREAD 1
| #define HAVE_DECL_STRERROR_R 1
| #define HAVE_STRERROR_R 1
| #define STRERROR_R_CHAR_P 1
| #define HAVE_FUNC_ATTRIBUTE_VISIBILITY 1
| #define HAVE_ENDIAN_H 1
| #define HAVE_BYTESWAP_H 1
| #define HAVE_STDIO_H 1
| #define HAVE_STDLIB_H 1
| #define HAVE_UNISTD_H 1
| #define HAVE_STRINGS_H 1
| #define HAVE_SYS_TYPES_H 1
| #define HAVE_SYS_STAT_H 1
| #define HAVE_SYS_SELECT_H 1
| #define HAVE_SYS_PRCTL_H 1
| #define HAVE_DECL_STRNLEN 1
| #define HAVE_DECL_DAEMON 1
| #define HAVE_DECL_LE16TOH 1
| #define HAVE_DECL_LE32TOH 1
| #define HAVE_DECL_LE64TOH 1
| #define HAVE_DECL_HTOLE16 1
| #define HAVE_DECL_HTOLE32 1
| #define HAVE_DECL_HTOLE64 1
| #define HAVE_DECL_BE16TOH 1
| #define HAVE_DECL_BE32TOH 1
| #define HAVE_DECL_BE64TOH 1
| #define HAVE_DECL_HTOBE16 1
| #define HAVE_DECL_HTOBE32 1
| #define HAVE_DECL_HTOBE64 1
| #define HAVE_DECL_BSWAP_16 1
| #define HAVE_DECL_BSWAP_32 1
| #define HAVE_DECL_BSWAP_64 1
| #define HAVE_DECL___BUILTIN_CLZ 1
| #define HAVE_DECL___BUILTIN_CLZL 1
| #define HAVE_DECL___BUILTIN_CLZLL 1
| #define HAVE_MSG_NOSIGNAL 1
| #define HAVE_MSG_DONTWAIT 1
| #define HAVE_MALLOC_INFO 1
| #define HAVE_MALLOPT_ARENA_MAX 1
| #define HAVE_VISIBILITY_ATTRIBUTE 1
| #define HAVE_SYS_GETRANDOM 1
| /* end confdefs.h.  */
| #include <miniupnpc/upnpcommands.h>
configure:23769: result: no
configure:23769: checking for miniupnpc/upnpcommands.h
configure:23769: result: no
configure:23769: checking miniupnpc/upnperrors.h usability
configure:23769: g++ -std=c++11 -c -g -O2 -Wall -Wextra -Wformat -Wvla -Wformat-security -Wno-unused-parameter -Wno-unknown-pragmas  -DTSC_BUILD -DHAVE_BUILD_INFO -D__STDC_FORMAT_MACROS conftest.cpp >&5
conftest.cpp:97:34: fatal error: miniupnpc/upnperrors.h: No such file or directory
compilation terminated.
configure:23769: $? = 1
configure: failed program was:
| /* confdefs.h */
| #define PACKAGE_NAME "Tsc Core"
| #define PACKAGE_TARNAME "tsc"
| #define PACKAGE_VERSION "0.15.2"
| #define PACKAGE_STRING "Tsc Core 0.15.2"
| #define PACKAGE_BUGREPORT "https://github.com/tscproject/tsc/issues"
| #define PACKAGE_URL "https://tsc.org/"
| #define HAVE_CXX11 1
| #define STDC_HEADERS 1
| #define HAVE_SYS_TYPES_H 1
| #define HAVE_SYS_STAT_H 1
| #define HAVE_STDLIB_H 1
| #define HAVE_STRING_H 1
| #define HAVE_MEMORY_H 1
| #define HAVE_STRINGS_H 1
| #define HAVE_INTTYPES_H 1
| #define HAVE_STDINT_H 1
| #define HAVE_UNISTD_H 1
| #define HAVE_DLFCN_H 1
| #define LT_OBJDIR ".libs/"
| #define HAVE_PTHREAD_PRIO_INHERIT 1
| #define HAVE_PTHREAD 1
| #define HAVE_DECL_STRERROR_R 1
| #define HAVE_STRERROR_R 1
| #define STRERROR_R_CHAR_P 1
| #define HAVE_FUNC_ATTRIBUTE_VISIBILITY 1
| #define HAVE_ENDIAN_H 1
| #define HAVE_BYTESWAP_H 1
| #define HAVE_STDIO_H 1
| #define HAVE_STDLIB_H 1
| #define HAVE_UNISTD_H 1
| #define HAVE_STRINGS_H 1
| #define HAVE_SYS_TYPES_H 1
| #define HAVE_SYS_STAT_H 1
| #define HAVE_SYS_SELECT_H 1
| #define HAVE_SYS_PRCTL_H 1
| #define HAVE_DECL_STRNLEN 1
| #define HAVE_DECL_DAEMON 1
| #define HAVE_DECL_LE16TOH 1
| #define HAVE_DECL_LE32TOH 1
| #define HAVE_DECL_LE64TOH 1
| #define HAVE_DECL_HTOLE16 1
| #define HAVE_DECL_HTOLE32 1
| #define HAVE_DECL_HTOLE64 1
| #define HAVE_DECL_BE16TOH 1
| #define HAVE_DECL_BE32TOH 1
| #define HAVE_DECL_BE64TOH 1
| #define HAVE_DECL_HTOBE16 1
| #define HAVE_DECL_HTOBE32 1
| #define HAVE_DECL_HTOBE64 1
| #define HAVE_DECL_BSWAP_16 1
| #define HAVE_DECL_BSWAP_32 1
| #define HAVE_DECL_BSWAP_64 1
| #define HAVE_DECL___BUILTIN_CLZ 1
| #define HAVE_DECL___BUILTIN_CLZL 1
| #define HAVE_DECL___BUILTIN_CLZLL 1
| #define HAVE_MSG_NOSIGNAL 1
| #define HAVE_MSG_DONTWAIT 1
| #define HAVE_MALLOC_INFO 1
| #define HAVE_MALLOPT_ARENA_MAX 1
| #define HAVE_VISIBILITY_ATTRIBUTE 1
| #define HAVE_SYS_GETRANDOM 1
| /* end confdefs.h.  */
| #include <stdio.h>
| #ifdef HAVE_SYS_TYPES_H
| # include <sys/types.h>
| #endif
| #ifdef HAVE_SYS_STAT_H
| # include <sys/stat.h>
| #endif
| #ifdef STDC_HEADERS
| # include <stdlib.h>
| # include <stddef.h>
| #else
| # ifdef HAVE_STDLIB_H
| #  include <stdlib.h>
| # endif
| #endif
| #ifdef HAVE_STRING_H
| # if !defined STDC_HEADERS && defined HAVE_MEMORY_H
| #  include <memory.h>
| # endif
| # include <string.h>
| #endif
| #ifdef HAVE_STRINGS_H
| # include <strings.h>
| #endif
| #ifdef HAVE_INTTYPES_H
| # include <inttypes.h>
| #endif
| #ifdef HAVE_STDINT_H
| # include <stdint.h>
| #endif
| #ifdef HAVE_UNISTD_H
| # include <unistd.h>
| #endif
| #include <miniupnpc/upnperrors.h>
configure:23769: result: no
configure:23769: checking miniupnpc/upnperrors.h presence
configure:23769: g++ -std=c++11 -E  -DTSC_BUILD -DHAVE_BUILD_INFO -D__STDC_FORMAT_MACROS conftest.cpp
conftest.cpp:64:34: fatal error: miniupnpc/upnperrors.h: No such file or directory
compilation terminated.
configure:23769: $? = 1
configure: failed program was:
| /* confdefs.h */
| #define PACKAGE_NAME "Tsc Core"
| #define PACKAGE_TARNAME "tsc"
| #define PACKAGE_VERSION "0.15.2"
| #define PACKAGE_STRING "Tsc Core 0.15.2"
| #define PACKAGE_BUGREPORT "https://github.com/tscproject/tsc/issues"
| #define PACKAGE_URL "https://tsc.org/"
| #define HAVE_CXX11 1
| #define STDC_HEADERS 1
| #define HAVE_SYS_TYPES_H 1
| #define HAVE_SYS_STAT_H 1
| #define HAVE_STDLIB_H 1
| #define HAVE_STRING_H 1
| #define HAVE_MEMORY_H 1
| #define HAVE_STRINGS_H 1
| #define HAVE_INTTYPES_H 1
| #define HAVE_STDINT_H 1
| #define HAVE_UNISTD_H 1
| #define HAVE_DLFCN_H 1
| #define LT_OBJDIR ".libs/"
| #define HAVE_PTHREAD_PRIO_INHERIT 1
| #define HAVE_PTHREAD 1
| #define HAVE_DECL_STRERROR_R 1
| #define HAVE_STRERROR_R 1
| #define STRERROR_R_CHAR_P 1
| #define HAVE_FUNC_ATTRIBUTE_VISIBILITY 1
| #define HAVE_ENDIAN_H 1
| #define HAVE_BYTESWAP_H 1
| #define HAVE_STDIO_H 1
| #define HAVE_STDLIB_H 1
| #define HAVE_UNISTD_H 1
| #define HAVE_STRINGS_H 1
| #define HAVE_SYS_TYPES_H 1
| #define HAVE_SYS_STAT_H 1
| #define HAVE_SYS_SELECT_H 1
| #define HAVE_SYS_PRCTL_H 1
| #define HAVE_DECL_STRNLEN 1
| #define HAVE_DECL_DAEMON 1
| #define HAVE_DECL_LE16TOH 1
| #define HAVE_DECL_LE32TOH 1
| #define HAVE_DECL_LE64TOH 1
| #define HAVE_DECL_HTOLE16 1
| #define HAVE_DECL_HTOLE32 1
| #define HAVE_DECL_HTOLE64 1
| #define HAVE_DECL_BE16TOH 1
| #define HAVE_DECL_BE32TOH 1
| #define HAVE_DECL_BE64TOH 1
| #define HAVE_DECL_HTOBE16 1
| #define HAVE_DECL_HTOBE32 1
| #define HAVE_DECL_HTOBE64 1
| #define HAVE_DECL_BSWAP_16 1
| #define HAVE_DECL_BSWAP_32 1
| #define HAVE_DECL_BSWAP_64 1
| #define HAVE_DECL___BUILTIN_CLZ 1
| #define HAVE_DECL___BUILTIN_CLZL 1
| #define HAVE_DECL___BUILTIN_CLZLL 1
| #define HAVE_MSG_NOSIGNAL 1
| #define HAVE_MSG_DONTWAIT 1
| #define HAVE_MALLOC_INFO 1
| #define HAVE_MALLOPT_ARENA_MAX 1
| #define HAVE_VISIBILITY_ATTRIBUTE 1
| #define HAVE_SYS_GETRANDOM 1
| /* end confdefs.h.  */
| #include <miniupnpc/upnperrors.h>
configure:23769: result: no
configure:23769: checking for miniupnpc/upnperrors.h
configure:23769: result: no
configure:23912: checking for QT5
configure:23919: $PKG_CONFIG --exists --print-errors "$qt5_modules"
configure:23922: $? = 0
configure:23936: $PKG_CONFIG --exists --print-errors "$qt5_modules"
configure:23939: $? = 0
configure:23977: result: yes
configure:24229: checking for QT_TEST
configure:24236: $PKG_CONFIG --exists --print-errors "${QT_LIB_PREFIX}Test"
configure:24239: $? = 0
configure:24253: $PKG_CONFIG --exists --print-errors "${QT_LIB_PREFIX}Test"
configure:24256: $? = 0
configure:24294: result: yes
configure:24301: checking for QT_DBUS
configure:24308: $PKG_CONFIG --exists --print-errors "${QT_LIB_PREFIX}DBus"
configure:24311: $? = 0
configure:24325: $PKG_CONFIG --exists --print-errors "${QT_LIB_PREFIX}DBus"
configure:24328: $? = 0
configure:24366: result: yes
configure:25332: checking for static Qt
configure:25355: g++ -std=c++11 -c -fPIC -g -O2 -Wall -Wextra -Wformat -Wvla -Wformat-security -Wno-unused-parameter -Wno-unknown-pragmas -I/usr/include/x86_64-linux-gnu/qt5/QtNetwork -I/usr/include/x86_64-linux-gnu/qt5 -I/usr/include/x86_64-linux-gnu/qt5/QtWidgets -I/usr/include/x86_64-linux-gnu/qt5 -I/usr/include/x86_64-linux-gnu/qt5/QtGui -I/usr/include/x86_64-linux-gnu/qt5 -I/usr/include/x86_64-linux-gnu/qt5/QtCore -I/usr/include/x86_64-linux-gnu/qt5  -DTSC_BUILD -DHAVE_BUILD_INFO -D__STDC_FORMAT_MACROS conftest.cpp >&5
conftest.cpp: In function 'int main()':
conftest.cpp:72:7: error: 'choke' was not declared in this scope
       choke me
       ^
configure:25355: $? = 1
configure: failed program was:
| /* confdefs.h */
| #define PACKAGE_NAME "Tsc Core"
| #define PACKAGE_TARNAME "tsc"
| #define PACKAGE_VERSION "0.15.2"
| #define PACKAGE_STRING "Tsc Core 0.15.2"
| #define PACKAGE_BUGREPORT "https://github.com/tscproject/tsc/issues"
| #define PACKAGE_URL "https://tsc.org/"
| #define HAVE_CXX11 1
| #define STDC_HEADERS 1
| #define HAVE_SYS_TYPES_H 1
| #define HAVE_SYS_STAT_H 1
| #define HAVE_STDLIB_H 1
| #define HAVE_STRING_H 1
| #define HAVE_MEMORY_H 1
| #define HAVE_STRINGS_H 1
| #define HAVE_INTTYPES_H 1
| #define HAVE_STDINT_H 1
| #define HAVE_UNISTD_H 1
| #define HAVE_DLFCN_H 1
| #define LT_OBJDIR ".libs/"
| #define HAVE_PTHREAD_PRIO_INHERIT 1
| #define HAVE_PTHREAD 1
| #define HAVE_DECL_STRERROR_R 1
| #define HAVE_STRERROR_R 1
| #define STRERROR_R_CHAR_P 1
| #define HAVE_FUNC_ATTRIBUTE_VISIBILITY 1
| #define HAVE_ENDIAN_H 1
| #define HAVE_BYTESWAP_H 1
| #define HAVE_STDIO_H 1
| #define HAVE_STDLIB_H 1
| #define HAVE_UNISTD_H 1
| #define HAVE_STRINGS_H 1
| #define HAVE_SYS_TYPES_H 1
| #define HAVE_SYS_STAT_H 1
| #define HAVE_SYS_SELECT_H 1
| #define HAVE_SYS_PRCTL_H 1
| #define HAVE_DECL_STRNLEN 1
| #define HAVE_DECL_DAEMON 1
| #define HAVE_DECL_LE16TOH 1
| #define HAVE_DECL_LE32TOH 1
| #define HAVE_DECL_LE64TOH 1
| #define HAVE_DECL_HTOLE16 1
| #define HAVE_DECL_HTOLE32 1
| #define HAVE_DECL_HTOLE64 1
| #define HAVE_DECL_BE16TOH 1
| #define HAVE_DECL_BE32TOH 1
| #define HAVE_DECL_BE64TOH 1
| #define HAVE_DECL_HTOBE16 1
| #define HAVE_DECL_HTOBE32 1
| #define HAVE_DECL_HTOBE64 1
| #define HAVE_DECL_BSWAP_16 1
| #define HAVE_DECL_BSWAP_32 1
| #define HAVE_DECL_BSWAP_64 1
| #define HAVE_DECL___BUILTIN_CLZ 1
| #define HAVE_DECL___BUILTIN_CLZL 1
| #define HAVE_DECL___BUILTIN_CLZLL 1
| #define HAVE_MSG_NOSIGNAL 1
| #define HAVE_MSG_DONTWAIT 1
| #define HAVE_MALLOC_INFO 1
| #define HAVE_MALLOPT_ARENA_MAX 1
| #define HAVE_VISIBILITY_ATTRIBUTE 1
| #define HAVE_SYS_GETRANDOM 1
| /* end confdefs.h.  */
| #include <QtCore>
| int
| main ()
| {
| 
|       #if defined(QT_STATIC)
|       return 0;
|       #else
|       choke me
|       #endif
| 
|   ;
|   return 0;
| }
configure:25363: result: no
configure:26223: checking whether -fPIE can be used with this Qt config
configure:26244: g++ -std=c++11 -c -fPIE -g -O2 -Wall -Wextra -Wformat -Wvla -Wformat-security -Wno-unused-parameter -Wno-unknown-pragmas -I/usr/include/x86_64-linux-gnu/qt5/QtNetwork -I/usr/include/x86_64-linux-gnu/qt5 -I/usr/include/x86_64-linux-gnu/qt5/QtWidgets -I/usr/include/x86_64-linux-gnu/qt5 -I/usr/include/x86_64-linux-gnu/qt5/QtGui -I/usr/include/x86_64-linux-gnu/qt5 -I/usr/include/x86_64-linux-gnu/qt5/QtCore -I/usr/include/x86_64-linux-gnu/qt5  -DTSC_BUILD -DHAVE_BUILD_INFO -D__STDC_FORMAT_MACROS conftest.cpp >&5
conftest.cpp: In function 'int main()':
conftest.cpp:70:15: error: 'choke' was not declared in this scope
               choke;
               ^
configure:26244: $? = 1
configure: failed program was:
| /* confdefs.h */
| #define PACKAGE_NAME "Tsc Core"
| #define PACKAGE_TARNAME "tsc"
| #define PACKAGE_VERSION "0.15.2"
| #define PACKAGE_STRING "Tsc Core 0.15.2"
| #define PACKAGE_BUGREPORT "https://github.com/tscproject/tsc/issues"
| #define PACKAGE_URL "https://tsc.org/"
| #define HAVE_CXX11 1
| #define STDC_HEADERS 1
| #define HAVE_SYS_TYPES_H 1
| #define HAVE_SYS_STAT_H 1
| #define HAVE_STDLIB_H 1
| #define HAVE_STRING_H 1
| #define HAVE_MEMORY_H 1
| #define HAVE_STRINGS_H 1
| #define HAVE_INTTYPES_H 1
| #define HAVE_STDINT_H 1
| #define HAVE_UNISTD_H 1
| #define HAVE_DLFCN_H 1
| #define LT_OBJDIR ".libs/"
| #define HAVE_PTHREAD_PRIO_INHERIT 1
| #define HAVE_PTHREAD 1
| #define HAVE_DECL_STRERROR_R 1
| #define HAVE_STRERROR_R 1
| #define STRERROR_R_CHAR_P 1
| #define HAVE_FUNC_ATTRIBUTE_VISIBILITY 1
| #define HAVE_ENDIAN_H 1
| #define HAVE_BYTESWAP_H 1
| #define HAVE_STDIO_H 1
| #define HAVE_STDLIB_H 1
| #define HAVE_UNISTD_H 1
| #define HAVE_STRINGS_H 1
| #define HAVE_SYS_TYPES_H 1
| #define HAVE_SYS_STAT_H 1
| #define HAVE_SYS_SELECT_H 1
| #define HAVE_SYS_PRCTL_H 1
| #define HAVE_DECL_STRNLEN 1
| #define HAVE_DECL_DAEMON 1
| #define HAVE_DECL_LE16TOH 1
| #define HAVE_DECL_LE32TOH 1
| #define HAVE_DECL_LE64TOH 1
| #define HAVE_DECL_HTOLE16 1
| #define HAVE_DECL_HTOLE32 1
| #define HAVE_DECL_HTOLE64 1
| #define HAVE_DECL_BE16TOH 1
| #define HAVE_DECL_BE32TOH 1
| #define HAVE_DECL_BE64TOH 1
| #define HAVE_DECL_HTOBE16 1
| #define HAVE_DECL_HTOBE32 1
| #define HAVE_DECL_HTOBE64 1
| #define HAVE_DECL_BSWAP_16 1
| #define HAVE_DECL_BSWAP_32 1
| #define HAVE_DECL_BSWAP_64 1
| #define HAVE_DECL___BUILTIN_CLZ 1
| #define HAVE_DECL___BUILTIN_CLZL 1
| #define HAVE_DECL___BUILTIN_CLZLL 1
| #define HAVE_MSG_NOSIGNAL 1
| #define HAVE_MSG_DONTWAIT 1
| #define HAVE_MALLOC_INFO 1
| #define HAVE_MALLOPT_ARENA_MAX 1
| #define HAVE_VISIBILITY_ATTRIBUTE 1
| #define HAVE_SYS_GETRANDOM 1
| /* end confdefs.h.  */
| #include <QtCore/qconfig.h>
| int
| main ()
| {
| 
|           #if defined(QT_REDUCE_RELOCATIONS)
|               choke;
|           #endif
| 
|   ;
|   return 0;
| }
configure:26248: result: no
configure:26313: checking for moc-qt5
configure:26346: result: no
configure:26313: checking for moc5
configure:26346: result: no
configure:26313: checking for moc
configure:26331: found /usr/lib/x86_64-linux-gnu/qt5/bin/moc
configure:26343: result: /usr/lib/x86_64-linux-gnu/qt5/bin/moc
configure:26432: checking for uic-qt5
configure:26465: result: no
configure:26432: checking for uic5
configure:26465: result: no
configure:26432: checking for uic
configure:26450: found /usr/lib/x86_64-linux-gnu/qt5/bin/uic
configure:26462: result: /usr/lib/x86_64-linux-gnu/qt5/bin/uic
configure:26551: checking for rcc-qt5
configure:26584: result: no
configure:26551: checking for rcc5
configure:26584: result: no
configure:26551: checking for rcc
configure:26569: found /usr/lib/x86_64-linux-gnu/qt5/bin/rcc
configure:26581: result: /usr/lib/x86_64-linux-gnu/qt5/bin/rcc
configure:26670: checking for lrelease-qt5
configure:26703: result: no
configure:26670: checking for lrelease5
configure:26703: result: no
configure:26670: checking for lrelease
configure:26688: found /usr/lib/x86_64-linux-gnu/qt5/bin/lrelease
configure:26700: result: /usr/lib/x86_64-linux-gnu/qt5/bin/lrelease
configure:26789: checking for lupdate-qt5
configure:26822: result: no
configure:26789: checking for lupdate5
configure:26822: result: no
configure:26789: checking for lupdate
configure:26807: found /usr/lib/x86_64-linux-gnu/qt5/bin/lupdate
configure:26819: result: /usr/lib/x86_64-linux-gnu/qt5/bin/lupdate
configure:27004: checking whether to build Tsc Core GUI
configure:27034: result: yes (Qt5)
configure:27108: checking for boostlib >= 1.47.0
configure:27193: g++ -std=c++11 -c -g -O2 -Wall -Wextra -Wformat -Wvla -Wformat-security -Wno-unused-parameter -Wno-unknown-pragmas  -DTSC_BUILD -DHAVE_BUILD_INFO -D__STDC_FORMAT_MACROS -I/usr/include conftest.cpp >&5
configure:27193: $? = 0
configure:27195: result: yes
configure:27382: checking whether the Boost::System library is available
configure:27407: g++ -std=c++11 -c   -DTSC_BUILD -DHAVE_BUILD_INFO -D__STDC_FORMAT_MACROS -I/usr/include conftest.cpp >&5
configure:27407: $? = 0
configure:27422: result: yes
configure:27438: checking for exit in -lboost_system
configure:27463: g++ -std=c++11 -o conftest -g -O2 -Wall -Wextra -Wformat -Wvla -Wformat-security -Wno-unused-parameter -Wno-unknown-pragmas  -DTSC_BUILD -DHAVE_BUILD_INFO -D__STDC_FORMAT_MACROS -I/usr/include  -L/usr/lib/x86_64-linux-gnu conftest.cpp -lboost_system   >&5
configure:27463: $? = 0
configure:27473: result: yes
configure:27628: checking whether the Boost::Filesystem library is available
configure:27652: g++ -std=c++11 -c -g -O2 -Wall -Wextra -Wformat -Wvla -Wformat-security -Wno-unused-parameter -Wno-unknown-pragmas  -DTSC_BUILD -DHAVE_BUILD_INFO -D__STDC_FORMAT_MACROS -I/usr/include conftest.cpp >&5
configure:27652: $? = 0
configure:27666: result: yes
configure:27678: checking for exit in -lboost_filesystem
configure:27703: g++ -std=c++11 -o conftest -g -O2 -Wall -Wextra -Wformat -Wvla -Wformat-security -Wno-unused-parameter -Wno-unknown-pragmas  -DTSC_BUILD -DHAVE_BUILD_INFO -D__STDC_FORMAT_MACROS -I/usr/include  -L/usr/lib/x86_64-linux-gnu conftest.cpp -lboost_filesystem   -lboost_system >&5
configure:27703: $? = 0
configure:27713: result: yes
configure:27863: checking whether the Boost::Program_Options library is available
configure:27887: g++ -std=c++11 -c -g -O2 -Wall -Wextra -Wformat -Wvla -Wformat-security -Wno-unused-parameter -Wno-unknown-pragmas  -DTSC_BUILD -DHAVE_BUILD_INFO -D__STDC_FORMAT_MACROS -I/usr/include conftest.cpp >&5
configure:27887: $? = 0
configure:27901: result: yes
configure:27912: checking for exit in -lboost_program_options
configure:27937: g++ -std=c++11 -o conftest -g -O2 -Wall -Wextra -Wformat -Wvla -Wformat-security -Wno-unused-parameter -Wno-unknown-pragmas  -DTSC_BUILD -DHAVE_BUILD_INFO -D__STDC_FORMAT_MACROS -I/usr/include  -L/usr/lib/x86_64-linux-gnu conftest.cpp -lboost_program_options   >&5
configure:27937: $? = 0
configure:27947: result: yes
configure:28090: checking whether the Boost::Thread library is available
configure:28122: g++ -std=c++11 -c -pthread -g -O2 -Wall -Wextra -Wformat -Wvla -Wformat-security -Wno-unused-parameter -Wno-unknown-pragmas  -DTSC_BUILD -DHAVE_BUILD_INFO -D__STDC_FORMAT_MACROS -I/usr/include conftest.cpp >&5
configure:28122: $? = 0
configure:28137: result: yes
configure:28167: checking for exit in -lboost_thread
configure:28192: g++ -std=c++11 -o conftest -g -O2 -Wall -Wextra -Wformat -Wvla -Wformat-security -Wno-unused-parameter -Wno-unknown-pragmas  -DTSC_BUILD -DHAVE_BUILD_INFO -D__STDC_FORMAT_MACROS -I/usr/include  -L/usr/lib/x86_64-linux-gnu conftest.cpp -lboost_thread   >&5
configure:28192: $? = 0
configure:28202: result: yes
configure:28363: checking whether the Boost::Random library is available
configure:28387: g++ -std=c++11 -c -g -O2 -Wall -Wextra -Wformat -Wvla -Wformat-security -Wno-unused-parameter -Wno-unknown-pragmas  -DTSC_BUILD -DHAVE_BUILD_INFO -D__STDC_FORMAT_MACROS -pthread -I/usr/include conftest.cpp >&5
configure:28387: $? = 0
configure:28402: result: yes
configure:28417: checking for exit in -lboost_random
configure:28442: g++ -std=c++11 -o conftest -g -O2 -Wall -Wextra -Wformat -Wvla -Wformat-security -Wno-unused-parameter -Wno-unknown-pragmas  -DTSC_BUILD -DHAVE_BUILD_INFO -D__STDC_FORMAT_MACROS -pthread -I/usr/include  -L/usr/lib/x86_64-linux-gnu conftest.cpp -lboost_random   >&5
configure:28442: $? = 0
configure:28452: result: yes
configure:28606: checking whether the Boost::Chrono library is available
configure:28630: g++ -std=c++11 -c -g -O2 -Wall -Wextra -Wformat -Wvla -Wformat-security -Wno-unused-parameter -Wno-unknown-pragmas  -DTSC_BUILD -DHAVE_BUILD_INFO -D__STDC_FORMAT_MACROS -pthread -I/usr/include conftest.cpp >&5
configure:28630: $? = 0
configure:28645: result: yes
configure:28661: checking for exit in -lboost_chrono
configure:28686: g++ -std=c++11 -o conftest -g -O2 -Wall -Wextra -Wformat -Wvla -Wformat-security -Wno-unused-parameter -Wno-unknown-pragmas  -DTSC_BUILD -DHAVE_BUILD_INFO -D__STDC_FORMAT_MACROS -pthread -I/usr/include  -L/usr/lib/x86_64-linux-gnu conftest.cpp -lboost_chrono   >&5
configure:28686: $? = 0
configure:28696: result: yes
configure:28938: checking whether the Boost::Unit_Test_Framework library is available
configure:28961: g++ -std=c++11 -c -g -O2 -Wall -Wextra -Wformat -Wvla -Wformat-security -Wno-unused-parameter -Wno-unknown-pragmas  -DTSC_BUILD -DHAVE_BUILD_INFO -D__STDC_FORMAT_MACROS -DBOOST_SP_USE_STD_ATOMIC -DBOOST_AC_USE_STD_ATOMIC -pthread -I/usr/include conftest.cpp >&5
conftest.cpp: In function 'int main()':
conftest.cpp:76:21: warning: unused variable 'test' [-Wunused-variable]
         test_suite* test= BOOST_TEST_SUITE( "Unit test example 1" ); return 0;
                     ^
configure:28961: $? = 0
configure:28975: result: yes
configure:29087: checking for dynamic linked boost test
configure:29102: g++ -std=c++11 -o conftest -g -O2 -Wall -Wextra -Wformat -Wvla -Wformat-security -Wno-unused-parameter -Wno-unknown-pragmas  -DTSC_BUILD -DHAVE_BUILD_INFO -D__STDC_FORMAT_MACROS -DBOOST_SP_USE_STD_ATOMIC -DBOOST_AC_USE_STD_ATOMIC -pthread -I/usr/include  conftest.cpp  -L/usr/lib/x86_64-linux-gnu -lboost_unit_test_framework >&5
configure:29102: $? = 0
configure:29103: result: yes
configure:29129: checking for mismatched boost c++11 scoped enums
configure:29157: g++ -std=c++11 -o conftest -g -O2 -Wall -Wextra -Wformat -Wvla -Wformat-security -Wno-unused-parameter -Wno-unknown-pragmas  -DTSC_BUILD -DHAVE_BUILD_INFO -D__STDC_FORMAT_MACROS -DBOOST_SP_USE_STD_ATOMIC -DBOOST_AC_USE_STD_ATOMIC -pthread -I/usr/include  conftest.cpp -L/usr/lib/x86_64-linux-gnu -lboost_system -lboost_filesystem -lboost_program_options -lboost_thread -lboost_chrono -lboost_random  >&5
conftest.cpp: In function 'int main()':
conftest.cpp:89:5: error: 'choke' was not declared in this scope
     choke;
     ^
configure:29157: $? = 1
configure: failed program was:
| /* confdefs.h */
| #define PACKAGE_NAME "Tsc Core"
| #define PACKAGE_TARNAME "tsc"
| #define PACKAGE_VERSION "0.15.2"
| #define PACKAGE_STRING "Tsc Core 0.15.2"
| #define PACKAGE_BUGREPORT "https://github.com/tscproject/tsc/issues"
| #define PACKAGE_URL "https://tsc.org/"
| #define HAVE_CXX11 1
| #define STDC_HEADERS 1
| #define HAVE_SYS_TYPES_H 1
| #define HAVE_SYS_STAT_H 1
| #define HAVE_STDLIB_H 1
| #define HAVE_STRING_H 1
| #define HAVE_MEMORY_H 1
| #define HAVE_STRINGS_H 1
| #define HAVE_INTTYPES_H 1
| #define HAVE_STDINT_H 1
| #define HAVE_UNISTD_H 1
| #define HAVE_DLFCN_H 1
| #define LT_OBJDIR ".libs/"
| #define HAVE_PTHREAD_PRIO_INHERIT 1
| #define HAVE_PTHREAD 1
| #define HAVE_DECL_STRERROR_R 1
| #define HAVE_STRERROR_R 1
| #define STRERROR_R_CHAR_P 1
| #define HAVE_FUNC_ATTRIBUTE_VISIBILITY 1
| #define HAVE_ENDIAN_H 1
| #define HAVE_BYTESWAP_H 1
| #define HAVE_STDIO_H 1
| #define HAVE_STDLIB_H 1
| #define HAVE_UNISTD_H 1
| #define HAVE_STRINGS_H 1
| #define HAVE_SYS_TYPES_H 1
| #define HAVE_SYS_STAT_H 1
| #define HAVE_SYS_SELECT_H 1
| #define HAVE_SYS_PRCTL_H 1
| #define HAVE_DECL_STRNLEN 1
| #define HAVE_DECL_DAEMON 1
| #define HAVE_DECL_LE16TOH 1
| #define HAVE_DECL_LE32TOH 1
| #define HAVE_DECL_LE64TOH 1
| #define HAVE_DECL_HTOLE16 1
| #define HAVE_DECL_HTOLE32 1
| #define HAVE_DECL_HTOLE64 1
| #define HAVE_DECL_BE16TOH 1
| #define HAVE_DECL_BE32TOH 1
| #define HAVE_DECL_BE64TOH 1
| #define HAVE_DECL_HTOBE16 1
| #define HAVE_DECL_HTOBE32 1
| #define HAVE_DECL_HTOBE64 1
| #define HAVE_DECL_BSWAP_16 1
| #define HAVE_DECL_BSWAP_32 1
| #define HAVE_DECL_BSWAP_64 1
| #define HAVE_DECL___BUILTIN_CLZ 1
| #define HAVE_DECL___BUILTIN_CLZL 1
| #define HAVE_DECL___BUILTIN_CLZLL 1
| #define HAVE_MSG_NOSIGNAL 1
| #define HAVE_MSG_DONTWAIT 1
| #define HAVE_MALLOC_INFO 1
| #define HAVE_MALLOPT_ARENA_MAX 1
| #define HAVE_VISIBILITY_ATTRIBUTE 1
| #define HAVE_SYS_GETRANDOM 1
| #define HAVE_BOOST /**/
| #define HAVE_BOOST_SYSTEM /**/
| #define HAVE_BOOST_FILESYSTEM /**/
| #define HAVE_BOOST_PROGRAM_OPTIONS /**/
| #define HAVE_BOOST_THREAD /**/
| #define HAVE_BOOST_RANDOM /**/
| #define HAVE_BOOST_CHRONO /**/
| #define HAVE_BOOST_UNIT_TEST_FRAMEWORK /**/
| /* end confdefs.h.  */
| 
|   #include "boost/config.hpp"
|   #include "boost/version.hpp"
|   #if !defined(BOOST_NO_SCOPED_ENUMS) && !defined(BOOST_NO_CXX11_SCOPED_ENUMS) && BOOST_VERSION < 105700
|   #define BOOST_NO_SCOPED_ENUMS
|   #define BOOST_NO_CXX11_SCOPED_ENUMS
|   #define CHECK
|   #endif
|   #include "boost/filesystem.hpp"
| 
| int
| main ()
| {
| 
|   #if defined(CHECK)
|     boost::filesystem::copy_file("foo", "bar");
|   #else
|     choke;
|   #endif
| 
|   ;
|   return 0;
| }
configure:29161: result: ok
configure:29193: g++ -std=c++11 -o conftest -g -O2 -Wall -Wextra -Wformat -Wvla -Wformat-security -Wno-unused-parameter -Wno-unknown-pragmas  -DTSC_BUILD -DHAVE_BUILD_INFO -D__STDC_FORMAT_MACROS -DBOOST_SP_USE_STD_ATOMIC -DBOOST_AC_USE_STD_ATOMIC -pthread -I/usr/include  conftest.cpp -L/usr/lib/x86_64-linux-gnu -lboost_system -lboost_filesystem -lboost_program_options -lboost_thread -lboost_chrono -lboost_random  >&5
configure:29193: $? = 0
configure:29255: checking for SSL
configure:29262: $PKG_CONFIG --exists --print-errors "libssl"
configure:29265: $? = 0
configure:29279: $PKG_CONFIG --exists --print-errors "libssl"
configure:29282: $? = 0
configure:29320: result: yes
configure:29326: checking for CRYPTO
configure:29333: $PKG_CONFIG --exists --print-errors "libcrypto"
configure:29336: $? = 0
configure:29350: $PKG_CONFIG --exists --print-errors "libcrypto"
configure:29353: $? = 0
configure:29391: result: yes
configure:29400: checking for PROTOBUF
configure:29407: $PKG_CONFIG --exists --print-errors "protobuf"
configure:29410: $? = 0
configure:29424: $PKG_CONFIG --exists --print-errors "protobuf"
configure:29427: $? = 0
configure:29487: result: yes
configure:29502: checking for QR
configure:29509: $PKG_CONFIG --exists --print-errors "libqrencode"
Package libqrencode was not found in the pkg-config search path.
Perhaps you should add the directory containing `libqrencode.pc'
to the PKG_CONFIG_PATH environment variable
No package 'libqrencode' found
configure:29512: $? = 1
configure:29526: $PKG_CONFIG --exists --print-errors "libqrencode"
Package libqrencode was not found in the pkg-config search path.
Perhaps you should add the directory containing `libqrencode.pc'
to the PKG_CONFIG_PATH environment variable
No package 'libqrencode' found
configure:29529: $? = 1
configure:29543: result: no
No package 'libqrencode' found
configure:29580: checking for EVENT
configure:29587: $PKG_CONFIG --exists --print-errors "libevent"
configure:29590: $? = 0
configure:29604: $PKG_CONFIG --exists --print-errors "libevent"
configure:29607: $? = 0
configure:29645: result: yes
configure:29652: checking for EVENT_PTHREADS
configure:29659: $PKG_CONFIG --exists --print-errors "libevent_pthreads"
configure:29662: $? = 0
configure:29676: $PKG_CONFIG --exists --print-errors "libevent_pthreads"
configure:29679: $? = 0
configure:29717: result: yes
configure:29727: checking for ZMQ
configure:29734: $PKG_CONFIG --exists --print-errors "libzmq >= 4"
Package libzmq was not found in the pkg-config search path.
Perhaps you should add the directory containing `libzmq.pc'
to the PKG_CONFIG_PATH environment variable
No package 'libzmq' found
configure:29737: $? = 1
configure:29751: $PKG_CONFIG --exists --print-errors "libzmq >= 4"
Package libzmq was not found in the pkg-config search path.
Perhaps you should add the directory containing `libzmq.pc'
to the PKG_CONFIG_PATH environment variable
No package 'libzmq' found
configure:29754: $? = 1
configure:29768: result: no
No package 'libzmq' found
configure:29787: WARNING: libzmq version 4.x or greater not found, disabling
configure:30195: checking whether EVP_MD_CTX_new is declared
configure:30195: g++ -std=c++11 -c -g -O2 -Wall -Wextra -Wformat -Wvla -Wformat-security -Wno-unused-parameter -Wno-unknown-pragmas    -DTSC_BUILD -DHAVE_BUILD_INFO -D__STDC_FORMAT_MACROS conftest.cpp >&5
conftest.cpp: In function 'int main()':
conftest.cpp:115:10: error: 'EVP_MD_CTX_new' was not declared in this scope
   (void) EVP_MD_CTX_new;
          ^
configure:30195: $? = 1
configure: failed program was:
| /* confdefs.h */
| #define PACKAGE_NAME "Tsc Core"
| #define PACKAGE_TARNAME "tsc"
| #define PACKAGE_VERSION "0.15.2"
| #define PACKAGE_STRING "Tsc Core 0.15.2"
| #define PACKAGE_BUGREPORT "https://github.com/tscproject/tsc/issues"
| #define PACKAGE_URL "https://tsc.org/"
| #define HAVE_CXX11 1
| #define STDC_HEADERS 1
| #define HAVE_SYS_TYPES_H 1
| #define HAVE_SYS_STAT_H 1
| #define HAVE_STDLIB_H 1
| #define HAVE_STRING_H 1
| #define HAVE_MEMORY_H 1
| #define HAVE_STRINGS_H 1
| #define HAVE_INTTYPES_H 1
| #define HAVE_STDINT_H 1
| #define HAVE_UNISTD_H 1
| #define HAVE_DLFCN_H 1
| #define LT_OBJDIR ".libs/"
| #define HAVE_PTHREAD_PRIO_INHERIT 1
| #define HAVE_PTHREAD 1
| #define HAVE_DECL_STRERROR_R 1
| #define HAVE_STRERROR_R 1
| #define STRERROR_R_CHAR_P 1
| #define HAVE_FUNC_ATTRIBUTE_VISIBILITY 1
| #define HAVE_ENDIAN_H 1
| #define HAVE_BYTESWAP_H 1
| #define HAVE_STDIO_H 1
| #define HAVE_STDLIB_H 1
| #define HAVE_UNISTD_H 1
| #define HAVE_STRINGS_H 1
| #define HAVE_SYS_TYPES_H 1
| #define HAVE_SYS_STAT_H 1
| #define HAVE_SYS_SELECT_H 1
| #define HAVE_SYS_PRCTL_H 1
| #define HAVE_DECL_STRNLEN 1
| #define HAVE_DECL_DAEMON 1
| #define HAVE_DECL_LE16TOH 1
| #define HAVE_DECL_LE32TOH 1
| #define HAVE_DECL_LE64TOH 1
| #define HAVE_DECL_HTOLE16 1
| #define HAVE_DECL_HTOLE32 1
| #define HAVE_DECL_HTOLE64 1
| #define HAVE_DECL_BE16TOH 1
| #define HAVE_DECL_BE32TOH 1
| #define HAVE_DECL_BE64TOH 1
| #define HAVE_DECL_HTOBE16 1
| #define HAVE_DECL_HTOBE32 1
| #define HAVE_DECL_HTOBE64 1
| #define HAVE_DECL_BSWAP_16 1
| #define HAVE_DECL_BSWAP_32 1
| #define HAVE_DECL_BSWAP_64 1
| #define HAVE_DECL___BUILTIN_CLZ 1
| #define HAVE_DECL___BUILTIN_CLZL 1
| #define HAVE_DECL___BUILTIN_CLZLL 1
| #define HAVE_MSG_NOSIGNAL 1
| #define HAVE_MSG_DONTWAIT 1
| #define HAVE_MALLOC_INFO 1
| #define HAVE_MALLOPT_ARENA_MAX 1
| #define HAVE_VISIBILITY_ATTRIBUTE 1
| #define HAVE_SYS_GETRANDOM 1
| #define HAVE_BOOST /**/
| #define HAVE_BOOST_SYSTEM /**/
| #define HAVE_BOOST_FILESYSTEM /**/
| #define HAVE_BOOST_PROGRAM_OPTIONS /**/
| #define HAVE_BOOST_THREAD /**/
| #define HAVE_BOOST_RANDOM /**/
| #define HAVE_BOOST_CHRONO /**/
| #define HAVE_BOOST_UNIT_TEST_FRAMEWORK /**/
| #define HAVE_WORKING_BOOST_SLEEP_FOR 1
| #define ENABLE_ZMQ 0
| /* end confdefs.h.  */
| #include <stdio.h>
| #ifdef HAVE_SYS_TYPES_H
| # include <sys/types.h>
| #endif
| #ifdef HAVE_SYS_STAT_H
| # include <sys/stat.h>
| #endif
| #ifdef STDC_HEADERS
| # include <stdlib.h>
| # include <stddef.h>
| #else
| # ifdef HAVE_STDLIB_H
| #  include <stdlib.h>
| # endif
| #endif
| #ifdef HAVE_STRING_H
| # if !defined STDC_HEADERS && defined HAVE_MEMORY_H
| #  include <memory.h>
| # endif
| # include <string.h>
| #endif
| #ifdef HAVE_STRINGS_H
| # include <strings.h>
| #endif
| #ifdef HAVE_INTTYPES_H
| # include <inttypes.h>
| #endif
| #ifdef HAVE_STDINT_H
| # include <stdint.h>
| #endif
| #ifdef HAVE_UNISTD_H
| # include <unistd.h>
| #endif
| #include <openssl/x509_vfy.h>
| 
| 
| int
| main ()
| {
| #ifndef EVP_MD_CTX_new
| #ifdef __cplusplus
|   (void) EVP_MD_CTX_new;
| #else
|   (void) EVP_MD_CTX_new;
| #endif
| #endif
| 
|   ;
|   return 0;
| }
configure:30195: result: no
configure:30431: checking for protoc
configure:30449: found /usr/bin/protoc
configure:30461: result: /usr/bin/protoc
configure:30495: checking whether to build bitcoind
configure:30505: result: yes
configure:30508: checking whether to build utils (bitcoin-cli bitcoin-tx)
configure:30518: result: yes
configure:30521: checking whether to build libraries
configure:30538: result: yes
configure:30549: checking if ccache should be used
configure:30562: result: no
configure:30603: checking if wallet should be enabled
configure:30606: result: yes
configure:30619: checking whether to build with support for UPnP
configure:30625: result: no
configure:30657: checking whether to build GUI with support for D-Bus
configure:30664: result: yes
configure:30667: checking whether to build GUI with support for QR codes
configure:30673: result: no
configure:30690: WARNING: "xgettext is required to update qt translations"
configure:30694: checking whether to build test_bitcoin-qt
configure:30697: result: yes
configure:30715: checking whether to build test_bitcoin
configure:30718: result: yes
configure:30727: checking whether to reduce exports
configure:30733: result: no
configure:31082: checking that generated files are newer than configure
configure:31088: result: done
configure:31212: creating ./config.status

## ---------------------- ##
## Running config.status. ##
## ---------------------- ##

This file was extended by Tsc Core config.status 0.15.2, which was
generated by GNU Autoconf 2.69.  Invocation command line was

  CONFIG_FILES    = 
  CONFIG_HEADERS  = 
  CONFIG_LINKS    = 
  CONFIG_COMMANDS = 
  $ ./config.status 

on 192-168-13-3

config.status:1417: creating libbitcoinconsensus.pc
config.status:1417: creating Makefile
config.status:1417: creating src/Makefile
config.status:1417: creating doc/man/Makefile
config.status:1417: creating share/setup.nsi
config.status:1417: creating share/qt/Info.plist
config.status:1417: creating test/config.ini
config.status:1417: creating contrib/devtools/split-debug.sh
config.status:1417: creating doc/Doxyfile
config.status:1417: creating src/config/bitcoin-config.h
config.status:1598: src/config/bitcoin-config.h is unchanged
config.status:1677: executing depfiles commands
config.status:1677: executing libtool commands
configure:33735: === configuring in src/univalue (/data/yaoyf/tsc-pow-sha3/src/univalue)
configure:33798: running /bin/bash ./configure --disable-option-checking '--prefix=/usr/local'  '--disable-shared' '--with-pic' '--with-bignum=no' '--enable-module-recovery' '--enable-module-ecdh' '--enable-experimental' '--disable-jni' --cache-file=/dev/null --srcdir=.
configure:33735: === configuring in src/secp256k1 (/data/yaoyf/tsc-pow-sha3/src/secp256k1)
configure:33798: running /bin/bash ./configure --disable-option-checking '--prefix=/usr/local'  '--disable-shared' '--with-pic' '--with-bignum=no' '--enable-module-recovery' '--enable-module-ecdh' '--enable-experimental' '--disable-jni' --cache-file=/dev/null --srcdir=.
configure:33817: result: Fixing libtool for -rpath problems.

## ---------------- ##
## Cache variables. ##
## ---------------- ##

ac_cv_build=x86_64-pc-linux-gnu
ac_cv_c_bigendian=no
ac_cv_c_compiler_gnu=yes
ac_cv_cxx_compiler_gnu=yes
ac_cv_env_ARFLAGS_set=
ac_cv_env_ARFLAGS_value=
ac_cv_env_BDB_CFLAGS_set=
ac_cv_env_BDB_CFLAGS_value=
ac_cv_env_BDB_LIBS_set=
ac_cv_env_BDB_LIBS_value=
ac_cv_env_CCC_set=
ac_cv_env_CCC_value=
ac_cv_env_CC_set=
ac_cv_env_CC_value=
ac_cv_env_CFLAGS_set=
ac_cv_env_CFLAGS_value=
ac_cv_env_CPPFLAGS_set=
ac_cv_env_CPPFLAGS_value=
ac_cv_env_CPP_set=
ac_cv_env_CPP_value=
ac_cv_env_CRYPTO_CFLAGS_set=
ac_cv_env_CRYPTO_CFLAGS_value=
ac_cv_env_CRYPTO_LIBS_set=
ac_cv_env_CRYPTO_LIBS_value=
ac_cv_env_CXXCPP_set=
ac_cv_env_CXXCPP_value=
ac_cv_env_CXXFLAGS_set=
ac_cv_env_CXXFLAGS_value=
ac_cv_env_CXX_set=
ac_cv_env_CXX_value=
ac_cv_env_EVENT_CFLAGS_set=
ac_cv_env_EVENT_CFLAGS_value=
ac_cv_env_EVENT_LIBS_set=
ac_cv_env_EVENT_LIBS_value=
ac_cv_env_EVENT_PTHREADS_CFLAGS_set=
ac_cv_env_EVENT_PTHREADS_CFLAGS_value=
ac_cv_env_EVENT_PTHREADS_LIBS_set=
ac_cv_env_EVENT_PTHREADS_LIBS_value=
ac_cv_env_LDFLAGS_set=
ac_cv_env_LDFLAGS_value=
ac_cv_env_LIBS_set=
ac_cv_env_LIBS_value=
ac_cv_env_LT_SYS_LIBRARY_PATH_set=
ac_cv_env_LT_SYS_LIBRARY_PATH_value=
ac_cv_env_OBJCXXFLAGS_set=
ac_cv_env_OBJCXXFLAGS_value=
ac_cv_env_OBJCXX_set=
ac_cv_env_OBJCXX_value=
ac_cv_env_PKG_CONFIG_LIBDIR_set=
ac_cv_env_PKG_CONFIG_LIBDIR_value=
ac_cv_env_PKG_CONFIG_PATH_set=
ac_cv_env_PKG_CONFIG_PATH_value=
ac_cv_env_PKG_CONFIG_set=
ac_cv_env_PKG_CONFIG_value=
ac_cv_env_PROTOBUF_CFLAGS_set=
ac_cv_env_PROTOBUF_CFLAGS_value=
ac_cv_env_PROTOBUF_LIBS_set=
ac_cv_env_PROTOBUF_LIBS_value=
ac_cv_env_PYTHONPATH_set=
ac_cv_env_PYTHONPATH_value=
ac_cv_env_QR_CFLAGS_set=
ac_cv_env_QR_CFLAGS_value=
ac_cv_env_QR_LIBS_set=
ac_cv_env_QR_LIBS_value=
ac_cv_env_QT4_CFLAGS_set=
ac_cv_env_QT4_CFLAGS_value=
ac_cv_env_QT4_LIBS_set=
ac_cv_env_QT4_LIBS_value=
ac_cv_env_QT5_CFLAGS_set=
ac_cv_env_QT5_CFLAGS_value=
ac_cv_env_QT5_LIBS_set=
ac_cv_env_QT5_LIBS_value=
ac_cv_env_QTPLATFORM_CFLAGS_set=
ac_cv_env_QTPLATFORM_CFLAGS_value=
ac_cv_env_QTPLATFORM_LIBS_set=
ac_cv_env_QTPLATFORM_LIBS_value=
ac_cv_env_QTPRINT_CFLAGS_set=
ac_cv_env_QTPRINT_CFLAGS_value=
ac_cv_env_QTPRINT_LIBS_set=
ac_cv_env_QTPRINT_LIBS_value=
ac_cv_env_QTXCBQPA_CFLAGS_set=
ac_cv_env_QTXCBQPA_CFLAGS_value=
ac_cv_env_QTXCBQPA_LIBS_set=
ac_cv_env_QTXCBQPA_LIBS_value=
ac_cv_env_QT_DBUS_CFLAGS_set=
ac_cv_env_QT_DBUS_CFLAGS_value=
ac_cv_env_QT_DBUS_LIBS_set=
ac_cv_env_QT_DBUS_LIBS_value=
ac_cv_env_QT_TEST_CFLAGS_set=
ac_cv_env_QT_TEST_CFLAGS_value=
ac_cv_env_QT_TEST_LIBS_set=
ac_cv_env_QT_TEST_LIBS_value=
ac_cv_env_SSL_CFLAGS_set=
ac_cv_env_SSL_CFLAGS_value=
ac_cv_env_SSL_LIBS_set=
ac_cv_env_SSL_LIBS_value=
ac_cv_env_UNIVALUE_CFLAGS_set=
ac_cv_env_UNIVALUE_CFLAGS_value=
ac_cv_env_UNIVALUE_LIBS_set=
ac_cv_env_UNIVALUE_LIBS_value=
ac_cv_env_X11XCB_CFLAGS_set=
ac_cv_env_X11XCB_CFLAGS_value=
ac_cv_env_X11XCB_LIBS_set=
ac_cv_env_X11XCB_LIBS_value=
ac_cv_env_ZMQ_CFLAGS_set=
ac_cv_env_ZMQ_CFLAGS_value=
ac_cv_env_ZMQ_LIBS_set=
ac_cv_env_ZMQ_LIBS_value=
ac_cv_env_build_alias_set=
ac_cv_env_build_alias_value=
ac_cv_env_host_alias_set=
ac_cv_env_host_alias_value=
ac_cv_env_target_alias_set=
ac_cv_env_target_alias_value=
ac_cv_func_strerror_r=yes
ac_cv_func_strerror_r_char_p=yes
ac_cv_have_decl_EVP_MD_CTX_new=no
ac_cv_have_decl___builtin_clz=yes
ac_cv_have_decl___builtin_clzl=yes
ac_cv_have_decl___builtin_clzll=yes
ac_cv_have_decl_be16toh=yes
ac_cv_have_decl_be32toh=yes
ac_cv_have_decl_be64toh=yes
ac_cv_have_decl_bswap_16=yes
ac_cv_have_decl_bswap_32=yes
ac_cv_have_decl_bswap_64=yes
ac_cv_have_decl_daemon=yes
ac_cv_have_decl_htobe16=yes
ac_cv_have_decl_htobe32=yes
ac_cv_have_decl_htobe64=yes
ac_cv_have_decl_htole16=yes
ac_cv_have_decl_htole32=yes
ac_cv_have_decl_htole64=yes
ac_cv_have_decl_le16toh=yes
ac_cv_have_decl_le32toh=yes
ac_cv_have_decl_le64toh=yes
ac_cv_have_decl_strerror_r=yes
ac_cv_have_decl_strnlen=yes
ac_cv_header_byteswap_h=yes
ac_cv_header_dlfcn_h=yes
ac_cv_header_endian_h=yes
ac_cv_header_inttypes_h=yes
ac_cv_header_memory_h=yes
ac_cv_header_miniupnpc_miniupnpc_h=no
ac_cv_header_miniupnpc_miniwget_h=no
ac_cv_header_miniupnpc_upnpcommands_h=no
ac_cv_header_miniupnpc_upnperrors_h=no
ac_cv_header_stdc=yes
ac_cv_header_stdint_h=yes
ac_cv_header_stdio_h=yes
ac_cv_header_stdlib_h=yes
ac_cv_header_string_h=yes
ac_cv_header_strings_h=yes
ac_cv_header_sys_endian_h=no
ac_cv_header_sys_prctl_h=yes
ac_cv_header_sys_select_h=yes
ac_cv_header_sys_stat_h=yes
ac_cv_header_sys_types_h=yes
ac_cv_header_unistd_h=yes
ac_cv_host=x86_64-pc-linux-gnu
ac_cv_lib_boost_chrono___exit=yes
ac_cv_lib_boost_filesystem___exit=yes
ac_cv_lib_boost_program_options___exit=yes
ac_cv_lib_boost_random___exit=yes
ac_cv_lib_boost_system___exit=yes
ac_cv_lib_boost_thread___exit=yes
ac_cv_lib_db_cxx_4_8___main=yes
ac_cv_objcxx_compiler_gnu=no
ac_cv_objext=o
ac_cv_path_EGREP='/bin/grep -E'
ac_cv_path_FGREP='/bin/grep -F'
ac_cv_path_GIT=/usr/bin/git
ac_cv_path_GREP=/bin/grep
ac_cv_path_HEXDUMP=/usr/bin/hexdump
ac_cv_path_LRELEASE=/usr/lib/x86_64-linux-gnu/qt5/bin/lrelease
ac_cv_path_LUPDATE=/usr/lib/x86_64-linux-gnu/qt5/bin/lupdate
ac_cv_path_MOC=/usr/lib/x86_64-linux-gnu/qt5/bin/moc
ac_cv_path_PROTOC=/usr/bin/protoc
ac_cv_path_PYTHON=/usr/bin/python3.5
ac_cv_path_RCC=/usr/lib/x86_64-linux-gnu/qt5/bin/rcc
ac_cv_path_SED=/bin/sed
ac_cv_path_UIC=/usr/lib/x86_64-linux-gnu/qt5/bin/uic
ac_cv_path_ac_pt_AR=/usr/bin/ar
ac_cv_path_ac_pt_CPPFILT=/usr/bin/c++filt
ac_cv_path_ac_pt_GCOV=/usr/bin/gcov
ac_cv_path_ac_pt_OBJCOPY=/usr/bin/objcopy
ac_cv_path_ac_pt_PKG_CONFIG=/usr/bin/pkg-config
ac_cv_path_ac_pt_RANLIB=/usr/bin/ranlib
ac_cv_path_ac_pt_READELF=/usr/bin/readelf
ac_cv_path_ac_pt_STRIP=/usr/bin/strip
ac_cv_path_install='/usr/bin/install -c'
ac_cv_path_lt_DD=/bin/dd
ac_cv_path_mkdir=/bin/mkdir
ac_cv_prog_AWK=gawk
ac_cv_prog_CPP='gcc -E'
ac_cv_prog_CXXCPP='g++ -std=c++11 -E'
ac_cv_prog_ac_ct_AR=ar
ac_cv_prog_ac_ct_CC=gcc
ac_cv_prog_ac_ct_CXX=g++
ac_cv_prog_ac_ct_MANIFEST_TOOL=mt
ac_cv_prog_ac_ct_OBJDUMP=objdump
ac_cv_prog_ac_ct_RANLIB=ranlib
ac_cv_prog_ac_ct_STRIP=strip
ac_cv_prog_cc_c89=
ac_cv_prog_cc_g=yes
ac_cv_prog_cxx_g=yes
ac_cv_prog_make_make_set=yes
ac_cv_prog_objcxx_g=no
ac_cv_search_clock_gettime='none required'
ac_cv_sys_file_offset_bits=no
ac_cv_sys_largefile_CC=no
am_cv_CC_dependencies_compiler_type=gcc3
am_cv_CXX_dependencies_compiler_type=gcc3
am_cv_OBJCXX_dependencies_compiler_type=gcc3
am_cv_make_support_nested_variables=yes
am_cv_prog_cc_c_o=yes
ax_cv_PTHREAD_CLANG=no
ax_cv_PTHREAD_JOINABLE_ATTR=PTHREAD_CREATE_JOINABLE
ax_cv_PTHREAD_PRIO_INHERIT=yes
ax_cv_PTHREAD_SPECIAL_FLAGS=no
ax_cv_boost_chrono=yes
ax_cv_boost_filesystem=yes
ax_cv_boost_program_options=yes
ax_cv_boost_random=yes
ax_cv_boost_system=yes
ax_cv_boost_thread=yes
ax_cv_boost_unit_test_framework=yes
ax_cv_check_cxxcppflags___D_FORTIFY_SOURCE_2=yes
ax_cv_check_cxxcppflags___U_FORTIFY_SOURCE=yes
ax_cv_check_cxxflags__Wall=yes
ax_cv_check_cxxflags__Wdeprecated_register=no
ax_cv_check_cxxflags__Wextra=yes
ax_cv_check_cxxflags__Wformat=yes
ax_cv_check_cxxflags__Wformat_security=yes
ax_cv_check_cxxflags__Wimplicit_fallthrough=no
ax_cv_check_cxxflags__Wno_unknown_pragmas=yes
ax_cv_check_cxxflags__Wself_assign=no
ax_cv_check_cxxflags__Wunused_local_typedef=no
ax_cv_check_cxxflags__Wunused_parameter=yes
ax_cv_check_cxxflags__Wvla=yes
ax_cv_check_cxxflags___Werror=yes
ax_cv_check_cxxflags___Wstack_protector=yes
ax_cv_check_cxxflags___fPIC=yes
ax_cv_check_cxxflags___fPIE=yes
ax_cv_check_cxxflags___fstack_protector_all=yes
ax_cv_check_cxxflags__msse4_2=yes
ax_cv_check_ldflags___Wl___dynamicbase=no
ax_cv_check_ldflags___Wl___high_entropy_va=no
ax_cv_check_ldflags___Wl___large_address_aware=no
ax_cv_check_ldflags___Wl___nxcompat=no
ax_cv_check_ldflags___Wl__z_now=yes
ax_cv_check_ldflags___Wl__z_relro=yes
ax_cv_check_ldflags___pie=yes
ax_cv_cxx_compile_cxx11__std_cpp11=yes
ax_cv_have_func_attribute_dllexport=no
ax_cv_have_func_attribute_dllimport=no
ax_cv_have_func_attribute_visibility=yes
bitcoin_cv_static_qt=no
lt_cv_ar_at_file=@
lt_cv_archive_cmds_need_lc=no
lt_cv_deplibs_check_method=pass_all
lt_cv_file_magic_cmd='$MAGIC_CMD'
lt_cv_file_magic_test_file=
lt_cv_ld_reload_flag=-r
lt_cv_nm_interface='BSD nm'
lt_cv_objdir=.libs
lt_cv_path_LD=/usr/bin/ld
lt_cv_path_LDCXX='/usr/bin/ld -m elf_x86_64'
lt_cv_path_NM='/usr/bin/nm -B'
lt_cv_path_mainfest_tool=no
lt_cv_prog_compiler_c_o=yes
lt_cv_prog_compiler_c_o_CXX=yes
lt_cv_prog_compiler_pic='-fPIC -DPIC'
lt_cv_prog_compiler_pic_CXX='-fPIC -DPIC'
lt_cv_prog_compiler_pic_works=yes
lt_cv_prog_compiler_pic_works_CXX=yes
lt_cv_prog_compiler_rtti_exceptions=no
lt_cv_prog_compiler_static_works=yes
lt_cv_prog_compiler_static_works_CXX=yes
lt_cv_prog_gnu_ld=yes
lt_cv_prog_gnu_ldcxx=yes
lt_cv_sharedlib_from_linklib_cmd='printf %s\n'
lt_cv_shlibpath_overrides_runpath=no
lt_cv_sys_global_symbol_pipe='sed -n -e '\''s/^.*[	 ]\([ABCDGIRSTW][ABCDGIRSTW]*\)[	 ][	 ]*\([_A-Za-z][_A-Za-z0-9]*\)$/\1 \2 \2/p'\'' | sed '\''/ __gnu_lto/d'\'''
lt_cv_sys_global_symbol_to_c_name_address='sed -n -e '\''s/^: \(.*\) .*$/  {"\1", (void *) 0},/p'\'' -e '\''s/^[ABCDGIRSTW][ABCDGIRSTW]* .* \(.*\)$/  {"\1", (void *) \&\1},/p'\'''
lt_cv_sys_global_symbol_to_c_name_address_lib_prefix='sed -n -e '\''s/^: \(.*\) .*$/  {"\1", (void *) 0},/p'\'' -e '\''s/^[ABCDGIRSTW][ABCDGIRSTW]* .* \(lib.*\)$/  {"\1", (void *) \&\1},/p'\'' -e '\''s/^[ABCDGIRSTW][ABCDGIRSTW]* .* \(.*\)$/  {"lib\1", (void *) \&\1},/p'\'''
lt_cv_sys_global_symbol_to_cdecl='sed -n -e '\''s/^T .* \(.*\)$/extern int \1();/p'\'' -e '\''s/^[ABCDGIRSTW][ABCDGIRSTW]* .* \(.*\)$/extern char \1;/p'\'''
lt_cv_sys_global_symbol_to_import=
lt_cv_sys_max_cmd_len=1572864
lt_cv_to_host_file_cmd=func_convert_file_noop
lt_cv_to_tool_file_cmd=func_convert_file_noop
lt_cv_truncate_bin='/bin/dd bs=4096 count=1'
pkg_cv_CRYPTO_CFLAGS=
pkg_cv_CRYPTO_LIBS=-lcrypto
pkg_cv_EVENT_CFLAGS=
pkg_cv_EVENT_LIBS=-levent
pkg_cv_EVENT_PTHREADS_CFLAGS=-pthread
pkg_cv_EVENT_PTHREADS_LIBS='-levent_pthreads -levent'
pkg_cv_PROTOBUF_CFLAGS=-pthread
pkg_cv_PROTOBUF_LIBS='-lprotobuf -pthread -lpthread'
pkg_cv_QT5_CFLAGS='-I/usr/include/x86_64-linux-gnu/qt5/QtNetwork -I/usr/include/x86_64-linux-gnu/qt5 -I/usr/include/x86_64-linux-gnu/qt5/QtWidgets -I/usr/include/x86_64-linux-gnu/qt5 -I/usr/include/x86_64-linux-gnu/qt5/QtGui -I/usr/include/x86_64-linux-gnu/qt5 -I/usr/include/x86_64-linux-gnu/qt5/QtCore -I/usr/include/x86_64-linux-gnu/qt5'
pkg_cv_QT5_LIBS='-lQt5Network -lQt5Widgets -lQt5Gui -lQt5Core'
pkg_cv_QT_DBUS_CFLAGS='-I/usr/include/x86_64-linux-gnu/qt5/QtDBus -I/usr/include/x86_64-linux-gnu/qt5 -I/usr/include/x86_64-linux-gnu/qt5/QtCore -I/usr/include/x86_64-linux-gnu/qt5'
pkg_cv_QT_DBUS_LIBS='-lQt5DBus -lQt5Core'
pkg_cv_QT_TEST_CFLAGS='-I/usr/include/x86_64-linux-gnu/qt5/QtTest -I/usr/include/x86_64-linux-gnu/qt5 -I/usr/include/x86_64-linux-gnu/qt5/QtCore -I/usr/include/x86_64-linux-gnu/qt5'
pkg_cv_QT_TEST_LIBS='-lQt5Test -lQt5Core'
pkg_cv_SSL_CFLAGS=
pkg_cv_SSL_LIBS=-lssl

## ----------------- ##
## Output variables. ##
## ----------------- ##

ACLOCAL='${SHELL} /data/yaoyf/tsc-pow-sha3/build-aux/missing aclocal-1.15'
AMDEPBACKSLASH='\'
AMDEP_FALSE='#'
AMDEP_TRUE=''
AMTAR='$${TAR-tar}'
AM_BACKSLASH='\'
AM_DEFAULT_V='$(AM_DEFAULT_VERBOSITY)'
AM_DEFAULT_VERBOSITY='0'
AM_V='$(V)'
AR='/usr/bin/ar'
ARFLAGS='cr'
AUTOCONF='${SHELL} /data/yaoyf/tsc-pow-sha3/build-aux/missing autoconf'
AUTOHEADER='${SHELL} /data/yaoyf/tsc-pow-sha3/build-aux/missing autoheader'
AUTOMAKE='${SHELL} /data/yaoyf/tsc-pow-sha3/build-aux/missing automake-1.15'
AWK='gawk'
BDB_CFLAGS=''
BDB_CPPFLAGS=''
BDB_LIBS='-ldb_cxx-4.8'
BITCOIN_CLI_NAME='tsc-cli'
BITCOIN_DAEMON_NAME='tscd'
BITCOIN_GUI_NAME='tsc-qt'
BITCOIN_TX_NAME='tsc-tx'
BOOST_CHRONO_LIB='-lboost_chrono'
BOOST_CPPFLAGS='-DBOOST_SP_USE_STD_ATOMIC -DBOOST_AC_USE_STD_ATOMIC -pthread -I/usr/include'
BOOST_FILESYSTEM_LIB='-lboost_filesystem'
BOOST_LDFLAGS='-L/usr/lib/x86_64-linux-gnu'
BOOST_LIBS='-L/usr/lib/x86_64-linux-gnu -lboost_system -lboost_filesystem -lboost_program_options -lboost_thread -lboost_chrono -lboost_random'
BOOST_PROGRAM_OPTIONS_LIB='-lboost_program_options'
BOOST_RANDOM_LIB='-lboost_random'
BOOST_SYSTEM_LIB='-lboost_system'
BOOST_THREAD_LIB='-lboost_thread'
BOOST_UNIT_TEST_FRAMEWORK_LIB='-lboost_unit_test_framework'
BREW=''
BUILD_BITCOIND_FALSE='#'
BUILD_BITCOIND_TRUE=''
BUILD_BITCOIN_LIBS_FALSE='#'
BUILD_BITCOIN_LIBS_TRUE=''
BUILD_BITCOIN_UTILS_FALSE='#'
BUILD_BITCOIN_UTILS_TRUE=''
BUILD_DARWIN_FALSE=''
BUILD_DARWIN_TRUE='#'
CC='gcc'
CCACHE=''
CCDEPMODE='depmode=gcc3'
CFLAGS='-g -O2'
CLIENT_VERSION_BUILD='0'
CLIENT_VERSION_IS_RELEASE='true'
CLIENT_VERSION_MAJOR='0'
CLIENT_VERSION_MINOR='15'
CLIENT_VERSION_REVISION='2'
COPYRIGHT_HOLDERS='The %s developers'
COPYRIGHT_HOLDERS_FINAL='The Tsc Core developers'
COPYRIGHT_HOLDERS_SUBSTITUTION='Tsc Core'
COPYRIGHT_YEAR='2018'
CPP='gcc -E'
CPPFILT='/usr/bin/c++filt'
CPPFLAGS=' -DTSC_BUILD -DHAVE_BUILD_INFO -D__STDC_FORMAT_MACROS'
CRYPTOPP_CPPFLAGS=''
CRYPTOPP_TARGET_FLAGS=''
CRYPTO_CFLAGS=''
CRYPTO_LIBS='-lcrypto'
CXX='g++ -std=c++11'
CXXCPP='g++ -std=c++11 -E'
CXXDEPMODE='depmode=gcc3'
CXXFLAGS='-g -O2 -Wall -Wextra -Wformat -Wvla -Wformat-security -Wno-unused-parameter -Wno-unknown-pragmas'
CYGPATH_W='echo'
DEFS='-DHAVE_CONFIG_H'
DEPDIR='.deps'
DLLTOOL='false'
DSYMUTIL=''
DUMPBIN=''
ECHO_C=''
ECHO_N='-n'
ECHO_T=''
EGREP='/bin/grep -E'
EMBEDDED_CRYPTOPP_FALSE='#'
EMBEDDED_CRYPTOPP_TRUE=''
EMBEDDED_LEVELDB_FALSE='#'
EMBEDDED_LEVELDB_TRUE=''
EMBEDDED_UNIVALUE_FALSE='#'
EMBEDDED_UNIVALUE_TRUE=''
ENABLE_BENCH_FALSE='#'
ENABLE_BENCH_TRUE=''
ENABLE_HWCRC32_FALSE='#'
ENABLE_HWCRC32_TRUE=''
ENABLE_MAN_FALSE='#'
ENABLE_MAN_TRUE=''
ENABLE_QT_FALSE='#'
ENABLE_QT_TESTS_FALSE='#'
ENABLE_QT_TESTS_TRUE=''
ENABLE_QT_TRUE=''
ENABLE_TESTS_FALSE='#'
ENABLE_TESTS_TRUE=''
ENABLE_WALLET_FALSE='#'
ENABLE_WALLET_TRUE=''
ENABLE_ZMQ_FALSE=''
ENABLE_ZMQ_TRUE='#'
ERROR_CXXFLAGS=''
EVENT_CFLAGS=''
EVENT_LIBS='-levent'
EVENT_PTHREADS_CFLAGS='-pthread'
EVENT_PTHREADS_LIBS='-levent_pthreads -levent'
EXEEXT=''
EXPERIMENTAL_ASM_FALSE=''
EXPERIMENTAL_ASM_TRUE='#'
EXTENDED_FUNCTIONAL_TESTS=''
FGREP='/bin/grep -F'
GCOV='/usr/bin/gcov'
GENHTML=''
GENISOIMAGE=''
GIT='/usr/bin/git'
GLIBC_BACK_COMPAT_FALSE=''
GLIBC_BACK_COMPAT_TRUE='#'
GREP='/bin/grep'
HARDENED_CPPFLAGS=' -U_FORTIFY_SOURCE -D_FORTIFY_SOURCE=2'
HARDENED_CXXFLAGS=' -Wstack-protector -fstack-protector-all'
HARDENED_LDFLAGS=' -Wl,-z,relro -Wl,-z,now -pie'
HARDEN_FALSE='#'
HARDEN_TRUE=''
HAVE_CXX11='1'
HEXDUMP='/usr/bin/hexdump'
IMAGEMAGICK_CONVERT=''
INSTALLNAMETOOL=''
INSTALL_DATA='${INSTALL} -m 644'
INSTALL_PROGRAM='${INSTALL}'
INSTALL_SCRIPT='${INSTALL}'
INSTALL_STRIP_PROGRAM='$(install_sh) -c -s'
LCOV=''
LCOV_OPTS=''
LD='/usr/bin/ld -m elf_x86_64'
LDFLAGS=''
LEVELDB_CPPFLAGS=''
LEVELDB_TARGET_FLAGS='-DOS_LINUX'
LIBCRYPTOPP=''
LIBLEVELDB=''
LIBMEMENV=''
LIBOBJS=''
LIBS=''
LIBTOOL='$(SHELL) $(top_builddir)/libtool'
LIBTOOL_APP_LDFLAGS=''
LIPO=''
LN_S='ln -s'
LRELEASE='/usr/lib/x86_64-linux-gnu/qt5/bin/lrelease'
LTLIBOBJS=''
LT_SYS_LIBRARY_PATH=''
LUPDATE='/usr/lib/x86_64-linux-gnu/qt5/bin/lupdate'
MAINT=''
MAINTAINER_MODE_FALSE='#'
MAINTAINER_MODE_TRUE=''
MAKEINFO='${SHELL} /data/yaoyf/tsc-pow-sha3/build-aux/missing makeinfo'
MAKENSIS=''
MANIFEST_TOOL=':'
MINIUPNPC_CPPFLAGS=''
MINIUPNPC_LIBS=''
MKDIR_P='/bin/mkdir -p'
MOC='/usr/lib/x86_64-linux-gnu/qt5/bin/moc'
MOC_DEFS='-DHAVE_CONFIG_H -I$(srcdir)'
NM='/usr/bin/nm -B'
NMEDIT=''
OBJCOPY='/usr/bin/objcopy'
OBJCXX='g++ -std=c++11'
OBJCXXDEPMODE='depmode=gcc3'
OBJCXXFLAGS=''
OBJDUMP='objdump'
OBJEXT='o'
OTOOL64=''
OTOOL=''
PACKAGE='tsc'
PACKAGE_BUGREPORT='https://github.com/tscproject/tsc/issues'
PACKAGE_NAME='Tsc Core'
PACKAGE_STRING='Tsc Core 0.15.2'
PACKAGE_TARNAME='tsc'
PACKAGE_URL='https://tsc.org/'
PACKAGE_VERSION='0.15.2'
PATH_SEPARATOR=':'
PIC_FLAGS='-fPIC'
PIE_FLAGS='-fPIE'
PKG_CONFIG='/usr/bin/pkg-config'
PKG_CONFIG_LIBDIR=''
PKG_CONFIG_PATH=''
PORT=''
PROTOBUF_CFLAGS='-pthread'
PROTOBUF_LIBS='-lprotobuf -pthread -lpthread'
PROTOC='/usr/bin/protoc'
PTHREAD_CC='gcc'
PTHREAD_CFLAGS='-pthread'
PTHREAD_LIBS=''
PYTHON='/usr/bin/python3.5'
PYTHONPATH=''
QR_CFLAGS=''
QR_LIBS=''
QT4_CFLAGS=''
QT4_LIBS=''
QT5_CFLAGS='-I/usr/include/x86_64-linux-gnu/qt5/QtNetwork -I/usr/include/x86_64-linux-gnu/qt5 -I/usr/include/x86_64-linux-gnu/qt5/QtWidgets -I/usr/include/x86_64-linux-gnu/qt5 -I/usr/include/x86_64-linux-gnu/qt5/QtGui -I/usr/include/x86_64-linux-gnu/qt5 -I/usr/include/x86_64-linux-gnu/qt5/QtCore -I/usr/include/x86_64-linux-gnu/qt5'
QT5_LIBS='-lQt5Network -lQt5Widgets -lQt5Gui -lQt5Core'
QTPLATFORM_CFLAGS=''
QTPLATFORM_LIBS=''
QTPRINT_CFLAGS=''
QTPRINT_LIBS=''
QTXCBQPA_CFLAGS=''
QTXCBQPA_LIBS=''
QT_DBUS_CFLAGS='-I/usr/include/x86_64-linux-gnu/qt5/QtDBus -I/usr/include/x86_64-linux-gnu/qt5 -I/usr/include/x86_64-linux-gnu/qt5/QtCore -I/usr/include/x86_64-linux-gnu/qt5'
QT_DBUS_INCLUDES='-I/usr/include/x86_64-linux-gnu/qt5/QtDBus -I/usr/include/x86_64-linux-gnu/qt5 -I/usr/include/x86_64-linux-gnu/qt5/QtCore -I/usr/include/x86_64-linux-gnu/qt5'
QT_DBUS_LIBS='-lQt5DBus -lQt5Core'
QT_INCLUDES='-I/usr/include/x86_64-linux-gnu/qt5/QtNetwork -I/usr/include/x86_64-linux-gnu/qt5 -I/usr/include/x86_64-linux-gnu/qt5/QtWidgets -I/usr/include/x86_64-linux-gnu/qt5 -I/usr/include/x86_64-linux-gnu/qt5/QtGui -I/usr/include/x86_64-linux-gnu/qt5 -I/usr/include/x86_64-linux-gnu/qt5/QtCore -I/usr/include/x86_64-linux-gnu/qt5'
QT_LDFLAGS=''
QT_LIBS='-lQt5Network -lQt5Widgets -lQt5Gui -lQt5Core'
QT_PIE_FLAGS='-fPIC'
QT_SELECT='qt5'
QT_TEST_CFLAGS='-I/usr/include/x86_64-linux-gnu/qt5/QtTest -I/usr/include/x86_64-linux-gnu/qt5 -I/usr/include/x86_64-linux-gnu/qt5/QtCore -I/usr/include/x86_64-linux-gnu/qt5'
QT_TEST_INCLUDES='-I/usr/include/x86_64-linux-gnu/qt5/QtTest -I/usr/include/x86_64-linux-gnu/qt5 -I/usr/include/x86_64-linux-gnu/qt5/QtCore -I/usr/include/x86_64-linux-gnu/qt5'
QT_TEST_LIBS='-lQt5Test -lQt5Core'
QT_TRANSLATION_DIR=''
RANLIB='/usr/bin/ranlib'
RCC='/usr/lib/x86_64-linux-gnu/qt5/bin/rcc'
READELF='/usr/bin/readelf'
RELDFLAGS=''
RSVG_CONVERT=''
SED='/bin/sed'
SET_MAKE=''
SHELL='/bin/bash'
SSE42_CXXFLAGS='-msse4.2'
SSL_CFLAGS=''
SSL_LIBS='-lssl'
STRIP='/usr/bin/strip'
TARGET_DARWIN_FALSE=''
TARGET_DARWIN_TRUE='#'
TARGET_WINDOWS_FALSE=''
TARGET_WINDOWS_TRUE='#'
TESTDEFS=' -DBOOST_TEST_DYN_LINK'
TIFFCP=''
UIC='/usr/lib/x86_64-linux-gnu/qt5/bin/uic'
UNIVALUE_CFLAGS='-I$(srcdir)/univalue/include'
UNIVALUE_LIBS='univalue/libunivalue.la'
USE_LCOV_FALSE=''
USE_LCOV_TRUE='#'
USE_QRCODE=''
USE_QRCODE_FALSE=''
USE_QRCODE_TRUE='#'
USE_UPNP=''
VERSION='0.15.2'
WINDOWS_BITS=''
WINDRES=''
X11XCB_CFLAGS=''
X11XCB_LIBS=''
XGETTEXT=''
ZMQ_CFLAGS=''
ZMQ_LIBS=''
ac_ct_AR='ar'
ac_ct_CC='gcc'
ac_ct_CXX='g++'
ac_ct_DUMPBIN=''
ac_ct_OBJCXX=''
am__EXEEXT_FALSE=''
am__EXEEXT_TRUE='#'
am__fastdepCC_FALSE='#'
am__fastdepCC_TRUE=''
am__fastdepCXX_FALSE='#'
am__fastdepCXX_TRUE=''
am__fastdepOBJCXX_FALSE='#'
am__fastdepOBJCXX_TRUE=''
am__include='include'
am__isrc=''
am__leading_dot='.'
am__nodep='_no'
am__quote=''
am__tar='$${TAR-tar} chof - "$$tardir"'
am__untar='$${TAR-tar} xf -'
ax_pthread_config=''
bindir='${exec_prefix}/bin'
build='x86_64-pc-linux-gnu'
build_alias=''
build_cpu='x86_64'
build_os='linux-gnu'
build_vendor='pc'
datadir='${datarootdir}'
datarootdir='${prefix}/share'
docdir='${datarootdir}/doc/${PACKAGE_TARNAME}'
dvidir='${docdir}'
exec_prefix='${prefix}'
host='x86_64-pc-linux-gnu'
host_alias=''
host_cpu='x86_64'
host_os='linux-gnu'
host_vendor='pc'
htmldir='${docdir}'
includedir='${prefix}/include'
infodir='${datarootdir}/info'
install_sh='${SHELL} /data/yaoyf/tsc-pow-sha3/build-aux/install-sh'
libdir='${exec_prefix}/lib'
libexecdir='${exec_prefix}/libexec'
localedir='${datarootdir}/locale'
localstatedir='${prefix}/var'
mandir='${datarootdir}/man'
mkdir_p='$(MKDIR_P)'
oldincludedir='/usr/include'
pdfdir='${docdir}'
prefix='/usr/local'
program_transform_name='s,x,x,'
psdir='${docdir}'
runstatedir='${localstatedir}/run'
sbindir='${exec_prefix}/sbin'
sharedstatedir='${prefix}/com'
subdirs=' src/univalue src/secp256k1'
sysconfdir='${prefix}/etc'
target_alias=''

## ----------- ##
## confdefs.h. ##
## ----------- ##

/* confdefs.h */
#define PACKAGE_NAME "Tsc Core"
#define PACKAGE_TARNAME "tsc"
#define PACKAGE_VERSION "0.15.2"
#define PACKAGE_STRING "Tsc Core 0.15.2"
#define PACKAGE_BUGREPORT "https://github.com/tscproject/tsc/issues"
#define PACKAGE_URL "https://tsc.org/"
#define HAVE_CXX11 1
#define STDC_HEADERS 1
#define HAVE_SYS_TYPES_H 1
#define HAVE_SYS_STAT_H 1
#define HAVE_STDLIB_H 1
#define HAVE_STRING_H 1
#define HAVE_MEMORY_H 1
#define HAVE_STRINGS_H 1
#define HAVE_INTTYPES_H 1
#define HAVE_STDINT_H 1
#define HAVE_UNISTD_H 1
#define HAVE_DLFCN_H 1
#define LT_OBJDIR ".libs/"
#define HAVE_PTHREAD_PRIO_INHERIT 1
#define HAVE_PTHREAD 1
#define HAVE_DECL_STRERROR_R 1
#define HAVE_STRERROR_R 1
#define STRERROR_R_CHAR_P 1
#define HAVE_FUNC_ATTRIBUTE_VISIBILITY 1
#define HAVE_ENDIAN_H 1
#define HAVE_BYTESWAP_H 1
#define HAVE_STDIO_H 1
#define HAVE_STDLIB_H 1
#define HAVE_UNISTD_H 1
#define HAVE_STRINGS_H 1
#define HAVE_SYS_TYPES_H 1
#define HAVE_SYS_STAT_H 1
#define HAVE_SYS_SELECT_H 1
#define HAVE_SYS_PRCTL_H 1
#define HAVE_DECL_STRNLEN 1
#define HAVE_DECL_DAEMON 1
#define HAVE_DECL_LE16TOH 1
#define HAVE_DECL_LE32TOH 1
#define HAVE_DECL_LE64TOH 1
#define HAVE_DECL_HTOLE16 1
#define HAVE_DECL_HTOLE32 1
#define HAVE_DECL_HTOLE64 1
#define HAVE_DECL_BE16TOH 1
#define HAVE_DECL_BE32TOH 1
#define HAVE_DECL_BE64TOH 1
#define HAVE_DECL_HTOBE16 1
#define HAVE_DECL_HTOBE32 1
#define HAVE_DECL_HTOBE64 1
#define HAVE_DECL_BSWAP_16 1
#define HAVE_DECL_BSWAP_32 1
#define HAVE_DECL_BSWAP_64 1
#define HAVE_DECL___BUILTIN_CLZ 1
#define HAVE_DECL___BUILTIN_CLZL 1
#define HAVE_DECL___BUILTIN_CLZLL 1
#define HAVE_MSG_NOSIGNAL 1
#define HAVE_MSG_DONTWAIT 1
#define HAVE_MALLOC_INFO 1
#define HAVE_MALLOPT_ARENA_MAX 1
#define HAVE_VISIBILITY_ATTRIBUTE 1
#define HAVE_SYS_GETRANDOM 1
#define HAVE_BOOST /**/
#define HAVE_BOOST_SYSTEM /**/
#define HAVE_BOOST_FILESYSTEM /**/
#define HAVE_BOOST_PROGRAM_OPTIONS /**/
#define HAVE_BOOST_THREAD /**/
#define HAVE_BOOST_RANDOM /**/
#define HAVE_BOOST_CHRONO /**/
#define HAVE_BOOST_UNIT_TEST_FRAMEWORK /**/
#define HAVE_WORKING_BOOST_SLEEP_FOR 1
#define ENABLE_ZMQ 0
#define HAVE_DECL_EVP_MD_CTX_NEW 0
#define HAVE_CONSENSUS_LIB 1
#define ENABLE_WALLET 1
#define USE_DBUS 1
#define CLIENT_VERSION_MAJOR 0
#define CLIENT_VERSION_MINOR 15
#define CLIENT_VERSION_REVISION 2
#define CLIENT_VERSION_BUILD 0
#define CLIENT_VERSION_IS_RELEASE true
#define COPYRIGHT_YEAR 2018
#define COPYRIGHT_HOLDERS "The %s developers"
#define COPYRIGHT_HOLDERS_SUBSTITUTION "Tsc Core"
#define COPYRIGHT_HOLDERS_FINAL "The Tsc Core developers"

configure: exit 0
